(530 ns) Cold reset assert
(810 ns) [M] 0000000000000000:f1402573 csrr a0,mhartid
  a0        0000000000000000
(830 ns) [M] 0000000000000004:40000593 li a1,1024
  a1        0000000000000400
(850 ns) [M] 0000000000000008:301022f3 csrr t0,misa
  t0        8000000000141115
(870 ns) [M] 000000000000000c:0202ce63 bltz t0,00000048
(1250 ns) [M] 0000000000000048:00d0029b addiw t0,zero,13
  t0        000000000000000d
(1270 ns) [M] 000000000000004c:03929293 slli t0,t0,0x39
  t0        1a00000000000000
(1450 ns) [M] 0000000000000050:3c229073 csrw pmacfg2,t0
  pmacfg2   1a00000000000000
(1470 ns) [M] 0000000000000054:00000297 auipc t0,0x0
  t0        0000000000000054
(1730 ns) [M] 0000000000000058:0342b283 ld t0,52(t0)
  LOAD  MEM[00000088]: 00000000 80000000
  t0        0000000080000000
(1750 ns) [M] 000000000000005c:00000317 auipc t1,0x0
  t1        000000000000005c
(2090 ns) [M] 0000000000000060:03433303 ld t1,52(t1)
  LOAD  MEM[00000090]: 00000000 80000000
  t1        0000000080000000
(2150 ns) [M] 0000000000000064:fff30313 addi t1,t1,-1
  t1        000000007fffffff
(2170 ns) [M] 0000000000000068:00135313 srli t1,t1,0x1
  t1        000000003fffffff
(2190 ns) [M] 000000000000006c:0062e2b3 or t0,t0,t1
  t0        00000000bfffffff
(2210 ns) [M] 0000000000000070:0022d293 srli t0,t0,0x2
  t0        000000002fffffff
(2230 ns) [M] 0000000000000074:3df29073 csrw pmaaddr15,t0
  pmaaddr15  000000002fffffff
(2250 ns) [M] 0000000000000078:00000097 auipc ra,0x0
  ra        0000000000000078
(2270 ns) [M] 000000000000007c:0100b083 ld ra,16(ra)
  LOAD  MEM[00000088]: 00000000 80000000
  ra        0000000080000000
(2450 ns) [M] 0000000000000080:00008067 ret
(3050 ns) [M] 0000000080000000:04c0006f j 8000004c
(3570 ns) [M] 000000008000004c:00000093 li ra,0
  ra        0000000000000000
(4270 ns) [M] 0000000080000050:00000113 li sp,0
  sp        0000000000000000
(4290 ns) [M] 0000000080000054:00000193 li gp,0
  gp        0000000000000000
(4310 ns) [M] 0000000080000058:00000213 li tp,0
  tp        0000000000000000
(4330 ns) [M] 000000008000005c:00000293 li t0,0
  t0        0000000000000000
(4910 ns) [M] 0000000080000060:00000313 li t1,0
  t1        0000000000000000
(4930 ns) [M] 0000000080000064:00000393 li t2,0
  t2        0000000000000000
(4950 ns) [M] 0000000080000068:00000413 li s0,0
  s0        0000000000000000
(4970 ns) [M] 000000008000006c:00000493 li s1,0
  s1        0000000000000000
(5250 ns) [M] 0000000080000070:00000513 li a0,0
  a0        0000000000000000
(5270 ns) [M] 0000000080000074:00000593 li a1,0
  a1        0000000000000000
(5290 ns) [M] 0000000080000078:00000613 li a2,0
  a2        0000000000000000
(5310 ns) [M] 000000008000007c:00000693 li a3,0
  a3        0000000000000000
(5790 ns) [M] 0000000080000080:00000713 li a4,0
  a4        0000000000000000
(5810 ns) [M] 0000000080000084:00000793 li a5,0
  a5        0000000000000000
(5830 ns) [M] 0000000080000088:00000813 li a6,0
  a6        0000000000000000
(5850 ns) [M] 000000008000008c:00000893 li a7,0
  a7        0000000000000000
(6110 ns) [M] 0000000080000090:00000913 li s2,0
  s2        0000000000000000
(6130 ns) [M] 0000000080000094:00000993 li s3,0
  s3        0000000000000000
(6150 ns) [M] 0000000080000098:00000a13 li s4,0
  s4        0000000000000000
(6170 ns) [M] 000000008000009c:00000a93 li s5,0
  s5        0000000000000000
(6350 ns) [M] 00000000800000a0:00000b13 li s6,0
  s6        0000000000000000
(6370 ns) [M] 00000000800000a4:00000b93 li s7,0
  s7        0000000000000000
(6390 ns) [M] 00000000800000a8:00000c13 li s8,0
  s8        0000000000000000
(6410 ns) [M] 00000000800000ac:00000c93 li s9,0
  s9        0000000000000000
(6790 ns) [M] 00000000800000b0:00000d13 li s10,0
  s10       0000000000000000
(6810 ns) [M] 00000000800000b4:00000d93 li s11,0
  s11       0000000000000000
(6830 ns) [M] 00000000800000b8:00000e13 li t3,0
  t3        0000000000000000
(6850 ns) [M] 00000000800000bc:00000e93 li t4,0
  t4        0000000000000000
(7030 ns) [M] 00000000800000c0:00000f13 li t5,0
  t5        0000000000000000
(7050 ns) [M] 00000000800000c4:00000f93 li t6,0
  t6        0000000000000000
(7070 ns) [M] 00000000800000c8:301022f3 csrr t0,misa
  t0        8000000000141115
(7090 ns) [M] 00000000800000cc:0202d263 bgez t0,800000f0
(7370 ns) [M] 00000000800000d0:00229293 slli t0,t0,0x2
  t0        0000000000504454
(7390 ns) [M] 00000000800000d4:0022d293 srli t0,t0,0x2
  t0        0000000000141115
(7410 ns) [M] 00000000800000d8:00100313 li t1,1
  t1        0000000000000001
(7430 ns) [M] 00000000800000dc:01f31313 slli t1,t1,0x1f
  t1        0000000080000000
(7770 ns) [M] 800000e0:01f31313 slli t1,t1,0x1f
  t1        4000000000000000
(7790 ns) [M] 800000e4:0062e2b3 or t0,t0,t1
  t0        4000000000141115
(7810 ns) [M] 800000e8:30129073 csrw misa,t0
  misa      4000000000141115
(8150 ns) [M] 800000ec:10500073 wfi
(8710 ns) Warm reset assert
(8990 ns) [M] 00000000:f1402573 csrr a0,mhartid
  a0        00000000
(9010 ns) [M] 00000004:40000593 li a1,1024
  a1        00000400
(9030 ns) [M] 00000008:301022f3 csrr t0,misa
  t0        40141115
(9050 ns) [M] 0000000c:0202ce63 bltz t0,00000048
(9230 ns) [M] 00000010:1a0002b7 lui t0,0x1a000
  t0        1a000000
(9250 ns) [M] 00000014:3c329073 csrw pmacfg3,t0
  pmacfg3   1a000000
(9270 ns) [M] 00000018:00000297 auipc t0,0x0
  t0        00000018
(9510 ns) [M] 0000001c:0702a283 lw t0,112(t0)
  LOAD  MEM[00000088]: -------- 80000000
  t0        ffffffff80000000
(9590 ns) [M] 00000020:00000317 auipc t1,0x0
  t1        00000020
(9870 ns) [M] 00000024:07032303 lw t1,112(t1)
  LOAD  MEM[00000090]: -------- 80000000
  t1        ffffffff80000000
(9930 ns) [M] 00000028:fff30313 addi t1,t1,-1
  t1        7fffffff
(9950 ns) [M] 0000002c:00135313 srli t1,t1,0x1
  t1        3fffffff
(9970 ns) [M] 00000030:0062e2b3 or t0,t0,t1
  t0        ffffffffbfffffff
(9990 ns) [M] 00000034:0022d293 srli t0,t0,0x2
  t0        2fffffff
(10010 ns) [M] 00000038:3df29073 csrw pmaaddr15,t0
  pmaaddr15  2fffffff
(10030 ns) [M] 0000003c:00000097 auipc ra,0x0
  ra        0000003c
(10210 ns) [M] 00000040:04c0a083 lw ra,76(ra)
  LOAD  MEM[00000088]: -------- 80000000
  ra        ffffffff80000000
(10270 ns) [M] 00000044:00008067 ret
(10870 ns) [M] 80000000:04c0006f j 8000004c
(11510 ns) [M] 8000004c:00000093 li ra,0
  ra        00000000
(11670 ns) [M] 80000050:00000113 li sp,0
  sp        00000000
(11690 ns) [M] 80000054:00000193 li gp,0
  gp        00000000
(11950 ns) [M] 80000058:00000213 li tp,0
  tp        00000000
(11970 ns) [M] 8000005c:00000293 li t0,0
  t0        00000000
(12190 ns) [M] 80000060:00000313 li t1,0
  t1        00000000
(12210 ns) [M] 80000064:00000393 li t2,0
  t2        00000000
(12370 ns) [M] 80000068:00000413 li s0,0
  s0        00000000
(12390 ns) [M] 8000006c:00000493 li s1,0
  s1        00000000
(12610 ns) [M] 80000070:00000513 li a0,0
  a0        00000000
(12630 ns) [M] 80000074:00000593 li a1,0
  a1        00000000
(13010 ns) [M] 80000078:00000613 li a2,0
  a2        00000000
(13030 ns) [M] 8000007c:00000693 li a3,0
  a3        00000000
(13450 ns) [M] 80000080:00000713 li a4,0
  a4        00000000
(13470 ns) [M] 80000084:00000793 li a5,0
  a5        00000000
(13610 ns) [M] 80000088:00000813 li a6,0
  a6        00000000
(13630 ns) [M] 8000008c:00000893 li a7,0
  a7        00000000
(13770 ns) [M] 80000090:00000913 li s2,0
  s2        00000000
(13790 ns) [M] 80000094:00000993 li s3,0
  s3        00000000
(14070 ns) [M] 80000098:00000a13 li s4,0
  s4        00000000
(14090 ns) [M] 8000009c:00000a93 li s5,0
  s5        00000000
(14230 ns) [M] 800000a0:00000b13 li s6,0
  s6        00000000
(14250 ns) [M] 800000a4:00000b93 li s7,0
  s7        00000000
(14390 ns) [M] 800000a8:00000c13 li s8,0
  s8        00000000
(14410 ns) [M] 800000ac:00000c93 li s9,0
  s9        00000000
(14630 ns) [M] 800000b0:00000d13 li s10,0
  s10       00000000
(14650 ns) [M] 800000b4:00000d93 li s11,0
  s11       00000000
(14870 ns) [M] 800000b8:00000e13 li t3,0
  t3        00000000
(14890 ns) [M] 800000bc:00000e93 li t4,0
  t4        00000000
(15130 ns) [M] 800000c0:00000f13 li t5,0
  t5        00000000
(15150 ns) [M] 800000c4:00000f93 li t6,0
  t6        00000000
(15450 ns) [M] 800000c8:301022f3 csrr t0,misa
  t0        40141115
(15470 ns) [M] 800000cc:0202d263 bgez t0,800000f0
(16030 ns) [M] 800000f0:f1402573 csrr a0,mhartid
  a0        00000000
(16050 ns) [M] 800000f4:00051063 bnez a0,800000f4
(16250 ns) [M] 800000f8:00000297 auipc t0,0x0
  t0        ffffffff800000f8
(16270 ns) [M] 800000fc:01028293 addi t0,t0,16
  t0        ffffffff80000108
(16530 ns) [M] 80000100:30529073 csrw mtvec,t0
  mtvec     80000108
(16550 ns) [M] 80000104:18005073 csrwi satp,0
  satp      00000000
(16690 ns) [M] 80000108:00000297 auipc t0,0x0
  t0        ffffffff80000108
(16710 ns) [M] 8000010c:02028293 addi t0,t0,32
  t0        ffffffff80000128
(16890 ns) [M] 80000110:30529073 csrw mtvec,t0
  mtvec     80000128
(16910 ns) [M] 80000114:800002b7 lui t0,0x80000
  t0        ffffffff80000000
(17050 ns) [M] 80000118:fff28293 addi t0,t0,-1
  t0        7fffffff
(17070 ns) [M] 8000011c:3b029073 csrw pmpaddr0,t0
  pmpaddr0  7fffffff
(17330 ns) [M] 80000120:01f00293 li t0,31
  t0        0000001f
(17350 ns) [M] 80000124:3a029073 csrw pmpcfg0,t0
  pmpcfg0   0000001f
(17590 ns) [M] 80000128:30405073 csrwi mie,0
  mie       00000000
(17610 ns) [M] 8000012c:00000297 auipc t0,0x0
  t0        ffffffff8000012c
(17750 ns) [M] 80000130:01428293 addi t0,t0,20
  t0        ffffffff80000140
(17770 ns) [M] 80000134:30529073 csrw mtvec,t0
  mtvec     80000140
(18030 ns) [M] 80000138:30205073 csrwi medeleg,0
  medeleg   00000000
(18050 ns) [M] 8000013c:30305073 csrwi mideleg,0
  mideleg   00000000
(18210 ns) [M] 80000140:00000193 li gp,0
  gp        00000000
(18230 ns) [M] 80000144:00000297 auipc t0,0x0
  t0        ffffffff80000144
(18450 ns) [M] 80000148:ec028293 addi t0,t0,-320
  t0        ffffffff80000004
(18470 ns) [M] 8000014c:30529073 csrw mtvec,t0
  mtvec     80000004
(18630 ns) [M] 80000150:00100513 li a0,1
  a0        00000001
(18650 ns) [M] 80000154:01f51513 slli a0,a0,0x1f
  a0        ffffffff80000000
(18790 ns) [M] 80000158:00054c63 bltz a0,80000170
(19370 ns) [M] 80000170:00000293 li t0,0
  t0        00000000
(19390 ns) [M] 80000174:00028a63 beqz t0,80000188
(20030 ns) [M] 80000188:30005073 csrwi mstatus,0
  mstatus   00000000
(20050 ns) [M] 8000018c:00002537 lui a0,0x2
  a0        00002000
(20310 ns) [M] 80000190:80050513 addi a0,a0,-2048
  a0        00001800
(20330 ns) [M] 80000194:30052073 csrs mstatus,a0
  mstatus   00001800
(20470 ns) [M] 80000198:00000297 auipc t0,0x0
  t0        ffffffff80000198
(20490 ns) [M] 8000019c:01428293 addi t0,t0,20
  t0        ffffffff800001ac
(20750 ns) [M] 800001a0:34129073 csrw mepc,t0
  mepc      800001ac
(20770 ns) [M] 800001a4:f1402573 csrr a0,mhartid
  a0        00000000
(20910 ns) [M] 800001a8:30200073 mret
(21550 ns) [M] 800001ac:80000537 lui a0,0x80000
  a0        ffffffff80000000
(21770 ns) [M] 800001b0:00002597 auipc a1,0x2
  a1        ffffffff800021b0
(21790 ns) [M] 800001b4:e5058593 addi a1,a1,-432
  a1        ffffffff80002000
(21810 ns) [M] 800001b8:00c5d593 srli a1,a1,0xc
  a1        00080002
(21830 ns) [M] 800001bc:00a5e5b3 or a1,a1,a0
  a1        ffffffff80080002
(22190 ns) [M] 800001c0:18059073 csrw satp,a1
  satp      80080002
(22210 ns) [M] 800001c4:12000073 sfence.vma
(22670 ns) [M] 800001c8:000215b7 lui a1,0x21
  a1        00021000
(22690 ns) [M] 800001cc:80058593 addi a1,a1,-2048
  a1        00020800
(22710 ns) [M] 800001d0:3005a073 csrs mstatus,a1
  mstatus   00020880
(22730 ns) [M] 800001d4:00200193 li gp,2
  gp        00000002
(22750 ns) [M] 800001d8:00100393 li t2,1
  t2        00000001
(22770 ns) [M] 800001dc:80002517 auipc a0,0x80002
  a0        000021dc
(23650 ns) StorePageFault, epc = 0x800001e0, tval = 0x00002008
(24050 ns) [M] 80000004:34202f73 csrr t5,mcause
  t5        0000000f
(24070 ns) [M] 80000008:00800f93 li t6,8
  t6        00000008
(24090 ns) [M] 8000000c:03ff0a63 beq t5,t6,80000040
(24470 ns) [M] 80000010:00900f93 li t6,9
  t6        00000009
(24490 ns) [M] 80000014:03ff0663 beq t5,t6,80000040
(24510 ns) [M] 80000018:00b00f93 li t6,11
  t6        0000000b
(24530 ns) [M] 8000001c:03ff0263 beq t5,t6,80000040
(24870 ns) [M] 80000020:00000f17 auipc t5,0x0
  t5        ffffffff80000020
(24890 ns) [M] 80000024:288f0f13 addi t5,t5,648
  t5        ffffffff800002a8
(24910 ns) [M] 80000028:000f0463 beqz t5,80000030
(24930 ns) [M] 8000002c:000f0067 jr t5
(25590 ns) [M] 800002a8:342022f3 csrr t0,mcause
  t0        0000000f
(25610 ns) [M] 800002ac:ff128293 addi t0,t0,-15
  t0        00000000
(26070 ns) [M] 800002b0:06029263 bnez t0,80000314
(26090 ns) [M] 800002b4:00200313 li t1,2
  t1        00000002
(26250 ns) [M] 800002b8:02619263 bne gp,t1,800002dc
(26270 ns) [M] 800002bc:00002297 auipc t0,0x2
  t0        ffffffff800022bc
(26770 ns) [M] 800002c0:d442a283 lw t0,-700(t0)
  LOAD  MEM[ffffffff80002000]: -------- 2000005f
  t0        2000005f
(26830 ns) [M] 800002c4:0802f313 andi t1,t0,0x80
  t1        00000000
(26870 ns) [M] 800002c8:04031663 bnez t1,80000314
(26890 ns) [M] 800002cc:341022f3 csrr t0,mepc
  t0        ffffffff800001e0
(26990 ns) [M] 800002d0:00428293 addi t0,t0,4
  t0        ffffffff800001e4
(27010 ns) [M] 800002d4:34129073 csrw mepc,t0
  mepc      800001e4
(27150 ns) [M] 800002d8:30200073 mret
(27350 ns) [M] 800001e4:00300193 li gp,3
  gp        00000003
(27370 ns) [M] 800001e8:000415b7 lui a1,0x41
  a1        00041000
(27390 ns) [M] 800001ec:80058593 addi a1,a1,-2048
  a1        00040800
(27410 ns) [M] 800001f0:3005a073 csrs mstatus,a1
  mstatus   00060880
(27430 ns) [M] 800001f4:80002297 auipc t0,0x80002
  t0        000021f4
(27950 ns) [M] 800001f8:e142a283 lw t0,-492(t0)
  LOAD  MEM[00002008]: -------- 00000000
  t0        00000000
(28010 ns) [M] 800001fc:10029c63 bnez t0,80000314
(28050 ns) [M] 80000200:80002517 auipc a0,0x80002
  a0        00002200
(28150 ns) StorePageFault, epc = 0x80000204, tval = 0x00002008
(28390 ns) [M] 80000004:34202f73 csrr t5,mcause
  t5        0000000f
(28410 ns) [M] 80000008:00800f93 li t6,8
  t6        00000008
(28430 ns) [M] 8000000c:03ff0a63 beq t5,t6,80000040
(28450 ns) [M] 80000010:00900f93 li t6,9
  t6        00000009
(28470 ns) [M] 80000014:03ff0663 beq t5,t6,80000040
(28490 ns) [M] 80000018:00b00f93 li t6,11
  t6        0000000b
(28510 ns) [M] 8000001c:03ff0263 beq t5,t6,80000040
(28530 ns) [M] 80000020:00000f17 auipc t5,0x0
  t5        ffffffff80000020
(28550 ns) [M] 80000024:288f0f13 addi t5,t5,648
  t5        ffffffff800002a8
(28570 ns) [M] 80000028:000f0463 beqz t5,80000030
(28590 ns) [M] 8000002c:000f0067 jr t5
(28990 ns) [M] 800002a8:342022f3 csrr t0,mcause
  t0        0000000f
(29010 ns) [M] 800002ac:ff128293 addi t0,t0,-15
  t0        00000000
(29190 ns) [M] 800002b0:06029263 bnez t0,80000314
(29210 ns) [M] 800002b4:00200313 li t1,2
  t1        00000002
(29350 ns) [M] 800002b8:02619263 bne gp,t1,800002dc
(29910 ns) [M] 800002dc:00300313 li t1,3
  t1        00000003
(30070 ns) [M] 800002e0:02619463 bne gp,t1,80000308
(30090 ns) [M] 800002e4:00002297 auipc t0,0x2
  t0        ffffffff800022e4
(30510 ns) [M] 800002e8:d1c2a283 lw t0,-740(t0)
  LOAD  MEM[ffffffff80002000]: -------- 2000005f
  t0        2000005f
(30570 ns) [M] 800002ec:0802f313 andi t1,t0,0x80
  t1        00000000
(30610 ns) [M] 800002f0:02031263 bnez t1,80000314
(30630 ns) [M] 800002f4:0802e293 ori t0,t0,0x80
  t0        200000df
(30830 ns) [M] 800002f8:00002317 auipc t1,0x2
  t1        ffffffff800022f8
(30990 ns) [M] 800002fc:d0532423 sw t0,-760(t1)
  STORE MEM[ffffffff80002000]: -------- 200000df
(31070 ns) [M] 80000300:12000073 sfence.vma
(31430 ns) [M] 80000304:30200073 mret
(32010 ns) [M] 80000204:e0752423 sw t2,-504(a0)
  STORE MEM[00002008]: -------- 00000001
(32030 ns) [M] 80000208:80002297 auipc t0,0x80002
  t0        00002208
(32050 ns) [M] 8000020c:e002a283 lw t0,-512(t0)
  LOAD  MEM[00002008]: -------- 00000000
  t0        00000000
(32110 ns) [M] 80000210:10729263 bne t0,t2,80000314
(32890 ns) [M] 80000314:0ff0000f fence
(32910 ns) [M] 80000318:00018063 beqz gp,80000318
(32930 ns) [M] 8000031c:00119193 slli gp,gp,0x1
  gp        00000006
(33370 ns) [M] 80000320:0011e193 ori gp,gp,0x1
  gp        00000007
(33390 ns) [M] 80000324:05d00893 li a7,93
  a7        0000005d
(33410 ns) [M] 80000328:00018513 mv a0,gp
  a0        00000007
(33430 ns) [M] 8000032c:00000073 ecall
(33430 ns) MachineEcall, epc = 0x8000032c, tval = 0x00000000
(33770 ns) [M] 80000004:34202f73 csrr t5,mcause
  t5        0000000b
(33790 ns) [M] 80000008:00800f93 li t6,8
  t6        00000008
(33810 ns) [M] 8000000c:03ff0a63 beq t5,t6,80000040
(33830 ns) [M] 80000010:00900f93 li t6,9
  t6        00000009
(33850 ns) [M] 80000014:03ff0663 beq t5,t6,80000040
(33870 ns) [M] 80000018:00b00f93 li t6,11
  t6        0000000b
(33890 ns) [M] 8000001c:03ff0263 beq t5,t6,80000040
(34450 ns) [M] 80000040:00001f17 auipc t5,0x1
  t5        ffffffff80001040
(34610 ns) [M] 80000044:fc3f2023 sw gp,-64(t5)
  STORE MEM[ffffffff80001000]: -------- 00000007
(34630 ns) [M] 80000048:ff9ff06f j 80000040
