# Gen MMAP head file
make[1]: Entering directory '/home/fred2/RISCV'
make[2]: Entering directory '/home/fred2/RISCV'
make[2]: Leaving directory '/home/fred2/RISCV'
#@echo "../src/cpu_wrap_nodef.all.sv"   >> ./build/verdi.f;
make[1]: Leaving directory '/home/fred2/RISCV'
make[1]: Entering directory '/home/fred2/RISCV/rom'
rm -rf main main.log *.hex *.o .*.swp .*.swo
make[1]: Leaving directory '/home/fred2/RISCV/rom'
make[1]: Entering directory '/home/fred2/RISCV/rom'
riscv64-unknown-elf-gcc -c -O2 -static -mcmodel=medany -fvisibility=hidden -nostdlib -nostartfiles -march=rv64imac_zifencei_zicsr -mabi=lp64 -I../include/ elf_loader.c 
riscv64-unknown-elf-gcc -c -O2 -static -mcmodel=medany -fvisibility=hidden -nostdlib -nostartfiles -march=rv64imac_zifencei_zicsr -mabi=lp64 -I../include/ iolib.c 
riscv64-unknown-elf-gcc -c -O2 -static -mcmodel=medany -fvisibility=hidden -nostdlib -nostartfiles -march=rv64imac_zifencei_zicsr -mabi=lp64 -I../include/ main.c 
riscv64-unknown-elf-gcc -c -O2 -static -mcmodel=medany -fvisibility=hidden -nostdlib -nostartfiles -march=rv64imac_zifencei_zicsr -mabi=lp64 -I../include/ spi.c 
riscv64-unknown-elf-gcc -c -O2 -static -mcmodel=medany -fvisibility=hidden -nostdlib -nostartfiles -march=rv64imac_zifencei_zicsr -mabi=lp64 -I../include/ uart.c 
riscv64-unknown-elf-gcc -c -O2 -static -mcmodel=medany -fvisibility=hidden -nostdlib -nostartfiles -march=rv64imac_zifencei_zicsr -mabi=lp64 -I../include/ util.c 
riscv64-unknown-elf-gcc -c -O2 -static -mcmodel=medany -fvisibility=hidden -nostdlib -nostartfiles -march=rv64imac_zifencei_zicsr -mabi=lp64 -I../include/ setup.S 
riscv64-unknown-elf-objcopy -O verilog -I binary -O elf64-littleriscv -B riscv:rv64 tmp rv64.o
riscv64-unknown-elf-gcc elf_loader.o iolib.o main.o spi.o uart.o util.o setup.o rv64.o -O2 -static -mcmodel=medany -fvisibility=hidden -nostdlib -nostartfiles -march=rv64imac_zifencei_zicsr -mabi=lp64 -Tlink.ld -lgcc -o main
riscv64-unknown-elf-objdump -xsd main > main.log
riscv64-unknown-elf-objcopy -O verilog main -i 4 -b 0 rom_0.hex
riscv64-unknown-elf-objcopy -O verilog main -i 4 -b 1 rom_1.hex
riscv64-unknown-elf-objcopy -O verilog main -i 4 -b 2 rom_2.hex
riscv64-unknown-elf-objcopy -O verilog main -i 4 -b 3 rom_3.hex
riscv64-unknown-elf-objcopy -O binary main rom.bin
make[1]: Leaving directory '/home/fred2/RISCV/rom'
# Move prog to build directory
rv32mi-p-breakpoint  pass (CPI:      2.802892  , minstret: 4287      , mcycle:   12016     )
rv32mi-p-csr         pass (CPI:      2.824062  , minstret: 4422      , mcycle:   12488     )
rv32mi-p-illegal     pass (CPI:      2.806708  , minstret: 4532      , mcycle:   12720     )
rv32mi-p-ma_addr     pass (CPI:      2.776933  , minstret: 4474      , mcycle:   12424     )
rv32mi-p-ma_fetch    pass (CPI:      2.802732  , minstret: 4319      , mcycle:   12105     )
rv32mi-p-mcsr        pass (CPI:      2.796400  , minstret: 4278      , mcycle:   11963     )
rv32mi-p-sbreak      pass (CPI:      2.792532  , minstret: 4285      , mcycle:   11966     )
rv32mi-p-scall       pass (CPI:      2.789227  , minstret: 4270      , mcycle:   11910     )
rv32mi-p-shamt       pass (CPI:      2.790616  , minstret: 4284      , mcycle:   11955     )
rv32si-p-csr         pass (CPI:      2.800596  , minstret: 4363      , mcycle:   12219     )
rv32si-p-dirty       pass (CPI:      2.802102  , minstret: 4376      , mcycle:   12262     )
rv32si-p-ma_fetch    pass (CPI:      2.803953  , minstret: 4300      , mcycle:   12057     )
rv32si-p-sbreak      pass (CPI:      2.795513  , minstret: 4279      , mcycle:   11962     )
rv32si-p-scall       pass (CPI:      2.796594  , minstret: 4287      , mcycle:   11989     )
rv32si-p-wfi         pass (CPI:      2.793249  , minstret: 4266      , mcycle:   11916     )
rv32ui-p-add         pass (CPI:      2.776186  , minstret: 4678      , mcycle:   12987     )
rv32ui-p-addi        pass (CPI:      2.795735  , minstret: 4455      , mcycle:   12455     )
rv32ui-p-and         pass (CPI:      2.766922  , minstret: 4698      , mcycle:   12999     )
rv32ui-p-andi        pass (CPI:      2.785358  , minstret: 4412      , mcycle:   12289     )
rv32ui-p-auipc       pass (CPI:      2.797800  , minstret: 4273      , mcycle:   11955     )
rv32ui-p-beq         pass (CPI:      2.791963  , minstret: 4504      , mcycle:   12575     )
rv32ui-p-bge         pass (CPI:      2.800752  , minstret: 4522      , mcycle:   12665     )
rv32ui-p-bgeu        pass (CPI:      2.795909  , minstret: 4547      , mcycle:   12713     )
rv32ui-p-blt         pass (CPI:      2.791963  , minstret: 4504      , mcycle:   12575     )
rv32ui-p-bltu        pass (CPI:      2.787149  , minstret: 4529      , mcycle:   12623     )
rv32ui-p-bne         pass (CPI:      2.791519  , minstret: 4504      , mcycle:   12573     )
rv32ui-p-fence_i     pass (CPI:      2.805327  , minstret: 4505      , mcycle:   12638     )
rv32ui-p-jal         pass (CPI:      2.798782  , minstret: 4269      , mcycle:   11948     )
rv32ui-p-jalr        pass (CPI:      2.798337  , minstret: 4329      , mcycle:   12114     )
rv32ui-p-lb          pass (CPI:      2.786499  , minstret: 4459      , mcycle:   12425     )
rv32ui-p-lbu         pass (CPI:      2.786499  , minstret: 4459      , mcycle:   12425     )
rv32ui-p-lh          pass (CPI:      2.787743  , minstret: 4471      , mcycle:   12464     )
rv32ui-p-lhu         pass (CPI:      2.786017  , minstret: 4477      , mcycle:   12473     )
rv32ui-p-lui         pass (CPI:      2.795279  , minstret: 4279      , mcycle:   11961     )
rv32ui-p-lw          pass (CPI:      2.787500  , minstret: 4480      , mcycle:   12488     )
rv32ui-p-or          pass (CPI:      2.765795  , minstret: 4701      , mcycle:   13002     )
rv32ui-p-ori         pass (CPI:      2.785472  , minstret: 4419      , mcycle:   12309     )
rv32ui-p-sb          pass (CPI:      2.788930  , minstret: 4643      , mcycle:   12949     )
rv32ui-p-sh          pass (CPI:      2.785349  , minstret: 4696      , mcycle:   13080     )
rv32ui-p-simple      pass (CPI:      2.789424  , minstret: 4255      , mcycle:   11869     )
rv32ui-p-sll         pass (CPI:      2.779006  , minstret: 4706      , mcycle:   13078     )
rv32ui-p-slli        pass (CPI:      2.793669  , minstret: 4454      , mcycle:   12443     )
rv32ui-p-slt         pass (CPI:      2.780608  , minstret: 4672      , mcycle:   12991     )
rv32ui-p-slti        pass (CPI:      2.792406  , minstret: 4451      , mcycle:   12429     )
rv32ui-p-sltiu       pass (CPI:      2.792406  , minstret: 4451      , mcycle:   12429     )
rv32ui-p-sltu        pass (CPI:      2.780608  , minstret: 4672      , mcycle:   12991     )
rv32ui-p-sra         pass (CPI:      2.782222  , minstret: 4725      , mcycle:   13146     )
rv32ui-p-srai        pass (CPI:      2.795256  , minstret: 4469      , mcycle:   12492     )
rv32ui-p-srl         pass (CPI:      2.777495  , minstret: 4719      , mcycle:   13107     )
rv32ui-p-srli        pass (CPI:      2.793188  , minstret: 4463      , mcycle:   12466     )
rv32ui-p-sub         pass (CPI:      2.775803  , minstret: 4670      , mcycle:   12963     )
rv32ui-p-sw          pass (CPI:      2.781629  , minstret: 4703      , mcycle:   13082     )
rv32ui-p-xor         pass (CPI:      2.765319  , minstret: 4700      , mcycle:   12997     )
rv32ui-p-xori        pass (CPI:      2.784212  , minstret: 4421      , mcycle:   12309     )
rv32ui-v-add         pass (CPI:      5.356971  , minstret: 14511     , mcycle:   77735     )
rv32ui-v-addi        pass (CPI:      5.401876  , minstret: 14288     , mcycle:   77182     )
rv32ui-v-and         pass (CPI:      5.349666  , minstret: 14531     , mcycle:   77736     )
rv32ui-v-andi        pass (CPI:      5.408102  , minstret: 14244     , mcycle:   77033     )
rv32ui-v-auipc       pass (CPI:      5.437717  , minstret: 14105     , mcycle:   76699     )
rv32ui-v-beq         pass (CPI:      5.392551  , minstret: 14337     , mcycle:   77313     )
rv32ui-v-bge         pass (CPI:      5.392476  , minstret: 14355     , mcycle:   77409     )
rv32ui-v-bgeu        pass (CPI:      5.388248  , minstret: 14380     , mcycle:   77483     )
rv32ui-v-blt         pass (CPI:      5.392551  , minstret: 14337     , mcycle:   77313     )
rv32ui-v-bltu        pass (CPI:      5.387411  , minstret: 14362     , mcycle:   77374     )
rv32ui-v-bne         pass (CPI:      5.393667  , minstret: 14337     , mcycle:   77329     )
rv32ui-v-fence_i     pass (CPI:      5.602120  , minstret: 22826     , mcycle:   127874    )
rv32ui-v-jal         pass (CPI:      5.439756  , minstret: 14101     , mcycle:   76706     )
rv32ui-v-jalr        pass (CPI:      5.428501  , minstret: 14161     , mcycle:   76873     )
rv32ui-v-lb          pass (CPI:      5.916345  , minstret: 23609     , mcycle:   139679    )
rv32ui-v-lbu         pass (CPI:      5.916345  , minstret: 23609     , mcycle:   139679    )
rv32ui-v-lh          pass (CPI:      5.914610  , minstret: 23621     , mcycle:   139709    )
rv32ui-v-lhu         pass (CPI:      5.913239  , minstret: 23628     , mcycle:   139718    )
rv32ui-v-lui         pass (CPI:      5.435972  , minstret: 14111     , mcycle:   76707     )
rv32ui-v-lw          pass (CPI:      5.912953  , minstret: 23631     , mcycle:   139729    )
rv32ui-v-or          pass (CPI:      5.349525  , minstret: 14534     , mcycle:   77750     )
rv32ui-v-ori         pass (CPI:      5.407129  , minstret: 14251     , mcycle:   77057     )
rv32ui-v-sb          pass (CPI:      5.582026  , minstret: 22944     , mcycle:   128074    )
rv32ui-v-sh          pass (CPI:      5.573379  , minstret: 22997     , mcycle:   128171    )
rv32ui-v-simple      pass (CPI:      5.439341  , minstret: 14087     , mcycle:   76624     )
rv32ui-v-sll         pass (CPI:      5.352913  , minstret: 14539     , mcycle:   77826     )
rv32ui-v-slli        pass (CPI:      5.402184  , minstret: 14287     , mcycle:   77181     )
rv32ui-v-slt         pass (CPI:      5.357877  , minstret: 14505     , mcycle:   77716     )
rv32ui-v-slti        pass (CPI:      5.402717  , minstret: 14283     , mcycle:   77167     )
rv32ui-v-sltiu       pass (CPI:      5.402717  , minstret: 14283     , mcycle:   77167     )
rv32ui-v-sltu        pass (CPI:      5.357877  , minstret: 14505     , mcycle:   77716     )
rv32ui-v-sra         pass (CPI:      5.349224  , minstret: 14558     , mcycle:   77874     )
rv32ui-v-srai        pass (CPI:      5.398895  , minstret: 14302     , mcycle:   77215     )
rv32ui-v-srl         pass (CPI:      5.350948  , minstret: 14552     , mcycle:   77867     )
rv32ui-v-srli        pass (CPI:      5.400112  , minstret: 14296     , mcycle:   77200     )
rv32ui-v-sub         pass (CPI:      5.358271  , minstret: 14503     , mcycle:   77711     )
rv32ui-v-sw          pass (CPI:      5.572640  , minstret: 23004     , mcycle:   128193    )
rv32ui-v-xor         pass (CPI:      5.348999  , minstret: 14533     , mcycle:   77737     )
rv32ui-v-xori        pass (CPI:      5.406932  , minstret: 14253     , mcycle:   77065     )
rv64mi-p-access      pass (CPI:      2.793654  , minstret: 4318      , mcycle:   12063     )
rv64mi-p-breakpoint  pass (CPI:      2.800979  , minstret: 4291      , mcycle:   12019     )
rv64mi-p-csr         pass (CPI:      2.806895  , minstret: 4438      , mcycle:   12457     )
rv64mi-p-illegal     pass (CPI:      2.790426  , minstret: 4533      , mcycle:   12649     )
rv64mi-p-ma_addr     pass (CPI:      2.779285  , minstret: 4866      , mcycle:   13524     )
rv64mi-p-ma_fetch    pass (CPI:      2.802546  , minstret: 4320      , mcycle:   12107     )
rv64mi-p-mcsr        pass (CPI:      2.792942  , minstret: 4279      , mcycle:   11951     )
rv64mi-p-sbreak      pass (CPI:      2.792347  , minstret: 4286      , mcycle:   11968     )
rv64mi-p-scall       pass (CPI:      2.789042  , minstret: 4271      , mcycle:   11912     )
rv64si-p-csr         pass (CPI:      2.797347  , minstret: 4372      , mcycle:   12230     )
rv64si-p-dirty       pass (CPI:      2.796482  , minstret: 4378      , mcycle:   12243     )
rv64si-p-icache-alias pass (CPI:      2.849966  , minstret: 4399      , mcycle:   12537     )
rv64si-p-ma_fetch    pass (CPI:      2.800512  , minstret: 4301      , mcycle:   12045     )
rv64si-p-sbreak      pass (CPI:      2.792056  , minstret: 4280      , mcycle:   11950     )
rv64si-p-scall       pass (CPI:      2.793144  , minstret: 4288      , mcycle:   11977     )
rv64si-p-wfi         pass (CPI:      2.789782  , minstret: 4267      , mcycle:   11904     )
rv64ui-p-add         pass (CPI:      2.772844  , minstret: 4684      , mcycle:   12988     )
rv64ui-p-addi        pass (CPI:      2.789910  , minstret: 4460      , mcycle:   12443     )
rv64ui-p-addiw       pass (CPI:      2.791788  , minstret: 4457      , mcycle:   12443     )
rv64ui-p-addw        pass (CPI:      2.773028  , minstret: 4679      , mcycle:   12975     )
rv64ui-p-and         pass (CPI:      2.759193  , minstret: 4759      , mcycle:   13131     )
rv64ui-p-andi        pass (CPI:      2.782893  , minstret: 4431      , mcycle:   12331     )
rv64ui-p-auipc       pass (CPI:      2.794338  , minstret: 4274      , mcycle:   11943     )
rv64ui-p-beq         pass (CPI:      2.788679  , minstret: 4505      , mcycle:   12563     )
rv64ui-p-bge         pass (CPI:      2.797480  , minstret: 4523      , mcycle:   12653     )
rv64ui-p-bgeu        pass (CPI:      2.788858  , minstret: 4613      , mcycle:   12865     )
rv64ui-p-blt         pass (CPI:      2.788679  , minstret: 4505      , mcycle:   12563     )
rv64ui-p-bltu        pass (CPI:      2.780004  , minstret: 4591      , mcycle:   12763     )
rv64ui-p-bne         pass (CPI:      2.788235  , minstret: 4505      , mcycle:   12561     )
rv64ui-p-fence_i     pass (CPI:      2.802393  , minstret: 4514      , mcycle:   12650     )
rv64ui-p-jal         pass (CPI:      2.795316  , minstret: 4270      , mcycle:   11936     )
rv64ui-p-jalr        pass (CPI:      2.794919  , minstret: 4330      , mcycle:   12102     )
rv64ui-p-lb          pass (CPI:      2.783184  , minstret: 4460      , mcycle:   12413     )
rv64ui-p-lbu         pass (CPI:      2.783184  , minstret: 4460      , mcycle:   12413     )
rv64ui-p-ld          pass (CPI:      2.776617  , minstret: 4593      , mcycle:   12753     )
rv64ui-p-lh          pass (CPI:      2.782424  , minstret: 4472      , mcycle:   12443     )
rv64ui-p-lhu         pass (CPI:      2.780085  , minstret: 4479      , mcycle:   12452     )
rv64ui-p-lui         pass (CPI:      2.791822  , minstret: 4280      , mcycle:   11949     )
rv64ui-p-lw          pass (CPI:      2.783579  , minstret: 4482      , mcycle:   12476     )
rv64ui-p-lwu         pass (CPI:      2.779454  , minstret: 4507      , mcycle:   12527     )
rv64ui-p-or          pass (CPI:      2.759808  , minstret: 4792      , mcycle:   13225     )
rv64ui-p-ori         pass (CPI:      2.782324  , minstret: 4424      , mcycle:   12309     )
rv64ui-p-sb          pass (CPI:      2.785745  , minstret: 4644      , mcycle:   12937     )
rv64ui-p-sd          pass (CPI:      2.794228  , minstret: 4816      , mcycle:   13457     )
rv64ui-p-sh          pass (CPI:      2.782201  , minstret: 4697      , mcycle:   13068     )
rv64ui-p-simple      pass (CPI:      2.785949  , minstret: 4256      , mcycle:   11857     )
rv64ui-p-sll         pass (CPI:      2.777240  , minstret: 4754      , mcycle:   13203     )
rv64ui-p-slli        pass (CPI:      2.793042  , minstret: 4484      , mcycle:   12524     )
rv64ui-p-slliw       pass (CPI:      2.792029  , minstret: 4491      , mcycle:   12539     )
rv64ui-p-sllw        pass (CPI:      2.780395  , minstret: 4754      , mcycle:   13218     )
rv64ui-p-slt         pass (CPI:      2.777445  , minstret: 4673      , mcycle:   12979     )
rv64ui-p-slti        pass (CPI:      2.787062  , minstret: 4452      , mcycle:   12408     )
rv64ui-p-sltiu       pass (CPI:      2.787062  , minstret: 4452      , mcycle:   12408     )
rv64ui-p-sltu        pass (CPI:      2.775906  , minstret: 4690      , mcycle:   13019     )
rv64ui-p-sra         pass (CPI:      2.779094  , minstret: 4726      , mcycle:   13134     )
rv64ui-p-srai        pass (CPI:      2.790250  , minstret: 4472      , mcycle:   12478     )
rv64ui-p-sraiw       pass (CPI:      2.794157  , minstret: 4518      , mcycle:   12624     )
rv64ui-p-sraw        pass (CPI:      2.780948  , minstret: 4766      , mcycle:   13254     )
rv64ui-p-srl         pass (CPI:      2.773909  , minstret: 4768      , mcycle:   13226     )
rv64ui-p-srli        pass (CPI:      2.790563  , minstret: 4493      , mcycle:   12538     )
rv64ui-p-srliw       pass (CPI:      2.791556  , minstret: 4500      , mcycle:   12562     )
rv64ui-p-srlw        pass (CPI:      2.776261  , minstret: 4760      , mcycle:   13215     )
rv64ui-p-sub         pass (CPI:      2.772834  , minstret: 4675      , mcycle:   12963     )
rv64ui-p-subw        pass (CPI:      2.772640  , minstret: 4671      , mcycle:   12951     )
rv64ui-p-sw          pass (CPI:      2.778486  , minstret: 4704      , mcycle:   13070     )
rv64ui-p-xor         pass (CPI:      2.760184  , minstret: 4787      , mcycle:   13213     )
rv64ui-p-xori        pass (CPI:      2.780868  , minstret: 4422      , mcycle:   12297     )
rv64ui-v-add         pass (CPI:      4.175535  , minstret: 10055     , mcycle:   41985     )
rv64ui-v-addi        pass (CPI:      4.214140  , minstret: 9830      , mcycle:   41425     )
rv64ui-v-addiw       pass (CPI:      4.213900  , minstret: 9827      , mcycle:   41410     )
rv64ui-v-addw        pass (CPI:      4.174925  , minstret: 10050     , mcycle:   41958     )
rv64ui-v-and         pass (CPI:      4.155676  , minstret: 10130     , mcycle:   42097     )
rv64ui-v-andi        pass (CPI:      4.215080  , minstret: 9801      , mcycle:   41312     )
rv64ui-v-auipc       pass (CPI:      4.245438  , minstret: 9644      , mcycle:   40943     )
rv64ui-v-beq         pass (CPI:      4.205549  , minstret: 9876      , mcycle:   41534     )
rv64ui-v-bge         pass (CPI:      4.206388  , minstret: 9894      , mcycle:   41618     )
rv64ui-v-bgeu        pass (CPI:      4.188702  , minstret: 9984      , mcycle:   41820     )
rv64ui-v-blt         pass (CPI:      4.205549  , minstret: 9876      , mcycle:   41534     )
rv64ui-v-bltu        pass (CPI:      4.188316  , minstret: 9962      , mcycle:   41724     )
rv64ui-v-bne         pass (CPI:      4.207270  , minstret: 9876      , mcycle:   41551     )
rv64ui-v-fence_i     pass (CPI:      4.461811  , minstret: 14415     , mcycle:   64317     )
rv64ui-v-jal         pass (CPI:      4.246577  , minstret: 9640      , mcycle:   40937     )
rv64ui-v-jalr        pass (CPI:      4.237423  , minstret: 9700      , mcycle:   41103     )
rv64ui-v-lb          pass (CPI:      4.627420  , minstret: 14668     , mcycle:   67875     )
rv64ui-v-lbu         pass (CPI:      4.627420  , minstret: 14668     , mcycle:   67875     )
rv64ui-v-ld          pass (CPI:      4.607621  , minstret: 14802     , mcycle:   68202     )
rv64ui-v-lh          pass (CPI:      4.625136  , minstret: 14680     , mcycle:   67897     )
rv64ui-v-lhu         pass (CPI:      4.623817  , minstret: 14687     , mcycle:   67910     )
rv64ui-v-lui         pass (CPI:      4.243420  , minstret: 9650      , mcycle:   40949     )
rv64ui-v-lw          pass (CPI:      4.623894  , minstret: 14690     , mcycle:   67925     )
rv64ui-v-lwu         pass (CPI:      4.619870  , minstret: 14716     , mcycle:   67986     )
rv64ui-v-or          pass (CPI:      4.152711  , minstret: 10163     , mcycle:   42204     )
rv64ui-v-ori         pass (CPI:      4.217582  , minstret: 9794      , mcycle:   41307     )
rv64ui-v-sb          pass (CPI:      4.437616  , minstret: 14515     , mcycle:   64412     )
rv64ui-v-sd          pass (CPI:      4.423776  , minstret: 14687     , mcycle:   64972     )
rv64ui-v-sh          pass (CPI:      4.429228  , minstret: 14568     , mcycle:   64525     )
rv64ui-v-simple      pass (CPI:      4.245481  , minstret: 9626      , mcycle:   40867     )
rv64ui-v-sll         pass (CPI:      4.167309  , minstret: 10125     , mcycle:   42194     )
rv64ui-v-slli        pass (CPI:      4.210959  , minstret: 9855      , mcycle:   41499     )
rv64ui-v-slliw       pass (CPI:      4.210201  , minstret: 9862      , mcycle:   41521     )
rv64ui-v-sllw        pass (CPI:      4.167210  , minstret: 10125     , mcycle:   42193     )
rv64ui-v-slt         pass (CPI:      4.175727  , minstret: 10044     , mcycle:   41941     )
rv64ui-v-slti        pass (CPI:      4.215333  , minstret: 9822      , mcycle:   41403     )
rv64ui-v-sltiu       pass (CPI:      4.215333  , minstret: 9822      , mcycle:   41403     )
rv64ui-v-sltu        pass (CPI:      4.173939  , minstret: 10061     , mcycle:   41994     )
rv64ui-v-sra         pass (CPI:      4.170447  , minstret: 10097     , mcycle:   42109     )
rv64ui-v-srai        pass (CPI:      4.211927  , minstret: 9843      , mcycle:   41458     )
rv64ui-v-sraiw       pass (CPI:      4.206593  , minstret: 9889      , mcycle:   41599     )
rv64ui-v-sraw        pass (CPI:      4.165828  , minstret: 10137     , mcycle:   42229     )
rv64ui-v-srl         pass (CPI:      4.161752  , minstret: 10139     , mcycle:   42196     )
rv64ui-v-srli        pass (CPI:      4.209043  , minstret: 9864      , mcycle:   41518     )
rv64ui-v-srliw       pass (CPI:      4.208490  , minstret: 9871      , mcycle:   41542     )
rv64ui-v-srlw        pass (CPI:      4.165433  , minstret: 10131     , mcycle:   42200     )
rv64ui-v-sub         pass (CPI:      4.175393  , minstret: 10046     , mcycle:   41946     )
rv64ui-v-subw        pass (CPI:      4.175861  , minstret: 10042     , mcycle:   41934     )
rv64ui-v-sw          pass (CPI:      4.431904  , minstret: 14575     , mcycle:   64595     )
rv64ui-v-xor         pass (CPI:      4.152688  , minstret: 10158     , mcycle:   42183     )
rv64ui-v-xori        pass (CPI:      4.217831  , minstret: 9792      , mcycle:   41301     )
rv32uc-p-rvc         pass (CPI:      2.809116  , minstret: 4432      , mcycle:   12450     )
rv32uc-v-rvc         pass (CPI:      5.929482  , minstret: 32077     , mcycle:   190200    )
rv64uc-p-rvc         pass (CPI:      2.800849  , minstret: 4474      , mcycle:   12531     )
rv64uc-v-rvc         pass (CPI:      4.717941  , minstret: 19191     , mcycle:   90542     )
rv32um-p-div         pass (CPI:      2.798242  , minstret: 4322      , mcycle:   12094     )
rv32um-p-divu        pass (CPI:      2.797826  , minstret: 4323      , mcycle:   12095     )
rv32um-p-mul         pass (CPI:      2.780608  , minstret: 4672      , mcycle:   12991     )
rv32um-p-mulh        pass (CPI:      2.778896  , minstret: 4672      , mcycle:   12983     )
rv32um-p-mulhsu      pass (CPI:      2.778896  , minstret: 4672      , mcycle:   12983     )
rv32um-p-mulhu       pass (CPI:      2.778896  , minstret: 4672      , mcycle:   12983     )
rv32um-p-rem         pass (CPI:      2.798242  , minstret: 4322      , mcycle:   12094     )
rv32um-p-remu        pass (CPI:      2.798704  , minstret: 4322      , mcycle:   12096     )
rv32um-v-div         pass (CPI:      5.428854  , minstret: 14154     , mcycle:   76840     )
rv32um-v-divu        pass (CPI:      5.428471  , minstret: 14155     , mcycle:   76840     )
rv32um-v-mul         pass (CPI:      5.357877  , minstret: 14505     , mcycle:   77716     )
rv32um-v-mulh        pass (CPI:      5.358152  , minstret: 14505     , mcycle:   77720     )
rv32um-v-mulhsu      pass (CPI:      5.358152  , minstret: 14505     , mcycle:   77720     )
rv32um-v-mulhu       pass (CPI:      5.358152  , minstret: 14505     , mcycle:   77720     )
rv32um-v-rem         pass (CPI:      5.428854  , minstret: 14154     , mcycle:   76840     )
rv32um-v-remu        pass (CPI:      5.428925  , minstret: 14154     , mcycle:   76841     )
rv64um-p-div         pass (CPI:      2.794131  , minstret: 4328      , mcycle:   12093     )
rv64um-p-divu        pass (CPI:      2.798569  , minstret: 4334      , mcycle:   12129     )
rv64um-p-divuw       pass (CPI:      2.796117  , minstret: 4326      , mcycle:   12096     )
rv64um-p-divw        pass (CPI:      2.794818  , minstret: 4323      , mcycle:   12082     )
rv64um-p-mul         pass (CPI:      2.775139  , minstret: 4674      , mcycle:   12971     )
rv64um-p-mulh        pass (CPI:      2.759504  , minstret: 4682      , mcycle:   12920     )
rv64um-p-mulhsu      pass (CPI:      2.759504  , minstret: 4682      , mcycle:   12920     )
rv64um-p-mulhu       pass (CPI:      2.761137  , minstret: 4714      , mcycle:   13016     )
rv64um-p-mulw        pass (CPI:      2.774550  , minstret: 4613      , mcycle:   12799     )
rv64um-p-rem         pass (CPI:      2.795008  , minstret: 4327      , mcycle:   12094     )
rv64um-p-remu        pass (CPI:      2.796442  , minstret: 4328      , mcycle:   12103     )
rv64um-p-remuw       pass (CPI:      2.795281  , minstret: 4323      , mcycle:   12084     )
rv64um-p-remw        pass (CPI:      2.793486  , minstret: 4329      , mcycle:   12093     )
rv64um-v-div         pass (CPI:      4.237265  , minstret: 9698      , mcycle:   41093     )
rv64um-v-divu        pass (CPI:      4.236913  , minstret: 9704      , mcycle:   41115     )
rv64um-v-divuw       pass (CPI:      4.237108  , minstret: 9696      , mcycle:   41083     )
rv64um-v-divw        pass (CPI:      4.238316  , minstret: 9693      , mcycle:   41082     )
rv64um-v-mul         pass (CPI:      4.175809  , minstret: 10045     , mcycle:   41946     )
rv64um-v-mulh        pass (CPI:      4.169601  , minstret: 10053     , mcycle:   41917     )
rv64um-v-mulhsu      pass (CPI:      4.169601  , minstret: 10053     , mcycle:   41917     )
rv64um-v-mulhu       pass (CPI:      4.165890  , minstret: 10085     , mcycle:   42013     )
rv64um-v-mulw        pass (CPI:      4.182792  , minstret: 9984      , mcycle:   41761     )
rv64um-v-rem         pass (CPI:      4.237806  , minstret: 9697      , mcycle:   41094     )
rv64um-v-remu        pass (CPI:      4.238193  , minstret: 9698      , mcycle:   41102     )
rv64um-v-remuw       pass (CPI:      4.238419  , minstret: 9693      , mcycle:   41083     )
rv64um-v-remw        pass (CPI:      4.237035  , minstret: 9699      , mcycle:   41095     )
rv32ua-p-amoadd_w    pass (CPI:      2.798598  , minstret: 4280      , mcycle:   11978     )
rv32ua-p-amoand_w    pass (CPI:      2.799906  , minstret: 4278      , mcycle:   11978     )
rv32ua-p-amomaxu_w   pass (CPI:      2.800654  , minstret: 4279      , mcycle:   11984     )
rv32ua-p-amomax_w    pass (CPI:      2.800654  , minstret: 4279      , mcycle:   11984     )
rv32ua-p-amominu_w   pass (CPI:      2.800654  , minstret: 4279      , mcycle:   11984     )
rv32ua-p-amomin_w    pass (CPI:      2.800654  , minstret: 4279      , mcycle:   11984     )
rv32ua-p-amoor_w     pass (CPI:      2.799906  , minstret: 4278      , mcycle:   11978     )
rv32ua-p-amoswap_w   pass (CPI:      2.799906  , minstret: 4278      , mcycle:   11978     )
rv32ua-p-amoxor_w    pass (CPI:      2.800560  , minstret: 4282      , mcycle:   11992     )
rv32ua-p-lrsc        pass (CPI:      3.113173  , minstret: 10453     , mcycle:   32542     )
rv32ua-v-amoadd_w    pass (CPI:      5.629151  , minstret: 22586     , mcycle:   127140    )
rv32ua-v-amoand_w    pass (CPI:      5.629846  , minstret: 22596     , mcycle:   127212    )
rv32ua-v-amomaxu_w   pass (CPI:      5.628770  , minstret: 22579     , mcycle:   127092    )
rv32ua-v-amomax_w    pass (CPI:      5.628770  , minstret: 22579     , mcycle:   127092    )
rv32ua-v-amominu_w   pass (CPI:      5.629764  , minstret: 22591     , mcycle:   127182    )
rv32ua-v-amomin_w    pass (CPI:      5.628770  , minstret: 22579     , mcycle:   127092    )
rv32ua-v-amoor_w     pass (CPI:      5.628754  , minstret: 22578     , mcycle:   127086    )
rv32ua-v-amoswap_w   pass (CPI:      5.629846  , minstret: 22596     , mcycle:   127212    )
rv32ua-v-amoxor_w    pass (CPI:      5.628377  , minstret: 22582     , mcycle:   127100    )
rv32ua-v-lrsc        pass (CPI:      5.135221  , minstret: 28753     , mcycle:   147653    )
rv64ua-p-amoadd_d    pass (CPI:      2.796685  , minstret: 4284      , mcycle:   11981     )
rv64ua-p-amoadd_w    pass (CPI:      2.795141  , minstret: 4281      , mcycle:   11966     )
rv64ua-p-amoand_d    pass (CPI:      2.795842  , minstret: 4281      , mcycle:   11969     )
rv64ua-p-amoand_w    pass (CPI:      2.795794  , minstret: 4280      , mcycle:   11966     )
rv64ua-p-amomax_d    pass (CPI:      2.798131  , minstret: 4280      , mcycle:   11976     )
rv64ua-p-amomaxu_d   pass (CPI:      2.798131  , minstret: 4280      , mcycle:   11976     )
rv64ua-p-amomaxu_w   pass (CPI:      2.797196  , minstret: 4280      , mcycle:   11972     )
rv64ua-p-amomax_w    pass (CPI:      2.797196  , minstret: 4280      , mcycle:   11972     )
rv64ua-p-amomin_d    pass (CPI:      2.798131  , minstret: 4280      , mcycle:   11976     )
rv64ua-p-amominu_d   pass (CPI:      2.798131  , minstret: 4280      , mcycle:   11976     )
rv64ua-p-amominu_w   pass (CPI:      2.797196  , minstret: 4280      , mcycle:   11972     )
rv64ua-p-amomin_w    pass (CPI:      2.797196  , minstret: 4280      , mcycle:   11972     )
rv64ua-p-amoor_d     pass (CPI:      2.797149  , minstret: 4279      , mcycle:   11969     )
rv64ua-p-amoor_w     pass (CPI:      2.796448  , minstret: 4279      , mcycle:   11966     )
rv64ua-p-amoswap_d   pass (CPI:      2.795842  , minstret: 4281      , mcycle:   11969     )
rv64ua-p-amoswap_w   pass (CPI:      2.795794  , minstret: 4280      , mcycle:   11966     )
rv64ua-p-amoxor_d    pass (CPI:      2.798459  , minstret: 4282      , mcycle:   11983     )
rv64ua-p-amoxor_w    pass (CPI:      2.795518  , minstret: 4284      , mcycle:   11976     )
rv64ua-p-lrsc        pass (CPI:      3.112376  , minstret: 10456     , mcycle:   32543     )
rv64ua-v-amoadd_d    pass (CPI:      4.485240  , minstret: 14160     , mcycle:   63511     )
rv64ua-v-amoadd_w    pass (CPI:      4.485272  , minstret: 14157     , mcycle:   63498     )
rv64ua-v-amoand_d    pass (CPI:      4.485920  , minstret: 14169     , mcycle:   63561     )
rv64ua-v-amoand_w    pass (CPI:      4.485884  , minstret: 14168     , mcycle:   63556     )
rv64ua-v-amomax_d    pass (CPI:      4.485936  , minstret: 14150     , mcycle:   63476     )
rv64ua-v-amomaxu_d   pass (CPI:      4.485936  , minstret: 14150     , mcycle:   63476     )
rv64ua-v-amomaxu_w   pass (CPI:      4.485654  , minstret: 14150     , mcycle:   63472     )
rv64ua-v-amomax_w    pass (CPI:      4.485654  , minstret: 14150     , mcycle:   63472     )
rv64ua-v-amomin_d    pass (CPI:      4.485936  , minstret: 14150     , mcycle:   63476     )
rv64ua-v-amominu_d   pass (CPI:      4.486225  , minstret: 14156     , mcycle:   63507     )
rv64ua-v-amominu_w   pass (CPI:      4.485942  , minstret: 14156     , mcycle:   63503     )
rv64ua-v-amomin_w    pass (CPI:      4.485654  , minstret: 14150     , mcycle:   63472     )
rv64ua-v-amoor_d     pass (CPI:      4.485759  , minstret: 14149     , mcycle:   63469     )
rv64ua-v-amoor_w     pass (CPI:      4.485547  , minstret: 14149     , mcycle:   63466     )
rv64ua-v-amoswap_d   pass (CPI:      4.485920  , minstret: 14169     , mcycle:   63561     )
rv64ua-v-amoswap_w   pass (CPI:      4.485884  , minstret: 14168     , mcycle:   63556     )
rv64ua-v-amoxor_d    pass (CPI:      4.484878  , minstret: 14152     , mcycle:   63470     )
rv64ua-v-amoxor_w    pass (CPI:      4.484669  , minstret: 14154     , mcycle:   63476     )
rv64ua-v-lrsc        pass (CPI:      4.137853  , minstret: 20326     , mcycle:   84106     )
