2021-10-19 21:17:09.877689 (9291) main____ INFO    ----------------------------------------
2021-10-19 21:17:09.877936 (9291) main____ INFO    JasperGold version info
2021-10-19 21:17:09.877979 (9291) main____ INFO      tool      : JasperGold 2018.03
2021-10-19 21:17:09.878014 (9291) main____ INFO      version   : 2018.03p001 64 bits
2021-10-19 21:17:09.878041 (9291) main____ INFO      build date: 2018.04.24 18:13:05 PDT
2021-10-19 21:17:09.878060 (9291) main____ INFO    ----------------------------------------
2021-10-19 21:17:09.878077 (9291) main____ INFO    Runtime info:
2021-10-19 21:17:09.878100 (9291) main____ INFO      platform  : Linux 2.6.32-431.el6.x86_64 x86_64
2021-10-19 21:17:09.878125 (9291) main____ INFO      hostname  : ideal125
2021-10-19 21:17:09.878145 (9291) main____ INFO      pid       : 9291
2021-10-19 21:17:09.878166 (9291) main____ INFO      arguments : '-style' 'windows' '-superlint' '../script/superlint.tcl'
2021-10-19 21:17:09.878185 (9291) main____ INFO    ----------------------------------------
2021-10-19 21:17:09.878201 (9291) main____ INFO    System resource limits info:
2021-10-19 21:17:09.878222 (9291) main____ INFO      virtual memory: unlimited
2021-10-19 21:17:09.878244 (9291) main____ INFO      cpu time      : unlimited
2021-10-19 21:17:09.878278 (9291) main____ INFO      stack size    : 10485760 B
2021-10-19 21:17:09.878311 (9291) main____ INFO      core file size: 0 B
2021-10-19 21:17:09.878340 (9291) main____ INFO      open files    : 1024
2021-10-19 21:17:09.878363 (9291) main____ INFO      file size     : unlimited
2021-10-19 21:17:09.878382 (9291) main____ INFO    ----------------------------------------
2021-10-19 21:17:09.878398 (9291) main____ INFO    Memory statistics:
2021-10-19 21:17:09.878417 (9291) main____ INFO      total physical memory  : 8031152 kB
2021-10-19 21:17:09.878434 (9291) main____ INFO      free physical memory   : 1334344 kB
2021-10-19 21:17:09.878451 (9291) main____ INFO      committed address space: 1727888 kB
2021-10-19 21:17:09.878467 (9291) main____ INFO    ----------------------------------------
2021-10-19 21:17:09.878551 (9291) main____ INFO    Important environment variables:
2021-10-19 21:17:09.878589 (9291) main____ INFO      DISPLAY        : 'localhost:12.0'
2021-10-19 21:17:09.878619 (9291) main____ INFO      LM_LICENSE_FILE: '26585@lsncku:5280@lstc:1717@lsncku:'
2021-10-19 21:17:09.878639 (9291) main____ INFO    ----------------------------------------
2021-10-19 21:17:09.880855 (9291) lic_core INFO    Initializing license system ...
2021-10-19 21:17:09.883520 (9291) lic_core INFO    ... license system initialized.
2021-10-19 21:17:09.886545 (9291) lic__man INFO    Claim 'main' for <ui>.
2021-10-19 21:17:09.886660 (9291) lic_core INFO    (1) checking out 'jasper_interactive' ...
2021-10-19 21:17:09.919527 (9291) lic_core INFO    ... (1) checkout failed (error: -5) ("FLEXnet ERROR(-5, 0, 0): No such feature exists.")
2021-10-19 21:17:09.919601 (9291) lic_core INFO    (2) checking out 'jasper_pint' ...
2021-10-19 21:17:10.046894 (9291) lic_core INFO    ... (2) checkout succeeded
2021-10-19 21:17:10.046976 (9291) lic__man INFO    Claim 'superlint' for <ui>.
2021-10-19 21:17:10.047020 (9291) lic_core INFO    (3) checking out 'jasper_afl' ...
2021-10-19 21:17:10.082010 (9291) lic_core INFO    ... (3) checkout failed (error: -5) ("FLEXnet ERROR(-5, 0, 0): No such feature exists.")
2021-10-19 21:17:10.082081 (9291) lic_core INFO    (4) checking out 'jasper_dao' ...
2021-10-19 21:17:10.206397 (9291) lic_core INFO    ... (4) checkout succeeded
2021-10-19 21:17:13.044610 (9291) lic__man INFO    Claim 'superlint' for <ui>.
2021-10-19 21:17:14.102941 (9291) lic__man INFO    Unclaim 'superlint' for <ui>.
2021-10-19 21:17:14.103011 (9291) lic__man INFO    Claim 'superlint' for <ui>.
2021-10-19 21:17:14.118545 (9291) session_ INFO    Starting analysis session with session id 'session_0' ...
2021-10-19 21:17:14.121354 (9291) session_ INFO    Analysis session with session id 'session_0' started (pid: 9308)
2021-10-19 21:17:21.640679 (9291) session_ INFO    Analysis session 'session_0' connected to the console (host: 127.0.0.1:47250)
2021-10-19 21:17:22.904112 (9291) lic__man INFO    Unclaim everything for 'session_0'.
2021-10-19 21:17:24.316607 (9291) lic__man INFO    Unclaim everything for 'session_0'.
2021-10-19 21:18:16.108970 (9291) lic__man INFO    Unclaim everything for 'session_0'.
2021-10-19 21:18:17.344438 (9291) lic__man INFO    Unclaim everything for 'session_0'.
2021-10-19 21:18:17.722248 (9291) lic__man INFO    Claim 'superlint' for 'session_0'.
2021-10-19 21:18:21.712309 (9291) lic__man INFO    Claim 'superlint' for 'session_0/prove-0'.
2021-10-19 21:18:21.981100 (9291) lic__man INFO    Claim 'superlint' for 'session_0/prove-1'.
2021-10-19 21:18:21.981169 (9291) lic_core INFO    (5) checking out 'jasper_afl' ...
2021-10-19 21:18:22.021934 (9291) lic_core INFO    ... (5) checkout failed (error: -5) ("FLEXnet ERROR(-5, 0, 0): No such feature exists.")
2021-10-19 21:18:22.022013 (9291) lic_core INFO    (6) checking out 'jasper_dao' ...
2021-10-19 21:18:22.138655 (9291) lic_core INFO    ... (6) checkout succeeded
2021-10-19 21:18:22.196573 (9291) lic__man INFO    Unclaim everything for 'session_0/prove-0'.
2021-10-19 21:18:22.437294 (9291) lic__man INFO    Claim 'superlint' for 'session_0/prove-2'.
2021-10-19 21:18:22.478709 (9291) lic__man INFO    Unclaim everything for 'session_0/prove-1'.
2021-10-19 21:18:22.707745 (9291) lic__man INFO    Claim 'superlint' for 'session_0/prove-3'.
2021-10-19 21:18:22.744768 (9291) lic__man INFO    Unclaim everything for 'session_0/prove-2'.
2021-10-19 21:18:23.016336 (9291) lic__man INFO    Unclaim everything for 'session_0/prove-3'.
2021-10-19 21:30:52.153083 (9291) lic__man INFO    Unclaim everything for 'session_0'.
2021-10-19 21:30:53.223365 (9291) lic__man INFO    Unclaim everything for 'session_0'.
2021-10-19 21:30:53.438409 (9291) lic__man INFO    Claim 'superlint' for 'session_0'.
2021-10-19 21:30:56.966360 (9291) lic__man INFO    Claim 'superlint' for 'session_0/prove-0'.
2021-10-19 21:30:57.233998 (9291) lic__man INFO    Claim 'superlint' for 'session_0/prove-1'.
2021-10-19 21:30:57.283700 (9291) lic__man INFO    Unclaim everything for 'session_0/prove-0'.
2021-10-19 21:30:57.555465 (9291) lic__man INFO    Claim 'superlint' for 'session_0/prove-2'.
2021-10-19 21:30:57.603011 (9291) lic__man INFO    Unclaim everything for 'session_0/prove-1'.
2021-10-19 21:30:58.141557 (9291) lic__man INFO    Unclaim everything for 'session_0/prove-2'.
2021-10-19 21:30:58.401459 (9291) lic__man INFO    Claim 'superlint' for 'session_0/prove-3'.
2021-10-19 21:30:58.941638 (9291) lic__man INFO    Unclaim everything for 'session_0/prove-3'.
2021-10-19 21:40:06.209817 (9291) lic__man INFO    Entering idle state.
2021-10-19 21:45:57.603075 (9291) lic_core INFO    (6) checkin jasper_dao
2021-10-19 22:39:40.150412 (9291) lic__man INFO    Leaving idle state.
2021-10-19 22:47:40.150551 (9291) lic__man INFO    Entering idle state.
2021-10-19 23:16:23.559230 (9291) lic__man INFO    Leaving idle state.
2021-10-19 23:27:03.229695 (9291) lic__man INFO    Entering idle state.
2021-10-19 23:35:00.336438 (9291) lic__man INFO    Leaving idle state.
2021-10-19 23:43:00.336592 (9291) lic__man INFO    Entering idle state.
