
main:     file format elf32-littleriscv
main
architecture: riscv:rv32, flags 0x00000112:
EXEC_P, HAS_SYMS, D_PAGED
start address 0x00000000

Program Header:
    LOAD off    0x00001000 vaddr 0x00000000 paddr 0x00000000 align 2**12
         filesz 0x00000e2c memsz 0x00000e2c flags r-x
    LOAD off    0x00002000 vaddr 0x00010000 paddr 0x00010000 align 2**12
         filesz 0x00000000 memsz 0x00001000 flags rw-
    LOAD off    0x00002000 vaddr 0x00011000 paddr 0x00011000 align 2**12
         filesz 0x00000000 memsz 0x00001000 flags rw-

Sections:
Idx Name          Size      VMA       LMA       File off  Algn
  0 .text         00000d40  00000000  00000000  00001000  2**2
                  CONTENTS, ALLOC, LOAD, READONLY, CODE
  1 .rodata       000000ec  00000d40  00000d40  00001d40  2**0
                  CONTENTS, ALLOC, LOAD, READONLY, DATA
  2 _test         00001000  00010000  00010000  00002000  2**0
                  ALLOC
  3 .data         00000000  00011000  00010000  00002000  2**0
                  CONTENTS, ALLOC, LOAD, DATA
  4 .bss          00000000  00011000  00011000  00002000  2**0
                  ALLOC
  5 .stack        00001000  00011000  00011000  00002000  2**0
                  ALLOC
  6 .comment      0000001a  00000000  00000000  00002000  2**0
                  CONTENTS, READONLY
SYMBOL TABLE:
00000000 l    d  .text	00000000 .text
00000d40 l    d  .rodata	00000000 .rodata
00010000 l    d  _test	00000000 _test
00011000 l    d  .data	00000000 .data
00011000 l    d  .bss	00000000 .bss
00011000 l    d  .stack	00000000 .stack
00000000 l    d  .comment	00000000 .comment
00000000 l    df *ABS*	00000000 setup.o
00000084 l       .text	00000000 init_bss
0000012c l       .text	00000000 fill_block
0000009c l       .text	00000000 init_sbss
000000b4 l       .text	00000000 write_stack_pattern
000000cc l       .text	00000000 init_stack
000000d4 l       .text	00000000 write_test_pattern
000000ec l       .text	00000000 SystemInit
00000114 l       .text	00000000 SystemExit
00000128 l       .text	00000000 dead_loop
0000013c l       .text	00000000 fb_end
00000000 l    df *ABS*	00000000 main.o
00000150 l       .text	00000000 add
0000018c l       .text	00000000 sub
000001c8 l       .text	00000000 sll
00000204 l       .text	00000000 slt
00000240 l       .text	00000000 sltu
00000280 l       .text	00000000 xor
000002c4 l       .text	00000000 srl
00000308 l       .text	00000000 sra
0000034c l       .text	00000000 or
00000394 l       .text	00000000 and
000003d8 l       .text	00000000 load
00000e28 l       .rodata	00000000 lw_data
0000047c l       .text	00000000 addi
000004c8 l       .text	00000000 slti
00000514 l       .text	00000000 sltiu
00000564 l       .text	00000000 xori
000005b0 l       .text	00000000 ori
000005fc l       .text	00000000 andi
00000650 l       .text	00000000 slli
000006a0 l       .text	00000000 srli
000006f4 l       .text	00000000 srai
00000748 l       .text	00000000 jalr
000007cc l       .text	00000000 store
00000834 l       .text	00000000 beq
00000894 l       .text	00000000 bne
000008f4 l       .text	00000000 blt
0000097c l       .text	00000000 bge
000009f8 l       .text	00000000 bltu
00000a74 l       .text	00000000 bgeu
00000af0 l       .text	00000000 auipc
00000b0c l       .text	00000000 lui
00000b28 l       .text	00000000 jal
00000b4c l       .text	00000000 csrrw
00000be8 l       .text	00000000 csrrwi
00000c28 l       .text	00000000 csrrs
00000c4c l       .text	00000000 csrrsi
00000c68 l       .text	00000000 csrrc
00000c8c l       .text	00000000 csrrci
00000ca8 l       .text	00000000 main_exit
00000000 l    df *ABS*	00000000 verif.c
00000cb4 g     F .text	0000008c .hidden verif
00010000 g       _test	00000000 _test_start
00010000 g       _test	00000000 _dmem_start
00011000 g       *ABS*	00000000 __data_paddr_start
00011000 g       _test	00000000 __sbss_start
00011800 g       _test	00000000 _gp
00000000 g       .text	00000000 __text_start
00011000 g       _test	00000000 _test_end
00001000 g       *ABS*	00000000 _TEST_SIZE
00011000 g       *ABS*	00000000 __sdata_paddr_start
00011000 g       _test	00000000 __sdata_start
00000e2c g       .rodata	00000000 __rodata_end
00011000 g       .bss	00000000 __bss_end
00011000 g       _test	00000000 __sbss_end
00000000 g       .text	00000000 _start
00000d40 g       .rodata	00000000 __rodata_start
00011000 g       .data	00000000 __data_end
00000e28 g       .rodata	00000000 _golden_end
00000d40 g       .text	00000000 __text_end
00011000 g       .bss	00000000 __bss_start
00001000 g       *ABS*	00000000 _STACK_SIZE
00000140 g       .text	00000000 main
00011000 g       .stack	00000000 _stack_end
00011000 g       _test	00000000 __sdata_end
00012000 g       .stack	00000000 __stack
00012000 g       .stack	00000000 _stack
00011000 g       .data	00000000 __data_start
00000d40 g       .rodata	00000000 _golden_start


Contents of section .text:
 0000 93000000 13010000 93010000 13020000  ................
 0010 93020000 13030000 93030000 13040000  ................
 0020 93040000 13050000 93050000 13060000  ................
 0030 93060000 13070000 93070000 13080000  ................
 0040 93080000 13090000 93090000 130a0000  ................
 0050 930a0000 130b0000 930b0000 130c0000  ................
 0060 930c0000 130d0000 930d0000 130e0000  ................
 0070 930e0000 130f0000 930f0000 97110100  ................
 0080 93814178 17150100 1305c5f7 97150100  ..Ax............
 0090 938505f7 13060000 ef004009 17150100  ..........@.....
 00a0 130545f6 97150100 938585f5 13060000  ..E.............
 00b0 ef00c007 17150100 1305c5f4 97250100  .............%..
 00c0 938505f4 13060000 ef004006 17210100  ..........@..!..
 00d0 130141f3 17050100 1305c5f2 97150100  ..A.............
 00e0 938505f2 13060000 ef004004 ef004005  ..........@...@.
 00f0 17050100 130505f1 97150000 938585c4  ................
 0100 17160000 130686d2 3306b640 13562600  ........3..@.V&.
 0110 ef00503a 97120100 938282ee 13031000  ..P:............
 0120 23aea2fe 23a06200 6f000000 63e8a500  #...#.b.o...c...
 0130 2320c500 13054500 6ff05fff 67800000  # ....E.o._.g...
 0140 1301c1ff 23208100 17040100 130484eb  ....# ..........
 0150 9302f0ff 1303f0ff b3826200 b3826200  ..........b...b.
 0160 b3826200 b3826200 b3826200 1303e0ff  ..b...b...b.....
 0170 b3025300 b3025300 b3025300 b3025300  ..S...S...S...S.
 0180 b3025300 23205400 13044400 93020000  ..S.# T...D.....
 0190 1303f0ff b3826240 b3826240 b3826240  ......b@..b@..b@
 01a0 b3826240 b3826240 1303d0ff b3025340  ..b@..b@......S@
 01b0 b3025340 b3025340 b3025340 b3025340  ..S@..S@..S@..S@
 01c0 23205400 13044400 93021000 13031000  # T...D.........
 01d0 b3926200 b3926200 b3926200 b3926200  ..b...b...b...b.
 01e0 b3926200 13032000 b3125300 b3125300  ..b... ...S...S.
 01f0 b3125300 b3125300 b3125300 23205400  ..S...S...S.# T.
 0200 13044400 9302f0ff 13031000 b3a26200  ..D...........b.
 0210 b3a26200 b3a26200 b3a26200 b3a26200  ..b...b...b...b.
 0220 1303f0ff b3225300 b3225300 b3225300  ....."S.."S.."S.
 0230 b3225300 b3225300 23205400 13044400  ."S.."S.# T...D.
 0240 9302f0ff 13031000 b3b26200 b3b26200  ..........b...b.
 0250 b3b26200 b3b26200 b3b26200 b3b26200  ..b...b...b...b.
 0260 13030000 b3325300 b3325300 b3325300  .....2S..2S..2S.
 0270 b3325300 b3325300 23205400 13044400  .2S..2S.# T...D.
 0280 9302f0ff 37f3f0f0 1303030f b3c26200  ....7.........b.
 0290 b3c26200 b3c26200 b3c26200 b3c26200  ..b...b...b...b.
 02a0 37737777 13037377 b3425300 b3425300  7sww..sw.BS..BS.
 02b0 b3425300 b3425300 b3425300 23205400  .BS..BS..BS.# T.
 02c0 13044400 9302f0ff 37b3ec75 13034386  ..D.....7..u..C.
 02d0 b3d26200 b3d26200 b3d26200 b3d26200  ..b...b...b...b.
 02e0 b3d26200 37533412 13038367 b3525300  ..b.7S4....g.RS.
 02f0 b3525300 b3525300 b3525300 b3525300  .RS..RS..RS..RS.
 0300 23205400 13044400 b7426587 93821232  # T...D..Be....2
 0310 13034000 b3d26240 b3d26240 b3d26240  ..@...b@..b@..b@
 0320 b3d26240 b3d26240 37737777 13037377  ..b@..b@7sww..sw
 0330 b3525340 b3525340 b3525340 b3525340  .RS@.RS@.RS@.RS@
 0340 b3525340 23205400 13044400 b7523412  .RS@# T...D..R4.
 0350 93828267 37c3dcfe 130383a9 b3e26200  ...g7.........b.
 0360 b3e26200 b3e26200 b3e26200 b3e26200  ..b...b...b...b.
 0370 37034062 13035328 b3625300 b3625300  7.@b..S(.bS..bS.
 0380 b3625300 b3625300 b3625300 23205400  .bS..bS..bS.# T.
 0390 13044400 b7523412 93828267 1303f0ff  ..D..R4....g....
 03a0 b3f26200 b3f26200 b3f26200 b3f26200  ..b...b...b...b.
 03b0 b3f26200 37f3f0f0 1303030f b3725300  ..b.7........rS.
 03c0 b3725300 b3725300 b3725300 b3725300  .rS..rS..rS..rS.
 03d0 23205400 13044400 17130000 130303a5  # T...D.........
 03e0 83220300 1301c1fe 23205100 93020100  ."......# Q.....
 03f0 23225100 93024100 23245100 93028100  #"Q...A.#$Q.....
 0400 23265100 9302c100 23285100 93020101  #&Q.....#(Q.....
 0410 83a20200 83a20200 83a20200 83a20200  ................
 0420 83a20200 13014101 0323c1ff 832381ff  ......A..#...#..
 0430 032e41ff 832e01ff 032fc1fe 3303d301  ..A....../..3...
 0440 b383c301 33037340 3303e301 b3826200  ....3.s@3.....b.
 0450 13040401 232854fe 030304ff 831304ff  ....#(T.........
 0460 034e04ff 835e04ff 232a64fe 232c74fe  .N...^..#*d.#,t.
 0470 232ec4ff 2320d401 13044400 9302f0ff  #...# ....D.....
 0480 9382f2ff 93825276 93828288 93822243  ......Rv......"C
 0490 9382c2ab 13031052 930323ce 130eb313  .......R..#.....
 04a0 930e9349 130f1380 930f83a6 b383c301  ...I............
 04b0 b38eee01 b382f201 b383d301 b3827200  ..............r.
 04c0 23205400 13044400 9302f0ff 93a2f2ff  # T...D.........
 04d0 93a2823e 93a20283 93a21200 93a27245  ...>..........rE
 04e0 130360c6 932343c9 132eb322 932e4383  ..`..#C...."..C.
 04f0 132f0300 932f63c6 b383c301 b38eee01  ./.../c.........
 0500 b382f201 b383d301 b3827200 23205400  ..........r.# T.
 0510 13044400 9302e0ff 93b2f2ff 93b2823e  ..D............>
 0520 93b20283 93b212f0 93b21200 37c3aaaa  ............7...
 0530 1303b3bb 933343c9 133eb322 933e4383  .....3C..>.".>C.
 0540 133f0300 933f63c6 b383c301 b38eee01  .?...?c.........
 0550 b382f201 b383d301 b3827200 23205400  ..........r.# T.
 0560 13044400 9302f0ff 93c2b207 93c25297  ..D...........R.
 0570 93c212cc 93c2127f 93c2324a 13037038  ..........2J..p8
 0580 934333ee 134e430a 934e636e 134f9389  .C3..NC..Ncn.O..
 0590 934f934b b383c301 b38eee01 b382f201  .O.K............
 05a0 b383d301 b3827200 23205400 13044400  ......r.# T...D.
 05b0 93021000 93e2c21b 93e2526e 93e2d2ed  ..........Rn....
 05c0 93e2c209 93e22250 13033078 9363d311  ......"P..0x.c..
 05d0 136ec3f5 936ea391 136f7376 936f73b4  .n...n...osv.os.
 05e0 b383c301 b38eee01 b382f201 b383d301  ................
 05f0 b3827200 23205400 13044400 b7f2cdab  ..r.# T...D.....
 0600 938282f9 93f232eb 93f242f4 93f29220  ......2...B.... 
 0610 93f272e8 93f25235 37533412 13038367  ..r...R57S4....g
 0620 9373137f 137ea30d 937e43ec 137ff34a  .s...~...~C....J
 0630 937f93cf b383c301 b38eee01 b382f201  ................
 0640 b383d301 b3827200 23205400 13044400  ......r.# T...D.
 0650 9302a000 93922200 93925200 93927200  ......"...R...r.
 0660 9392a200 93926200 3743b21a 130343cd  ......b.7C....C.
 0670 9313f300 131e6300 931ec301 131f1301  ......c.........
 0680 931f7300 b383c301 b38eee01 b382f201  ..s.............
 0690 b383d301 b3827200 23205400 13044400  ......r.# T...D.
 06a0 b7c2b2a1 9382423d 93d23200 93d24200  ......B=..2...B.
 06b0 93d26200 93d2b200 93d27200 3783bfaa  ..b.......r.7...
 06c0 1303c390 93539301 135e0301 935e2301  .....S...^...^#.
 06d0 135fb301 935f1301 b383c301 b38eee01  ._..._..........
 06e0 b382f201 b383d301 b3827200 23205400  ..........r.# T.
 06f0 13044400 b7c2b2a1 9382423d 93d25240  ..D.......B=..R@
 0700 93d22240 93d28240 93d29240 93d24240  .."@...@...@..B@
 0710 3783bfaa 1303c390 9353d340 135e8340  7........S.@.^.@
 0720 935e9340 135fe340 935f4340 b383c301  .^.@._.@._C@....
 0730 b38eee01 b382f201 b383d301 b3827200  ..............r.
 0740 23205400 13044400 b7f2ffff 17030000  # T...D.........
 0750 13030302 67030300 93e21200 67034300  ....g.......g.C.
 0760 93e24200 67034300 93e20201 67034300  ..B.g.C.....g.C.
 0770 93e21200 67034300 93e28200 17030000  ....g.C.........
 0780 13030303 e70303fe 93e20202 670e83fe  ............g...
 0790 93e20204 e70e03ff 93e20208 670f83ff  ............g...
 07a0 93e20210 e70f0300 93e20220 b383c341  ........... ...A
 07b0 b38eee41 b38f6f40 b383d301 3383f301  ...A..o@....3...
 07c0 b3926200 23205400 13044400 9302f000  ..b.# T...D.....
 07d0 1303000f b7130000 938303f0 37fe0000  ............7...
 07e0 b75e3412 938e8e67 13044401 232e54fe  .^4....g..D.#.T.
 07f0 232c64fe 232a74fe 2328c4ff 2326d4ff  #,d.#*t.#(..#&..
 0800 13044401 032f84fd 832e04ff 232ee4ff  ..D../......#...
 0810 230ce4ff 231ae4ff a309e4ff 2317e4ff  #...#.......#...
 0820 832204ff 0323c4fe b3035300 13044400  ."...#....S...D.
 0830 232e74fe b7f2ffff 37f3ffff 37130000  #.t.....7...7...
 0840 130303ff 638c6202 638a6202 63886202  ....c.b.c.b.c.b.
 0850 63866202 63846202 37f3ffff 37130000  c.b.c.b.7...7...
 0860 1303f3ff 630c5300 630a5300 63085300  ....c.S.c.S.c.S.
 0870 63065300 63045300 6f008000 93e21200  c.S.c.S.o.......
 0880 1343f3ff 63846200 93e22200 23205400  .C..c.b...".# T.
 0890 13044400 b7f2ffff 37130000 130303ff  ..D.....7.......
 08a0 37f3ffff 639c6202 639a6202 63986202  7...c.b.c.b.c.b.
 08b0 63966202 63946202 37130000 1303f3ff  c.b.c.b.7.......
 08c0 37f3ffff 631c5300 631a5300 63185300  7...c.S.c.S.c.S.
 08d0 63165300 63145300 6f008000 93e21200  c.S.c.S.o.......
 08e0 1343f3ff 63946200 93e22200 23205400  .C..c.b...".# T.
 08f0 13044400 b7f2ffff 37130000 130303ff  ..D.....7.......
 0900 1383c2ff 63cc6202 63ca6202 63c86202  ....c.b.c.b.c.b.
 0910 63c66202 63c46202 37130000 1303f3ff  c.b.c.b.7.......
 0920 13834200 634c5300 634a5300 63485300  ..B.cLS.cJS.cHS.
 0930 63465300 63445300 6f008000 93e21200  cFS.cDS.o.......
 0940 37130000 1303f3ff 63c46200 93e22200  7.......c.b...".
 0950 13830200 63c46200 6f008000 93e24200  ....c.b.o.....B.
 0960 37f3ffff 1303e3ee 63c46200 6f008000  7.......c.b.o...
 0970 93e28200 23205400 13044400 b7f2ffff  ....# T...D.....
 0980 37f3ffff 13834200 63da6202 63d86202  7.....B.c.b.c.b.
 0990 63d66202 63d46202 63d26202 3703ffff  c.b.c.b.c.b.7...
 09a0 1383c2ff 635c5300 635a5300 63585300  ....c\S.cZS.cXS.
 09b0 63565300 63545300 6f008000 93e21200  cVS.cTS.o.......
 09c0 37130000 1303f3ff 63d46200 6f008000  7.......c.b.o...
 09d0 93e22200 13830200 63d46200 93e24200  ..".....c.b...B.
 09e0 37f3ffff 1303e3ee 63d46200 93e28200  7.......c.b.....
 09f0 23205400 13044400 b7f2ffff 130300f0  # T...D.........
 0a00 1383c2ff 63ea6202 63e86202 63e66202  ....c.b.c.b.c.b.
 0a10 63e46202 63e26202 1303f0ff 13834200  c.b.c.b.......B.
 0a20 636c5300 636a5300 63685300 63665300  clS.cjS.chS.cfS.
 0a30 63645300 6f008000 93e21200 1303f0ff  cdS.o...........
 0a40 63e46200 93e22200 13830200 63e46200  c.b...".....c.b.
 0a50 6f008000 93e24200 37130000 1303f3ff  o.....B.7.......
 0a60 63e46200 6f008000 93e28200 23205400  c.b.o.......# T.
 0a70 13044400 b7f2ffff 37f3ffff 13834200  ..D.....7.....B.
 0a80 63fc6202 63fa6202 63f86202 63f66202  c.b.c.b.c.b.c.b.
 0a90 63f46202 37130000 1303f3ff 1383c2ff  c.b.7...........
 0aa0 637c5300 637a5300 63785300 63765300  c|S.czS.cxS.cvS.
 0ab0 63745300 6f008000 93e21200 1303f0ff  ctS.o...........
 0ac0 63f46200 6f008000 93e22200 13830200  c.b.o.....".....
 0ad0 63f46200 93e24200 37130000 1303f3ff  c.b...B.7.......
 0ae0 63f46200 93e28200 23205400 13044400  c.b.....# T...D.
 0af0 97020000 17f3ffff 97935713 33037300  ..........W.3.s.
 0b00 b3826200 23205400 13044400 b7020000  ..b.# T...D.....
 0b10 37f3ffff b7935713 33037300 b3826200  7.....W.3.s...b.
 0b20 23205400 13044400 b7f2ffff 6f038000  # T...D.....o...
 0b30 93e21200 97030000 93830300 33836340  ............3.c@
 0b40 b3826200 23205400 13044400 b7020f00  ..b.# T...D.....
 0b50 93828200 73900230 f3130030 731e0030  ....s..0...0s..0
 0b60 3383c301 23206400 13044400 b7120000  3...# d...D.....
 0b70 938222a3 73904230 f3134030 731e4030  ..".s.B0..@0s.@0
 0b80 3383c301 23206400 13044400 b7422301  3...# d...D..B#.
 0b90 93827256 73905230 f3135030 731e5030  ..rVs.R0..P0s.P0
 0ba0 3383c301 23206400 13044400 b7422301  3...# d...D..B#.
 0bb0 93827256 73901234 f3131034 731e1034  ..rVs..4...4s..4
 0bc0 3383c301 23206400 13044400 9302a022  3...# d...D...."
 0bd0 73904234 f3134034 731e4034 3383c301  s.B4..@4s.@43...
 0be0 23206400 13044400 73d00430 73130030  # d...D.s..0s..0
 0bf0 23206400 13044400 73d05730 73135030  # d...D.s.W0s.P0
 0c00 23206400 13044400 73d01734 73131034  # d...D.s..4s..4
 0c10 23206400 13044400 73d04734 73134034  # d...D.s.G4s.@4
 0c20 23206400 13044400 b7020f00 93828200  # d...D.........
 0c30 37030f00 13038300 73900230 f3220330  7.......s..0.".0
 0c40 f3130030 23207400 13044400 b7020f00  ...0# t...D.....
 0c50 93828200 73900230 f3e20430 f3130030  ....s..0...0...0
 0c60 23207400 13044400 b7220f00 93828288  # t...D.."......
 0c70 37230f00 13030388 73900230 f3320330  7#......s..0.2.0
 0c80 f3130030 23207400 13044400 b7220f00  ...0# t...D.."..
 0c90 93828288 73900230 f3f20430 f3130030  ....s..0...0...0
 0ca0 23207400 13044400 03240100 13014100  # t...D..$....A.
 0cb0 67800000 130101fd 23268102 13040103  g.......#&......
 0cc0 232ea4fc 232cb4fc 232ac4fc 232604fe  #...#,..#*..#&..
 0cd0 6f00c004 8327c4fe 93972700 0327c4fd  o....'....'..'..
 0ce0 b307f700 03a70700 8327c4fe 93972700  .........'....'.
 0cf0 832684fd b387f600 83a70700 630af700  .&..........c...
 0d00 0327c4fe b707adde b367f700 6f004002  .'.......g..o.@.
 0d10 8327c4fe 93871700 2326f4fe 0327c4fe  .'......#&...'..
 0d20 832744fd e348f7fa b7d7feca 9387e7af  .'D..H..........
 0d30 13850700 0324c102 13010103 67800000  .....$......g...
Contents of section .rodata:
 0d40 f0ffffff f8ffffff 08000000 01000000  ................
 0d50 01000000 78787878 a2910000 03000000  ....xxxx........
 0d60 fdfefcfe 70503010 cccccccc ccffffff  ....pP0.........
 0d70 ccccffff cc000000 cccc0000 9d0d0000  ................
 0d80 04000000 03000000 a6010000 c60e0000  ................
 0d90 a8b76824 009fbf5d 382b0100 b71728fa  ..h$...]8+....(.
 0da0 000000ff 78563412 00f00000 000f0000  ....xV4.........
 0db0 f0000000 0f000000 00007856 00000078  ..........xV...x
 0dc0 78560000 78000000 78563412 000078ce  xV..x...xV4...x.
 0dd0 00f0ffff 00f0ffff 00f0ffff 00f0ffff  ................
 0de0 00f0ffff 00f0ffff dca05713 00805713  ..........W...W.
 0df0 04f0ffff 08000e00 220a0000 65452301  ........"...eE#.
 0e00 64452301 2a020000 08000000 0d000000  dE#.*...........
 0e10 0c000000 0a000000 08000e00 08000e00  ................
 0e20 08000000 80180e00 66666666           ........ffff    
Contents of section .comment:
 0000 4743433a 2028474e 55292037 2e312e31  GCC: (GNU) 7.1.1
 0010 20323031 37303530 3900                20170509.      

Disassembly of section .text:

00000000 <__text_start>:
   0:	00000093          	li	ra,0
   4:	00000113          	li	sp,0
   8:	00000193          	li	gp,0
   c:	00000213          	li	tp,0
  10:	00000293          	li	t0,0
  14:	00000313          	li	t1,0
  18:	00000393          	li	t2,0
  1c:	00000413          	li	s0,0
  20:	00000493          	li	s1,0
  24:	00000513          	li	a0,0
  28:	00000593          	li	a1,0
  2c:	00000613          	li	a2,0
  30:	00000693          	li	a3,0
  34:	00000713          	li	a4,0
  38:	00000793          	li	a5,0
  3c:	00000813          	li	a6,0
  40:	00000893          	li	a7,0
  44:	00000913          	li	s2,0
  48:	00000993          	li	s3,0
  4c:	00000a13          	li	s4,0
  50:	00000a93          	li	s5,0
  54:	00000b13          	li	s6,0
  58:	00000b93          	li	s7,0
  5c:	00000c13          	li	s8,0
  60:	00000c93          	li	s9,0
  64:	00000d13          	li	s10,0
  68:	00000d93          	li	s11,0
  6c:	00000e13          	li	t3,0
  70:	00000e93          	li	t4,0
  74:	00000f13          	li	t5,0
  78:	00000f93          	li	t6,0
  7c:	00011197          	auipc	gp,0x11
  80:	78418193          	addi	gp,gp,1924 # 11800 <_gp>

00000084 <init_bss>:
  84:	00011517          	auipc	a0,0x11
  88:	f7c50513          	addi	a0,a0,-132 # 11000 <__data_paddr_start>
  8c:	00011597          	auipc	a1,0x11
  90:	f7058593          	addi	a1,a1,-144 # 10ffc <_dmem_start+0xffc>
  94:	00000613          	li	a2,0
  98:	094000ef          	jal	ra,12c <fill_block>

0000009c <init_sbss>:
  9c:	00011517          	auipc	a0,0x11
  a0:	f6450513          	addi	a0,a0,-156 # 11000 <__data_paddr_start>
  a4:	00011597          	auipc	a1,0x11
  a8:	f5858593          	addi	a1,a1,-168 # 10ffc <_dmem_start+0xffc>
  ac:	00000613          	li	a2,0
  b0:	07c000ef          	jal	ra,12c <fill_block>

000000b4 <write_stack_pattern>:
  b4:	00011517          	auipc	a0,0x11
  b8:	f4c50513          	addi	a0,a0,-180 # 11000 <__data_paddr_start>
  bc:	00012597          	auipc	a1,0x12
  c0:	f4058593          	addi	a1,a1,-192 # 11ffc <_gp+0x7fc>
  c4:	00000613          	li	a2,0
  c8:	064000ef          	jal	ra,12c <fill_block>

000000cc <init_stack>:
  cc:	00012117          	auipc	sp,0x12
  d0:	f3410113          	addi	sp,sp,-204 # 12000 <__stack>

000000d4 <write_test_pattern>:
  d4:	00010517          	auipc	a0,0x10
  d8:	f2c50513          	addi	a0,a0,-212 # 10000 <_dmem_start>
  dc:	00011597          	auipc	a1,0x11
  e0:	f2058593          	addi	a1,a1,-224 # 10ffc <_dmem_start+0xffc>
  e4:	00000613          	li	a2,0
  e8:	044000ef          	jal	ra,12c <fill_block>

000000ec <SystemInit>:
  ec:	054000ef          	jal	ra,140 <main>
  f0:	00010517          	auipc	a0,0x10
  f4:	f1050513          	addi	a0,a0,-240 # 10000 <_dmem_start>
  f8:	00001597          	auipc	a1,0x1
  fc:	c4858593          	addi	a1,a1,-952 # d40 <__text_end>
 100:	00001617          	auipc	a2,0x1
 104:	d2860613          	addi	a2,a2,-728 # e28 <_golden_end>
 108:	40b60633          	sub	a2,a2,a1
 10c:	00265613          	srli	a2,a2,0x2
 110:	3a5000ef          	jal	ra,cb4 <verif>

00000114 <SystemExit>:
 114:	00011297          	auipc	t0,0x11
 118:	ee828293          	addi	t0,t0,-280 # 10ffc <_dmem_start+0xffc>
 11c:	00100313          	li	t1,1
 120:	fea2ae23          	sw	a0,-4(t0)
 124:	0062a023          	sw	t1,0(t0)

00000128 <dead_loop>:
 128:	0000006f          	j	128 <dead_loop>

0000012c <fill_block>:
 12c:	00a5e863          	bltu	a1,a0,13c <fb_end>
 130:	00c52023          	sw	a2,0(a0)
 134:	00450513          	addi	a0,a0,4
 138:	ff5ff06f          	j	12c <fill_block>

0000013c <fb_end>:
 13c:	00008067          	ret

00000140 <main>:
 140:	ffc10113          	addi	sp,sp,-4
 144:	00812023          	sw	s0,0(sp)
 148:	00010417          	auipc	s0,0x10
 14c:	eb840413          	addi	s0,s0,-328 # 10000 <_dmem_start>

00000150 <add>:
 150:	fff00293          	li	t0,-1
 154:	fff00313          	li	t1,-1
 158:	006282b3          	add	t0,t0,t1
 15c:	006282b3          	add	t0,t0,t1
 160:	006282b3          	add	t0,t0,t1
 164:	006282b3          	add	t0,t0,t1
 168:	006282b3          	add	t0,t0,t1
 16c:	ffe00313          	li	t1,-2
 170:	005302b3          	add	t0,t1,t0
 174:	005302b3          	add	t0,t1,t0
 178:	005302b3          	add	t0,t1,t0
 17c:	005302b3          	add	t0,t1,t0
 180:	005302b3          	add	t0,t1,t0
 184:	00542023          	sw	t0,0(s0)
 188:	00440413          	addi	s0,s0,4

0000018c <sub>:
 18c:	00000293          	li	t0,0
 190:	fff00313          	li	t1,-1
 194:	406282b3          	sub	t0,t0,t1
 198:	406282b3          	sub	t0,t0,t1
 19c:	406282b3          	sub	t0,t0,t1
 1a0:	406282b3          	sub	t0,t0,t1
 1a4:	406282b3          	sub	t0,t0,t1
 1a8:	ffd00313          	li	t1,-3
 1ac:	405302b3          	sub	t0,t1,t0
 1b0:	405302b3          	sub	t0,t1,t0
 1b4:	405302b3          	sub	t0,t1,t0
 1b8:	405302b3          	sub	t0,t1,t0
 1bc:	405302b3          	sub	t0,t1,t0
 1c0:	00542023          	sw	t0,0(s0)
 1c4:	00440413          	addi	s0,s0,4

000001c8 <sll>:
 1c8:	00100293          	li	t0,1
 1cc:	00100313          	li	t1,1
 1d0:	006292b3          	sll	t0,t0,t1
 1d4:	006292b3          	sll	t0,t0,t1
 1d8:	006292b3          	sll	t0,t0,t1
 1dc:	006292b3          	sll	t0,t0,t1
 1e0:	006292b3          	sll	t0,t0,t1
 1e4:	00200313          	li	t1,2
 1e8:	005312b3          	sll	t0,t1,t0
 1ec:	005312b3          	sll	t0,t1,t0
 1f0:	005312b3          	sll	t0,t1,t0
 1f4:	005312b3          	sll	t0,t1,t0
 1f8:	005312b3          	sll	t0,t1,t0
 1fc:	00542023          	sw	t0,0(s0)
 200:	00440413          	addi	s0,s0,4

00000204 <slt>:
 204:	fff00293          	li	t0,-1
 208:	00100313          	li	t1,1
 20c:	0062a2b3          	slt	t0,t0,t1
 210:	0062a2b3          	slt	t0,t0,t1
 214:	0062a2b3          	slt	t0,t0,t1
 218:	0062a2b3          	slt	t0,t0,t1
 21c:	0062a2b3          	slt	t0,t0,t1
 220:	fff00313          	li	t1,-1
 224:	005322b3          	slt	t0,t1,t0
 228:	005322b3          	slt	t0,t1,t0
 22c:	005322b3          	slt	t0,t1,t0
 230:	005322b3          	slt	t0,t1,t0
 234:	005322b3          	slt	t0,t1,t0
 238:	00542023          	sw	t0,0(s0)
 23c:	00440413          	addi	s0,s0,4

00000240 <sltu>:
 240:	fff00293          	li	t0,-1
 244:	00100313          	li	t1,1
 248:	0062b2b3          	sltu	t0,t0,t1
 24c:	0062b2b3          	sltu	t0,t0,t1
 250:	0062b2b3          	sltu	t0,t0,t1
 254:	0062b2b3          	sltu	t0,t0,t1
 258:	0062b2b3          	sltu	t0,t0,t1
 25c:	0062b2b3          	sltu	t0,t0,t1
 260:	00000313          	li	t1,0
 264:	005332b3          	sltu	t0,t1,t0
 268:	005332b3          	sltu	t0,t1,t0
 26c:	005332b3          	sltu	t0,t1,t0
 270:	005332b3          	sltu	t0,t1,t0
 274:	005332b3          	sltu	t0,t1,t0
 278:	00542023          	sw	t0,0(s0)
 27c:	00440413          	addi	s0,s0,4

00000280 <xor>:
 280:	fff00293          	li	t0,-1
 284:	f0f0f337          	lui	t1,0xf0f0f
 288:	0f030313          	addi	t1,t1,240 # f0f0f0f0 <__stack+0xf0efd0f0>
 28c:	0062c2b3          	xor	t0,t0,t1
 290:	0062c2b3          	xor	t0,t0,t1
 294:	0062c2b3          	xor	t0,t0,t1
 298:	0062c2b3          	xor	t0,t0,t1
 29c:	0062c2b3          	xor	t0,t0,t1
 2a0:	77777337          	lui	t1,0x77777
 2a4:	77730313          	addi	t1,t1,1911 # 77777777 <__stack+0x77765777>
 2a8:	005342b3          	xor	t0,t1,t0
 2ac:	005342b3          	xor	t0,t1,t0
 2b0:	005342b3          	xor	t0,t1,t0
 2b4:	005342b3          	xor	t0,t1,t0
 2b8:	005342b3          	xor	t0,t1,t0
 2bc:	00542023          	sw	t0,0(s0)
 2c0:	00440413          	addi	s0,s0,4

000002c4 <srl>:
 2c4:	fff00293          	li	t0,-1
 2c8:	75ecb337          	lui	t1,0x75ecb
 2cc:	86430313          	addi	t1,t1,-1948 # 75eca864 <__stack+0x75eb8864>
 2d0:	0062d2b3          	srl	t0,t0,t1
 2d4:	0062d2b3          	srl	t0,t0,t1
 2d8:	0062d2b3          	srl	t0,t0,t1
 2dc:	0062d2b3          	srl	t0,t0,t1
 2e0:	0062d2b3          	srl	t0,t0,t1
 2e4:	12345337          	lui	t1,0x12345
 2e8:	67830313          	addi	t1,t1,1656 # 12345678 <__stack+0x12333678>
 2ec:	005352b3          	srl	t0,t1,t0
 2f0:	005352b3          	srl	t0,t1,t0
 2f4:	005352b3          	srl	t0,t1,t0
 2f8:	005352b3          	srl	t0,t1,t0
 2fc:	005352b3          	srl	t0,t1,t0
 300:	00542023          	sw	t0,0(s0)
 304:	00440413          	addi	s0,s0,4

00000308 <sra>:
 308:	876542b7          	lui	t0,0x87654
 30c:	32128293          	addi	t0,t0,801 # 87654321 <__stack+0x87642321>
 310:	00400313          	li	t1,4
 314:	4062d2b3          	sra	t0,t0,t1
 318:	4062d2b3          	sra	t0,t0,t1
 31c:	4062d2b3          	sra	t0,t0,t1
 320:	4062d2b3          	sra	t0,t0,t1
 324:	4062d2b3          	sra	t0,t0,t1
 328:	77777337          	lui	t1,0x77777
 32c:	77730313          	addi	t1,t1,1911 # 77777777 <__stack+0x77765777>
 330:	405352b3          	sra	t0,t1,t0
 334:	405352b3          	sra	t0,t1,t0
 338:	405352b3          	sra	t0,t1,t0
 33c:	405352b3          	sra	t0,t1,t0
 340:	405352b3          	sra	t0,t1,t0
 344:	00542023          	sw	t0,0(s0)
 348:	00440413          	addi	s0,s0,4

0000034c <or>:
 34c:	123452b7          	lui	t0,0x12345
 350:	67828293          	addi	t0,t0,1656 # 12345678 <__stack+0x12333678>
 354:	fedcc337          	lui	t1,0xfedcc
 358:	a9830313          	addi	t1,t1,-1384 # fedcba98 <__stack+0xfedb9a98>
 35c:	0062e2b3          	or	t0,t0,t1
 360:	0062e2b3          	or	t0,t0,t1
 364:	0062e2b3          	or	t0,t0,t1
 368:	0062e2b3          	or	t0,t0,t1
 36c:	0062e2b3          	or	t0,t0,t1
 370:	62400337          	lui	t1,0x62400
 374:	28530313          	addi	t1,t1,645 # 62400285 <__stack+0x623ee285>
 378:	005362b3          	or	t0,t1,t0
 37c:	005362b3          	or	t0,t1,t0
 380:	005362b3          	or	t0,t1,t0
 384:	005362b3          	or	t0,t1,t0
 388:	005362b3          	or	t0,t1,t0
 38c:	00542023          	sw	t0,0(s0)
 390:	00440413          	addi	s0,s0,4

00000394 <and>:
 394:	123452b7          	lui	t0,0x12345
 398:	67828293          	addi	t0,t0,1656 # 12345678 <__stack+0x12333678>
 39c:	fff00313          	li	t1,-1
 3a0:	0062f2b3          	and	t0,t0,t1
 3a4:	0062f2b3          	and	t0,t0,t1
 3a8:	0062f2b3          	and	t0,t0,t1
 3ac:	0062f2b3          	and	t0,t0,t1
 3b0:	0062f2b3          	and	t0,t0,t1
 3b4:	f0f0f337          	lui	t1,0xf0f0f
 3b8:	0f030313          	addi	t1,t1,240 # f0f0f0f0 <__stack+0xf0efd0f0>
 3bc:	005372b3          	and	t0,t1,t0
 3c0:	005372b3          	and	t0,t1,t0
 3c4:	005372b3          	and	t0,t1,t0
 3c8:	005372b3          	and	t0,t1,t0
 3cc:	005372b3          	and	t0,t1,t0
 3d0:	00542023          	sw	t0,0(s0)
 3d4:	00440413          	addi	s0,s0,4

000003d8 <load>:
 3d8:	00001317          	auipc	t1,0x1
 3dc:	a5030313          	addi	t1,t1,-1456 # e28 <_golden_end>
 3e0:	00032283          	lw	t0,0(t1)
 3e4:	fec10113          	addi	sp,sp,-20
 3e8:	00512023          	sw	t0,0(sp)
 3ec:	00010293          	mv	t0,sp
 3f0:	00512223          	sw	t0,4(sp)
 3f4:	00410293          	addi	t0,sp,4
 3f8:	00512423          	sw	t0,8(sp)
 3fc:	00810293          	addi	t0,sp,8
 400:	00512623          	sw	t0,12(sp)
 404:	00c10293          	addi	t0,sp,12
 408:	00512823          	sw	t0,16(sp)
 40c:	01010293          	addi	t0,sp,16
 410:	0002a283          	lw	t0,0(t0)
 414:	0002a283          	lw	t0,0(t0)
 418:	0002a283          	lw	t0,0(t0)
 41c:	0002a283          	lw	t0,0(t0)
 420:	0002a283          	lw	t0,0(t0)
 424:	01410113          	addi	sp,sp,20
 428:	ffc12303          	lw	t1,-4(sp)
 42c:	ff812383          	lw	t2,-8(sp)
 430:	ff412e03          	lw	t3,-12(sp)
 434:	ff012e83          	lw	t4,-16(sp)
 438:	fec12f03          	lw	t5,-20(sp)
 43c:	01d30333          	add	t1,t1,t4
 440:	01c383b3          	add	t2,t2,t3
 444:	40730333          	sub	t1,t1,t2
 448:	01e30333          	add	t1,t1,t5
 44c:	006282b3          	add	t0,t0,t1
 450:	01040413          	addi	s0,s0,16
 454:	fe542823          	sw	t0,-16(s0)
 458:	ff040303          	lb	t1,-16(s0)
 45c:	ff041383          	lh	t2,-16(s0)
 460:	ff044e03          	lbu	t3,-16(s0)
 464:	ff045e83          	lhu	t4,-16(s0)
 468:	fe642a23          	sw	t1,-12(s0)
 46c:	fe742c23          	sw	t2,-8(s0)
 470:	ffc42e23          	sw	t3,-4(s0)
 474:	01d42023          	sw	t4,0(s0)
 478:	00440413          	addi	s0,s0,4

0000047c <addi>:
 47c:	fff00293          	li	t0,-1
 480:	fff28293          	addi	t0,t0,-1
 484:	76528293          	addi	t0,t0,1893
 488:	88828293          	addi	t0,t0,-1912
 48c:	43228293          	addi	t0,t0,1074
 490:	abc28293          	addi	t0,t0,-1348
 494:	52100313          	li	t1,1313
 498:	ce230393          	addi	t2,t1,-798
 49c:	13b30e13          	addi	t3,t1,315
 4a0:	49930e93          	addi	t4,t1,1177
 4a4:	80130f13          	addi	t5,t1,-2047
 4a8:	a6830f93          	addi	t6,t1,-1432
 4ac:	01c383b3          	add	t2,t2,t3
 4b0:	01ee8eb3          	add	t4,t4,t5
 4b4:	01f282b3          	add	t0,t0,t6
 4b8:	01d383b3          	add	t2,t2,t4
 4bc:	007282b3          	add	t0,t0,t2
 4c0:	00542023          	sw	t0,0(s0)
 4c4:	00440413          	addi	s0,s0,4

000004c8 <slti>:
 4c8:	fff00293          	li	t0,-1
 4cc:	fff2a293          	slti	t0,t0,-1
 4d0:	3e82a293          	slti	t0,t0,1000
 4d4:	8302a293          	slti	t0,t0,-2000
 4d8:	0012a293          	slti	t0,t0,1
 4dc:	4572a293          	slti	t0,t0,1111
 4e0:	c6600313          	li	t1,-922
 4e4:	c9432393          	slti	t2,t1,-876
 4e8:	22b32e13          	slti	t3,t1,555
 4ec:	83432e93          	slti	t4,t1,-1996
 4f0:	00032f13          	slti	t5,t1,0
 4f4:	c6632f93          	slti	t6,t1,-922
 4f8:	01c383b3          	add	t2,t2,t3
 4fc:	01ee8eb3          	add	t4,t4,t5
 500:	01f282b3          	add	t0,t0,t6
 504:	01d383b3          	add	t2,t2,t4
 508:	007282b3          	add	t0,t0,t2
 50c:	00542023          	sw	t0,0(s0)
 510:	00440413          	addi	s0,s0,4

00000514 <sltiu>:
 514:	ffe00293          	li	t0,-2
 518:	fff2b293          	sltiu	t0,t0,-1
 51c:	3e82b293          	sltiu	t0,t0,1000
 520:	8302b293          	sltiu	t0,t0,-2000
 524:	f012b293          	sltiu	t0,t0,-255
 528:	0012b293          	seqz	t0,t0
 52c:	aaaac337          	lui	t1,0xaaaac
 530:	bbb30313          	addi	t1,t1,-1093 # aaaabbbb <__stack+0xaaa99bbb>
 534:	c9433393          	sltiu	t2,t1,-876
 538:	22b33e13          	sltiu	t3,t1,555
 53c:	83433e93          	sltiu	t4,t1,-1996
 540:	00033f13          	sltiu	t5,t1,0
 544:	c6633f93          	sltiu	t6,t1,-922
 548:	01c383b3          	add	t2,t2,t3
 54c:	01ee8eb3          	add	t4,t4,t5
 550:	01f282b3          	add	t0,t0,t6
 554:	01d383b3          	add	t2,t2,t4
 558:	007282b3          	add	t0,t0,t2
 55c:	00542023          	sw	t0,0(s0)
 560:	00440413          	addi	s0,s0,4

00000564 <xori>:
 564:	fff00293          	li	t0,-1
 568:	07b2c293          	xori	t0,t0,123
 56c:	9752c293          	xori	t0,t0,-1675
 570:	cc12c293          	xori	t0,t0,-831
 574:	7f12c293          	xori	t0,t0,2033
 578:	4a32c293          	xori	t0,t0,1187
 57c:	38700313          	li	t1,903
 580:	ee334393          	xori	t2,t1,-285
 584:	0a434e13          	xori	t3,t1,164
 588:	6e634e93          	xori	t4,t1,1766
 58c:	89934f13          	xori	t5,t1,-1895
 590:	4b934f93          	xori	t6,t1,1209
 594:	01c383b3          	add	t2,t2,t3
 598:	01ee8eb3          	add	t4,t4,t5
 59c:	01f282b3          	add	t0,t0,t6
 5a0:	01d383b3          	add	t2,t2,t4
 5a4:	007282b3          	add	t0,t0,t2
 5a8:	00542023          	sw	t0,0(s0)
 5ac:	00440413          	addi	s0,s0,4

000005b0 <ori>:
 5b0:	00100293          	li	t0,1
 5b4:	1bc2e293          	ori	t0,t0,444
 5b8:	6e52e293          	ori	t0,t0,1765
 5bc:	edd2e293          	ori	t0,t0,-291
 5c0:	09c2e293          	ori	t0,t0,156
 5c4:	5022e293          	ori	t0,t0,1282
 5c8:	78300313          	li	t1,1923
 5cc:	11d36393          	ori	t2,t1,285
 5d0:	f5c36e13          	ori	t3,t1,-164
 5d4:	91a36e93          	ori	t4,t1,-1766
 5d8:	76736f13          	ori	t5,t1,1895
 5dc:	b4736f93          	ori	t6,t1,-1209
 5e0:	01c383b3          	add	t2,t2,t3
 5e4:	01ee8eb3          	add	t4,t4,t5
 5e8:	01f282b3          	add	t0,t0,t6
 5ec:	01d383b3          	add	t2,t2,t4
 5f0:	007282b3          	add	t0,t0,t2
 5f4:	00542023          	sw	t0,0(s0)
 5f8:	00440413          	addi	s0,s0,4

000005fc <andi>:
 5fc:	abcdf2b7          	lui	t0,0xabcdf
 600:	f9828293          	addi	t0,t0,-104 # abcdef98 <__stack+0xabcccf98>
 604:	eb32f293          	andi	t0,t0,-333
 608:	f442f293          	andi	t0,t0,-188
 60c:	2092f293          	andi	t0,t0,521
 610:	e872f293          	andi	t0,t0,-377
 614:	3552f293          	andi	t0,t0,853
 618:	12345337          	lui	t1,0x12345
 61c:	67830313          	addi	t1,t1,1656 # 12345678 <__stack+0x12333678>
 620:	7f137393          	andi	t2,t1,2033
 624:	0da37e13          	andi	t3,t1,218
 628:	ec437e93          	andi	t4,t1,-316
 62c:	4af37f13          	andi	t5,t1,1199
 630:	cf937f93          	andi	t6,t1,-775
 634:	01c383b3          	add	t2,t2,t3
 638:	01ee8eb3          	add	t4,t4,t5
 63c:	01f282b3          	add	t0,t0,t6
 640:	01d383b3          	add	t2,t2,t4
 644:	007282b3          	add	t0,t0,t2
 648:	00542023          	sw	t0,0(s0)
 64c:	00440413          	addi	s0,s0,4

00000650 <slli>:
 650:	00a00293          	li	t0,10
 654:	00229293          	slli	t0,t0,0x2
 658:	00529293          	slli	t0,t0,0x5
 65c:	00729293          	slli	t0,t0,0x7
 660:	00a29293          	slli	t0,t0,0xa
 664:	00629293          	slli	t0,t0,0x6
 668:	1ab24337          	lui	t1,0x1ab24
 66c:	cd430313          	addi	t1,t1,-812 # 1ab23cd4 <__stack+0x1ab11cd4>
 670:	00f31393          	slli	t2,t1,0xf
 674:	00631e13          	slli	t3,t1,0x6
 678:	01c31e93          	slli	t4,t1,0x1c
 67c:	01131f13          	slli	t5,t1,0x11
 680:	00731f93          	slli	t6,t1,0x7
 684:	01c383b3          	add	t2,t2,t3
 688:	01ee8eb3          	add	t4,t4,t5
 68c:	01f282b3          	add	t0,t0,t6
 690:	01d383b3          	add	t2,t2,t4
 694:	007282b3          	add	t0,t0,t2
 698:	00542023          	sw	t0,0(s0)
 69c:	00440413          	addi	s0,s0,4

000006a0 <srli>:
 6a0:	a1b2c2b7          	lui	t0,0xa1b2c
 6a4:	3d428293          	addi	t0,t0,980 # a1b2c3d4 <__stack+0xa1b1a3d4>
 6a8:	0032d293          	srli	t0,t0,0x3
 6ac:	0042d293          	srli	t0,t0,0x4
 6b0:	0062d293          	srli	t0,t0,0x6
 6b4:	00b2d293          	srli	t0,t0,0xb
 6b8:	0072d293          	srli	t0,t0,0x7
 6bc:	aabf8337          	lui	t1,0xaabf8
 6c0:	90c30313          	addi	t1,t1,-1780 # aabf790c <__stack+0xaabe590c>
 6c4:	01935393          	srli	t2,t1,0x19
 6c8:	01035e13          	srli	t3,t1,0x10
 6cc:	01235e93          	srli	t4,t1,0x12
 6d0:	01b35f13          	srli	t5,t1,0x1b
 6d4:	01135f93          	srli	t6,t1,0x11
 6d8:	01c383b3          	add	t2,t2,t3
 6dc:	01ee8eb3          	add	t4,t4,t5
 6e0:	01f282b3          	add	t0,t0,t6
 6e4:	01d383b3          	add	t2,t2,t4
 6e8:	007282b3          	add	t0,t0,t2
 6ec:	00542023          	sw	t0,0(s0)
 6f0:	00440413          	addi	s0,s0,4

000006f4 <srai>:
 6f4:	a1b2c2b7          	lui	t0,0xa1b2c
 6f8:	3d428293          	addi	t0,t0,980 # a1b2c3d4 <__stack+0xa1b1a3d4>
 6fc:	4052d293          	srai	t0,t0,0x5
 700:	4022d293          	srai	t0,t0,0x2
 704:	4082d293          	srai	t0,t0,0x8
 708:	4092d293          	srai	t0,t0,0x9
 70c:	4042d293          	srai	t0,t0,0x4
 710:	aabf8337          	lui	t1,0xaabf8
 714:	90c30313          	addi	t1,t1,-1780 # aabf790c <__stack+0xaabe590c>
 718:	40d35393          	srai	t2,t1,0xd
 71c:	40835e13          	srai	t3,t1,0x8
 720:	40935e93          	srai	t4,t1,0x9
 724:	40e35f13          	srai	t5,t1,0xe
 728:	40435f93          	srai	t6,t1,0x4
 72c:	01c383b3          	add	t2,t2,t3
 730:	01ee8eb3          	add	t4,t4,t5
 734:	01f282b3          	add	t0,t0,t6
 738:	01d383b3          	add	t2,t2,t4
 73c:	007282b3          	add	t0,t0,t2
 740:	00542023          	sw	t0,0(s0)
 744:	00440413          	addi	s0,s0,4

00000748 <jalr>:
 748:	fffff2b7          	lui	t0,0xfffff
 74c:	00000317          	auipc	t1,0x0
 750:	02030313          	addi	t1,t1,32 # 76c <jalr+0x24>
 754:	00030367          	jalr	t1,t1
 758:	0012e293          	ori	t0,t0,1
 75c:	00430367          	jalr	t1,4(t1)
 760:	0042e293          	ori	t0,t0,4
 764:	00430367          	jalr	t1,4(t1)
 768:	0102e293          	ori	t0,t0,16
 76c:	00430367          	jalr	t1,4(t1)
 770:	0012e293          	ori	t0,t0,1
 774:	00430367          	jalr	t1,4(t1)
 778:	0082e293          	ori	t0,t0,8
 77c:	00000317          	auipc	t1,0x0
 780:	03030313          	addi	t1,t1,48 # 7ac <jalr+0x64>
 784:	fe0303e7          	jalr	t2,-32(t1)
 788:	0202e293          	ori	t0,t0,32
 78c:	fe830e67          	jalr	t3,-24(t1)
 790:	0402e293          	ori	t0,t0,64
 794:	ff030ee7          	jalr	t4,-16(t1)
 798:	0802e293          	ori	t0,t0,128
 79c:	ff830f67          	jalr	t5,-8(t1)
 7a0:	1002e293          	ori	t0,t0,256
 7a4:	00030fe7          	jalr	t6,t1
 7a8:	2002e293          	ori	t0,t0,512
 7ac:	41c383b3          	sub	t2,t2,t3
 7b0:	41ee8eb3          	sub	t4,t4,t5
 7b4:	406f8fb3          	sub	t6,t6,t1
 7b8:	01d383b3          	add	t2,t2,t4
 7bc:	01f38333          	add	t1,t2,t6
 7c0:	006292b3          	sll	t0,t0,t1
 7c4:	00542023          	sw	t0,0(s0)
 7c8:	00440413          	addi	s0,s0,4

000007cc <store>:
 7cc:	00f00293          	li	t0,15
 7d0:	0f000313          	li	t1,240
 7d4:	000013b7          	lui	t2,0x1
 7d8:	f0038393          	addi	t2,t2,-256 # f00 <__rodata_end+0xd4>
 7dc:	0000fe37          	lui	t3,0xf
 7e0:	12345eb7          	lui	t4,0x12345
 7e4:	678e8e93          	addi	t4,t4,1656 # 12345678 <__stack+0x12333678>
 7e8:	01440413          	addi	s0,s0,20
 7ec:	fe542e23          	sw	t0,-4(s0)
 7f0:	fe642c23          	sw	t1,-8(s0)
 7f4:	fe742a23          	sw	t2,-12(s0)
 7f8:	ffc42823          	sw	t3,-16(s0)
 7fc:	ffd42623          	sw	t4,-20(s0)
 800:	01440413          	addi	s0,s0,20
 804:	fd842f03          	lw	t5,-40(s0)
 808:	ff042e83          	lw	t4,-16(s0)
 80c:	ffe42e23          	sw	t5,-4(s0)
 810:	ffe40c23          	sb	t5,-8(s0)
 814:	ffe41a23          	sh	t5,-12(s0)
 818:	ffe409a3          	sb	t5,-13(s0)
 81c:	ffe41723          	sh	t5,-18(s0)
 820:	ff042283          	lw	t0,-16(s0)
 824:	fec42303          	lw	t1,-20(s0)
 828:	005303b3          	add	t2,t1,t0
 82c:	00440413          	addi	s0,s0,4
 830:	fe742e23          	sw	t2,-4(s0)

00000834 <beq>:
 834:	fffff2b7          	lui	t0,0xfffff
 838:	fffff337          	lui	t1,0xfffff
 83c:	00001337          	lui	t1,0x1
 840:	ff030313          	addi	t1,t1,-16 # ff0 <__rodata_end+0x1c4>
 844:	02628c63          	beq	t0,t1,87c <beq+0x48>
 848:	02628a63          	beq	t0,t1,87c <beq+0x48>
 84c:	02628863          	beq	t0,t1,87c <beq+0x48>
 850:	02628663          	beq	t0,t1,87c <beq+0x48>
 854:	02628463          	beq	t0,t1,87c <beq+0x48>
 858:	fffff337          	lui	t1,0xfffff
 85c:	00001337          	lui	t1,0x1
 860:	fff30313          	addi	t1,t1,-1 # fff <__rodata_end+0x1d3>
 864:	00530c63          	beq	t1,t0,87c <beq+0x48>
 868:	00530a63          	beq	t1,t0,87c <beq+0x48>
 86c:	00530863          	beq	t1,t0,87c <beq+0x48>
 870:	00530663          	beq	t1,t0,87c <beq+0x48>
 874:	00530463          	beq	t1,t0,87c <beq+0x48>
 878:	0080006f          	j	880 <beq+0x4c>
 87c:	0012e293          	ori	t0,t0,1
 880:	fff34313          	not	t1,t1
 884:	00628463          	beq	t0,t1,88c <beq+0x58>
 888:	0022e293          	ori	t0,t0,2
 88c:	00542023          	sw	t0,0(s0)
 890:	00440413          	addi	s0,s0,4

00000894 <bne>:
 894:	fffff2b7          	lui	t0,0xfffff
 898:	00001337          	lui	t1,0x1
 89c:	ff030313          	addi	t1,t1,-16 # ff0 <__rodata_end+0x1c4>
 8a0:	fffff337          	lui	t1,0xfffff
 8a4:	02629c63          	bne	t0,t1,8dc <bne+0x48>
 8a8:	02629a63          	bne	t0,t1,8dc <bne+0x48>
 8ac:	02629863          	bne	t0,t1,8dc <bne+0x48>
 8b0:	02629663          	bne	t0,t1,8dc <bne+0x48>
 8b4:	02629463          	bne	t0,t1,8dc <bne+0x48>
 8b8:	00001337          	lui	t1,0x1
 8bc:	fff30313          	addi	t1,t1,-1 # fff <__rodata_end+0x1d3>
 8c0:	fffff337          	lui	t1,0xfffff
 8c4:	00531c63          	bne	t1,t0,8dc <bne+0x48>
 8c8:	00531a63          	bne	t1,t0,8dc <bne+0x48>
 8cc:	00531863          	bne	t1,t0,8dc <bne+0x48>
 8d0:	00531663          	bne	t1,t0,8dc <bne+0x48>
 8d4:	00531463          	bne	t1,t0,8dc <bne+0x48>
 8d8:	0080006f          	j	8e0 <bne+0x4c>
 8dc:	0012e293          	ori	t0,t0,1
 8e0:	fff34313          	not	t1,t1
 8e4:	00629463          	bne	t0,t1,8ec <bne+0x58>
 8e8:	0022e293          	ori	t0,t0,2
 8ec:	00542023          	sw	t0,0(s0)
 8f0:	00440413          	addi	s0,s0,4

000008f4 <blt>:
 8f4:	fffff2b7          	lui	t0,0xfffff
 8f8:	00001337          	lui	t1,0x1
 8fc:	ff030313          	addi	t1,t1,-16 # ff0 <__rodata_end+0x1c4>
 900:	ffc28313          	addi	t1,t0,-4 # ffffeffc <__stack+0xfffecffc>
 904:	0262cc63          	blt	t0,t1,93c <blt+0x48>
 908:	0262ca63          	blt	t0,t1,93c <blt+0x48>
 90c:	0262c863          	blt	t0,t1,93c <blt+0x48>
 910:	0262c663          	blt	t0,t1,93c <blt+0x48>
 914:	0262c463          	blt	t0,t1,93c <blt+0x48>
 918:	00001337          	lui	t1,0x1
 91c:	fff30313          	addi	t1,t1,-1 # fff <__rodata_end+0x1d3>
 920:	00428313          	addi	t1,t0,4
 924:	00534c63          	blt	t1,t0,93c <blt+0x48>
 928:	00534a63          	blt	t1,t0,93c <blt+0x48>
 92c:	00534863          	blt	t1,t0,93c <blt+0x48>
 930:	00534663          	blt	t1,t0,93c <blt+0x48>
 934:	00534463          	blt	t1,t0,93c <blt+0x48>
 938:	0080006f          	j	940 <blt+0x4c>
 93c:	0012e293          	ori	t0,t0,1
 940:	00001337          	lui	t1,0x1
 944:	fff30313          	addi	t1,t1,-1 # fff <__rodata_end+0x1d3>
 948:	0062c463          	blt	t0,t1,950 <blt+0x5c>
 94c:	0022e293          	ori	t0,t0,2
 950:	00028313          	mv	t1,t0
 954:	0062c463          	blt	t0,t1,95c <blt+0x68>
 958:	0080006f          	j	960 <blt+0x6c>
 95c:	0042e293          	ori	t0,t0,4
 960:	fffff337          	lui	t1,0xfffff
 964:	eee30313          	addi	t1,t1,-274 # ffffeeee <__stack+0xfffeceee>
 968:	0062c463          	blt	t0,t1,970 <blt+0x7c>
 96c:	0080006f          	j	974 <blt+0x80>
 970:	0082e293          	ori	t0,t0,8
 974:	00542023          	sw	t0,0(s0)
 978:	00440413          	addi	s0,s0,4

0000097c <bge>:
 97c:	fffff2b7          	lui	t0,0xfffff
 980:	fffff337          	lui	t1,0xfffff
 984:	00428313          	addi	t1,t0,4 # fffff004 <__stack+0xfffed004>
 988:	0262da63          	ble	t1,t0,9bc <bge+0x40>
 98c:	0262d863          	ble	t1,t0,9bc <bge+0x40>
 990:	0262d663          	ble	t1,t0,9bc <bge+0x40>
 994:	0262d463          	ble	t1,t0,9bc <bge+0x40>
 998:	0262d263          	ble	t1,t0,9bc <bge+0x40>
 99c:	ffff0337          	lui	t1,0xffff0
 9a0:	ffc28313          	addi	t1,t0,-4
 9a4:	00535c63          	ble	t0,t1,9bc <bge+0x40>
 9a8:	00535a63          	ble	t0,t1,9bc <bge+0x40>
 9ac:	00535863          	ble	t0,t1,9bc <bge+0x40>
 9b0:	00535663          	ble	t0,t1,9bc <bge+0x40>
 9b4:	00535463          	ble	t0,t1,9bc <bge+0x40>
 9b8:	0080006f          	j	9c0 <bge+0x44>
 9bc:	0012e293          	ori	t0,t0,1
 9c0:	00001337          	lui	t1,0x1
 9c4:	fff30313          	addi	t1,t1,-1 # fff <__rodata_end+0x1d3>
 9c8:	0062d463          	ble	t1,t0,9d0 <bge+0x54>
 9cc:	0080006f          	j	9d4 <bge+0x58>
 9d0:	0022e293          	ori	t0,t0,2
 9d4:	00028313          	mv	t1,t0
 9d8:	0062d463          	ble	t1,t0,9e0 <bge+0x64>
 9dc:	0042e293          	ori	t0,t0,4
 9e0:	fffff337          	lui	t1,0xfffff
 9e4:	eee30313          	addi	t1,t1,-274 # ffffeeee <__stack+0xfffeceee>
 9e8:	0062d463          	ble	t1,t0,9f0 <bge+0x74>
 9ec:	0082e293          	ori	t0,t0,8
 9f0:	00542023          	sw	t0,0(s0)
 9f4:	00440413          	addi	s0,s0,4

000009f8 <bltu>:
 9f8:	fffff2b7          	lui	t0,0xfffff
 9fc:	f0000313          	li	t1,-256
 a00:	ffc28313          	addi	t1,t0,-4 # ffffeffc <__stack+0xfffecffc>
 a04:	0262ea63          	bltu	t0,t1,a38 <bltu+0x40>
 a08:	0262e863          	bltu	t0,t1,a38 <bltu+0x40>
 a0c:	0262e663          	bltu	t0,t1,a38 <bltu+0x40>
 a10:	0262e463          	bltu	t0,t1,a38 <bltu+0x40>
 a14:	0262e263          	bltu	t0,t1,a38 <bltu+0x40>
 a18:	fff00313          	li	t1,-1
 a1c:	00428313          	addi	t1,t0,4
 a20:	00536c63          	bltu	t1,t0,a38 <bltu+0x40>
 a24:	00536a63          	bltu	t1,t0,a38 <bltu+0x40>
 a28:	00536863          	bltu	t1,t0,a38 <bltu+0x40>
 a2c:	00536663          	bltu	t1,t0,a38 <bltu+0x40>
 a30:	00536463          	bltu	t1,t0,a38 <bltu+0x40>
 a34:	0080006f          	j	a3c <bltu+0x44>
 a38:	0012e293          	ori	t0,t0,1
 a3c:	fff00313          	li	t1,-1
 a40:	0062e463          	bltu	t0,t1,a48 <bltu+0x50>
 a44:	0022e293          	ori	t0,t0,2
 a48:	00028313          	mv	t1,t0
 a4c:	0062e463          	bltu	t0,t1,a54 <bltu+0x5c>
 a50:	0080006f          	j	a58 <bltu+0x60>
 a54:	0042e293          	ori	t0,t0,4
 a58:	00001337          	lui	t1,0x1
 a5c:	fff30313          	addi	t1,t1,-1 # fff <__rodata_end+0x1d3>
 a60:	0062e463          	bltu	t0,t1,a68 <bltu+0x70>
 a64:	0080006f          	j	a6c <bltu+0x74>
 a68:	0082e293          	ori	t0,t0,8
 a6c:	00542023          	sw	t0,0(s0)
 a70:	00440413          	addi	s0,s0,4

00000a74 <bgeu>:
 a74:	fffff2b7          	lui	t0,0xfffff
 a78:	fffff337          	lui	t1,0xfffff
 a7c:	00428313          	addi	t1,t0,4 # fffff004 <__stack+0xfffed004>
 a80:	0262fc63          	bleu	t1,t0,ab8 <bgeu+0x44>
 a84:	0262fa63          	bleu	t1,t0,ab8 <bgeu+0x44>
 a88:	0262f863          	bleu	t1,t0,ab8 <bgeu+0x44>
 a8c:	0262f663          	bleu	t1,t0,ab8 <bgeu+0x44>
 a90:	0262f463          	bleu	t1,t0,ab8 <bgeu+0x44>
 a94:	00001337          	lui	t1,0x1
 a98:	fff30313          	addi	t1,t1,-1 # fff <__rodata_end+0x1d3>
 a9c:	ffc28313          	addi	t1,t0,-4
 aa0:	00537c63          	bleu	t0,t1,ab8 <bgeu+0x44>
 aa4:	00537a63          	bleu	t0,t1,ab8 <bgeu+0x44>
 aa8:	00537863          	bleu	t0,t1,ab8 <bgeu+0x44>
 aac:	00537663          	bleu	t0,t1,ab8 <bgeu+0x44>
 ab0:	00537463          	bleu	t0,t1,ab8 <bgeu+0x44>
 ab4:	0080006f          	j	abc <bgeu+0x48>
 ab8:	0012e293          	ori	t0,t0,1
 abc:	fff00313          	li	t1,-1
 ac0:	0062f463          	bleu	t1,t0,ac8 <bgeu+0x54>
 ac4:	0080006f          	j	acc <bgeu+0x58>
 ac8:	0022e293          	ori	t0,t0,2
 acc:	00028313          	mv	t1,t0
 ad0:	0062f463          	bleu	t1,t0,ad8 <bgeu+0x64>
 ad4:	0042e293          	ori	t0,t0,4
 ad8:	00001337          	lui	t1,0x1
 adc:	fff30313          	addi	t1,t1,-1 # fff <__rodata_end+0x1d3>
 ae0:	0062f463          	bleu	t1,t0,ae8 <bgeu+0x74>
 ae4:	0082e293          	ori	t0,t0,8
 ae8:	00542023          	sw	t0,0(s0)
 aec:	00440413          	addi	s0,s0,4

00000af0 <auipc>:
 af0:	00000297          	auipc	t0,0x0
 af4:	fffff317          	auipc	t1,0xfffff
 af8:	13579397          	auipc	t2,0x13579
 afc:	00730333          	add	t1,t1,t2
 b00:	006282b3          	add	t0,t0,t1
 b04:	00542023          	sw	t0,0(s0)
 b08:	00440413          	addi	s0,s0,4

00000b0c <lui>:
 b0c:	000002b7          	lui	t0,0x0
 b10:	fffff337          	lui	t1,0xfffff
 b14:	135793b7          	lui	t2,0x13579
 b18:	00730333          	add	t1,t1,t2
 b1c:	006282b3          	add	t0,t0,t1
 b20:	00542023          	sw	t0,0(s0)
 b24:	00440413          	addi	s0,s0,4

00000b28 <jal>:
 b28:	fffff2b7          	lui	t0,0xfffff
 b2c:	0080036f          	jal	t1,b34 <jal+0xc>
 b30:	0012e293          	ori	t0,t0,1
 b34:	00000397          	auipc	t2,0x0
 b38:	00038393          	mv	t2,t2
 b3c:	40638333          	sub	t1,t2,t1
 b40:	006282b3          	add	t0,t0,t1
 b44:	00542023          	sw	t0,0(s0)
 b48:	00440413          	addi	s0,s0,4

00000b4c <csrrw>:
 b4c:	000f02b7          	lui	t0,0xf0
 b50:	00828293          	addi	t0,t0,8 # f0008 <__stack+0xde008>
 b54:	30029073          	csrw	mstatus,t0
 b58:	300013f3          	csrrw	t2,mstatus,zero
 b5c:	30001e73          	csrrw	t3,mstatus,zero
 b60:	01c38333          	add	t1,t2,t3
 b64:	00642023          	sw	t1,0(s0)
 b68:	00440413          	addi	s0,s0,4
 b6c:	000012b7          	lui	t0,0x1
 b70:	a3228293          	addi	t0,t0,-1486 # a32 <bltu+0x3a>
 b74:	30429073          	csrw	mie,t0
 b78:	304013f3          	csrrw	t2,mie,zero
 b7c:	30401e73          	csrrw	t3,mie,zero
 b80:	01c38333          	add	t1,t2,t3
 b84:	00642023          	sw	t1,0(s0)
 b88:	00440413          	addi	s0,s0,4
 b8c:	012342b7          	lui	t0,0x1234
 b90:	56728293          	addi	t0,t0,1383 # 1234567 <__stack+0x1222567>
 b94:	30529073          	csrw	mtvec,t0
 b98:	305013f3          	csrrw	t2,mtvec,zero
 b9c:	30501e73          	csrrw	t3,mtvec,zero
 ba0:	01c38333          	add	t1,t2,t3
 ba4:	00642023          	sw	t1,0(s0)
 ba8:	00440413          	addi	s0,s0,4
 bac:	012342b7          	lui	t0,0x1234
 bb0:	56728293          	addi	t0,t0,1383 # 1234567 <__stack+0x1222567>
 bb4:	34129073          	csrw	mepc,t0
 bb8:	341013f3          	csrrw	t2,mepc,zero
 bbc:	34101e73          	csrrw	t3,mepc,zero
 bc0:	01c38333          	add	t1,t2,t3
 bc4:	00642023          	sw	t1,0(s0)
 bc8:	00440413          	addi	s0,s0,4
 bcc:	22a00293          	li	t0,554
 bd0:	34429073          	csrw	mip,t0
 bd4:	344013f3          	csrrw	t2,mip,zero
 bd8:	34401e73          	csrrw	t3,mip,zero
 bdc:	01c38333          	add	t1,t2,t3
 be0:	00642023          	sw	t1,0(s0)
 be4:	00440413          	addi	s0,s0,4

00000be8 <csrrwi>:
 be8:	3004d073          	csrwi	mstatus,9
 bec:	30001373          	csrrw	t1,mstatus,zero
 bf0:	00642023          	sw	t1,0(s0)
 bf4:	00440413          	addi	s0,s0,4
 bf8:	3057d073          	csrwi	mtvec,15
 bfc:	30501373          	csrrw	t1,mtvec,zero
 c00:	00642023          	sw	t1,0(s0)
 c04:	00440413          	addi	s0,s0,4
 c08:	3417d073          	csrwi	mepc,15
 c0c:	34101373          	csrrw	t1,mepc,zero
 c10:	00642023          	sw	t1,0(s0)
 c14:	00440413          	addi	s0,s0,4
 c18:	3447d073          	csrwi	mip,15
 c1c:	34401373          	csrrw	t1,mip,zero
 c20:	00642023          	sw	t1,0(s0)
 c24:	00440413          	addi	s0,s0,4

00000c28 <csrrs>:
 c28:	000f02b7          	lui	t0,0xf0
 c2c:	00828293          	addi	t0,t0,8 # f0008 <__stack+0xde008>
 c30:	000f0337          	lui	t1,0xf0
 c34:	00830313          	addi	t1,t1,8 # f0008 <__stack+0xde008>
 c38:	30029073          	csrw	mstatus,t0
 c3c:	300322f3          	csrrs	t0,mstatus,t1
 c40:	300013f3          	csrrw	t2,mstatus,zero
 c44:	00742023          	sw	t2,0(s0)
 c48:	00440413          	addi	s0,s0,4

00000c4c <csrrsi>:
 c4c:	000f02b7          	lui	t0,0xf0
 c50:	00828293          	addi	t0,t0,8 # f0008 <__stack+0xde008>
 c54:	30029073          	csrw	mstatus,t0
 c58:	3004e2f3          	csrrsi	t0,mstatus,9
 c5c:	300013f3          	csrrw	t2,mstatus,zero
 c60:	00742023          	sw	t2,0(s0)
 c64:	00440413          	addi	s0,s0,4

00000c68 <csrrc>:
 c68:	000f22b7          	lui	t0,0xf2
 c6c:	88828293          	addi	t0,t0,-1912 # f1888 <__stack+0xdf888>
 c70:	000f2337          	lui	t1,0xf2
 c74:	88030313          	addi	t1,t1,-1920 # f1880 <__stack+0xdf880>
 c78:	30029073          	csrw	mstatus,t0
 c7c:	300332f3          	csrrc	t0,mstatus,t1
 c80:	300013f3          	csrrw	t2,mstatus,zero
 c84:	00742023          	sw	t2,0(s0)
 c88:	00440413          	addi	s0,s0,4

00000c8c <csrrci>:
 c8c:	000f22b7          	lui	t0,0xf2
 c90:	88828293          	addi	t0,t0,-1912 # f1888 <__stack+0xdf888>
 c94:	30029073          	csrw	mstatus,t0
 c98:	3004f2f3          	csrrci	t0,mstatus,9
 c9c:	300013f3          	csrrw	t2,mstatus,zero
 ca0:	00742023          	sw	t2,0(s0)
 ca4:	00440413          	addi	s0,s0,4

00000ca8 <main_exit>:
 ca8:	00012403          	lw	s0,0(sp)
 cac:	00410113          	addi	sp,sp,4
 cb0:	00008067          	ret

00000cb4 <verif>:
 cb4:	fd010113          	addi	sp,sp,-48
 cb8:	02812623          	sw	s0,44(sp)
 cbc:	03010413          	addi	s0,sp,48
 cc0:	fca42e23          	sw	a0,-36(s0)
 cc4:	fcb42c23          	sw	a1,-40(s0)
 cc8:	fcc42a23          	sw	a2,-44(s0)
 ccc:	fe042623          	sw	zero,-20(s0)
 cd0:	04c0006f          	j	d1c <verif+0x68>
 cd4:	fec42783          	lw	a5,-20(s0)
 cd8:	00279793          	slli	a5,a5,0x2
 cdc:	fdc42703          	lw	a4,-36(s0)
 ce0:	00f707b3          	add	a5,a4,a5
 ce4:	0007a703          	lw	a4,0(a5)
 ce8:	fec42783          	lw	a5,-20(s0)
 cec:	00279793          	slli	a5,a5,0x2
 cf0:	fd842683          	lw	a3,-40(s0)
 cf4:	00f687b3          	add	a5,a3,a5
 cf8:	0007a783          	lw	a5,0(a5)
 cfc:	00f70a63          	beq	a4,a5,d10 <verif+0x5c>
 d00:	fec42703          	lw	a4,-20(s0)
 d04:	dead07b7          	lui	a5,0xdead0
 d08:	00f767b3          	or	a5,a4,a5
 d0c:	0240006f          	j	d30 <verif+0x7c>
 d10:	fec42783          	lw	a5,-20(s0)
 d14:	00178793          	addi	a5,a5,1 # dead0001 <__stack+0xdeabe001>
 d18:	fef42623          	sw	a5,-20(s0)
 d1c:	fec42703          	lw	a4,-20(s0)
 d20:	fd442783          	lw	a5,-44(s0)
 d24:	faf748e3          	blt	a4,a5,cd4 <verif+0x20>
 d28:	cafed7b7          	lui	a5,0xcafed
 d2c:	afe78793          	addi	a5,a5,-1282 # cafecafe <__stack+0xcafdaafe>
 d30:	00078513          	mv	a0,a5
 d34:	02c12403          	lw	s0,44(sp)
 d38:	03010113          	addi	sp,sp,48
 d3c:	00008067          	ret
