
main:     file format elf32-littleriscv
main
architecture: riscv:rv32, flags 0x00000112:
EXEC_P, HAS_SYMS, D_PAGED
start address 0x00000000

Program Header:
    LOAD off    0x00001000 vaddr 0x00000000 paddr 0x00000000 align 2**12
         filesz 0x00000e5c memsz 0x00000e5c flags r-x
    LOAD off    0x00002000 vaddr 0x00010000 paddr 0x00010000 align 2**12
         filesz 0x00000000 memsz 0x00001000 flags rw-
    LOAD off    0x00002000 vaddr 0x00011000 paddr 0x00011000 align 2**12
         filesz 0x00000000 memsz 0x00001000 flags rw-

Sections:
Idx Name          Size      VMA       LMA       File off  Algn
  0 .text         00000d70  00000000  00000000  00001000  2**2
                  CONTENTS, ALLOC, LOAD, READONLY, CODE
  1 .rodata       000000ec  00000d70  00000d70  00001d70  2**0
                  CONTENTS, ALLOC, LOAD, READONLY, DATA
  2 _test         00001000  00010000  00010000  00002000  2**0
                  ALLOC
  3 .data         00000000  00011000  00010000  00002000  2**0
                  CONTENTS, ALLOC, LOAD, DATA
  4 .bss          00000000  00011000  00011000  00002000  2**0
                  ALLOC
  5 .stack        00001000  00011000  00011000  00002000  2**0
                  ALLOC
  6 .comment      0000001a  00000000  00000000  00002000  2**0
                  CONTENTS, READONLY
SYMBOL TABLE:
00000000 l    d  .text	00000000 .text
00000d70 l    d  .rodata	00000000 .rodata
00010000 l    d  _test	00000000 _test
00011000 l    d  .data	00000000 .data
00011000 l    d  .bss	00000000 .bss
00011000 l    d  .stack	00000000 .stack
00000000 l    d  .comment	00000000 .comment
00000000 l    df *ABS*	00000000 setup.o
00000084 l       .text	00000000 init_bss
0000012c l       .text	00000000 fill_block
0000009c l       .text	00000000 init_sbss
000000b4 l       .text	00000000 write_stack_pattern
000000cc l       .text	00000000 init_stack
000000d4 l       .text	00000000 write_test_pattern
000000ec l       .text	00000000 SystemInit
00000114 l       .text	00000000 SystemExit
00000128 l       .text	00000000 dead_loop
0000013c l       .text	00000000 fb_end
00000000 l    df *ABS*	00000000 main.o
00000180 l       .text	00000000 add
000001bc l       .text	00000000 sub
000001f8 l       .text	00000000 sll
00000234 l       .text	00000000 slt
00000270 l       .text	00000000 sltu
000002b0 l       .text	00000000 xor
000002f4 l       .text	00000000 srl
00000338 l       .text	00000000 sra
0000037c l       .text	00000000 or
000003c4 l       .text	00000000 and
00000408 l       .text	00000000 load
00000e58 l       .rodata	00000000 lw_data
000004ac l       .text	00000000 addi
000004f8 l       .text	00000000 slti
00000544 l       .text	00000000 sltiu
00000594 l       .text	00000000 xori
000005e0 l       .text	00000000 ori
0000062c l       .text	00000000 andi
00000680 l       .text	00000000 slli
000006d0 l       .text	00000000 srli
00000724 l       .text	00000000 srai
00000778 l       .text	00000000 jalr
000007fc l       .text	00000000 store
00000864 l       .text	00000000 beq
000008c4 l       .text	00000000 bne
00000924 l       .text	00000000 blt
000009ac l       .text	00000000 bge
00000a28 l       .text	00000000 bltu
00000aa4 l       .text	00000000 bgeu
00000b20 l       .text	00000000 auipc
00000b3c l       .text	00000000 lui
00000b58 l       .text	00000000 jal
00000b7c l       .text	00000000 csrrw
00000c18 l       .text	00000000 csrrwi
00000c58 l       .text	00000000 csrrs
00000c7c l       .text	00000000 csrrsi
00000c98 l       .text	00000000 csrrc
00000cbc l       .text	00000000 csrrci
00000cd8 l       .text	00000000 main_exit
00000000 l    df *ABS*	00000000 verif.c
00000ce4 g     F .text	0000008c .hidden verif
00010000 g       _test	00000000 _test_start
00010000 g       _test	00000000 _dmem_start
00011000 g       *ABS*	00000000 __data_paddr_start
00011000 g       _test	00000000 __sbss_start
00011800 g       _test	00000000 _gp
00000000 g       .text	00000000 __text_start
00011000 g       _test	00000000 _test_end
00001000 g       *ABS*	00000000 _TEST_SIZE
00011000 g       *ABS*	00000000 __sdata_paddr_start
00011000 g       _test	00000000 __sdata_start
00000e5c g       .rodata	00000000 __rodata_end
00011000 g       .bss	00000000 __bss_end
00011000 g       _test	00000000 __sbss_end
00000000 g       .text	00000000 _start
00000d70 g       .rodata	00000000 __rodata_start
00011000 g       .data	00000000 __data_end
00000e58 g       .rodata	00000000 _golden_end
00000d70 g       .text	00000000 __text_end
00011000 g       .bss	00000000 __bss_start
00001000 g       *ABS*	00000000 _STACK_SIZE
00000140 g       .text	00000000 main
00011000 g       .stack	00000000 _stack_end
00011000 g       _test	00000000 __sdata_end
00012000 g       .stack	00000000 __stack
00012000 g       .stack	00000000 _stack
00011000 g       .data	00000000 __data_start
00000d70 g       .rodata	00000000 _golden_start


Contents of section .text:
 0000 93000000 13010000 93010000 13020000  ................
 0010 93020000 13030000 93030000 13040000  ................
 0020 93040000 13050000 93050000 13060000  ................
 0030 93060000 13070000 93070000 13080000  ................
 0040 93080000 13090000 93090000 130a0000  ................
 0050 930a0000 130b0000 930b0000 130c0000  ................
 0060 930c0000 130d0000 930d0000 130e0000  ................
 0070 930e0000 130f0000 930f0000 97110100  ................
 0080 93814178 17150100 1305c5f7 97150100  ..Ax............
 0090 938505f7 13060000 ef004009 17150100  ..........@.....
 00a0 130545f6 97150100 938585f5 13060000  ..E.............
 00b0 ef00c007 17150100 1305c5f4 97250100  .............%..
 00c0 938505f4 13060000 ef004006 17210100  ..........@..!..
 00d0 130141f3 17050100 1305c5f2 97150100  ..A.............
 00e0 938505f2 13060000 ef004004 ef004005  ..........@...@.
 00f0 17050100 130505f1 97150000 938585c7  ................
 0100 17160000 130686d5 3306b640 13562600  ........3..@.V&.
 0110 ef00503d 97120100 938282ee 13031000  ..P=............
 0120 23aea2fe 23a06200 6f000000 63e8a500  #...#.b.o...c...
 0130 2320c500 13054500 6ff05fff 67800000  # ....E.o._.g...
 0140 1301c1ff 23208100 17040100 130484eb  ....# ..........
 0150 13032000 b7120000 93820280 73904230  .. .........s.B0
 0160 97020000 93820202 73905230 93028000  ........s.R0....
 0170 73900230 73005010 6ff09ffc 73104334  s..0s.P.o...s.C4
 0180 9302f0ff 1303f0ff b3826200 b3826200  ..........b...b.
 0190 b3826200 b3826200 b3826200 1303e0ff  ..b...b...b.....
 01a0 b3025300 b3025300 b3025300 b3025300  ..S...S...S...S.
 01b0 b3025300 23205400 13044400 93020000  ..S.# T...D.....
 01c0 1303f0ff b3826240 b3826240 b3826240  ......b@..b@..b@
 01d0 b3826240 b3826240 1303d0ff b3025340  ..b@..b@......S@
 01e0 b3025340 b3025340 b3025340 b3025340  ..S@..S@..S@..S@
 01f0 23205400 13044400 93021000 13031000  # T...D.........
 0200 b3926200 b3926200 b3926200 b3926200  ..b...b...b...b.
 0210 b3926200 13032000 b3125300 b3125300  ..b... ...S...S.
 0220 b3125300 b3125300 b3125300 23205400  ..S...S...S.# T.
 0230 13044400 9302f0ff 13031000 b3a26200  ..D...........b.
 0240 b3a26200 b3a26200 b3a26200 b3a26200  ..b...b...b...b.
 0250 1303f0ff b3225300 b3225300 b3225300  ....."S.."S.."S.
 0260 b3225300 b3225300 23205400 13044400  ."S.."S.# T...D.
 0270 9302f0ff 13031000 b3b26200 b3b26200  ..........b...b.
 0280 b3b26200 b3b26200 b3b26200 b3b26200  ..b...b...b...b.
 0290 13030000 b3325300 b3325300 b3325300  .....2S..2S..2S.
 02a0 b3325300 b3325300 23205400 13044400  .2S..2S.# T...D.
 02b0 9302f0ff 37f3f0f0 1303030f b3c26200  ....7.........b.
 02c0 b3c26200 b3c26200 b3c26200 b3c26200  ..b...b...b...b.
 02d0 37737777 13037377 b3425300 b3425300  7sww..sw.BS..BS.
 02e0 b3425300 b3425300 b3425300 23205400  .BS..BS..BS.# T.
 02f0 13044400 9302f0ff 37b3ec75 13034386  ..D.....7..u..C.
 0300 b3d26200 b3d26200 b3d26200 b3d26200  ..b...b...b...b.
 0310 b3d26200 37533412 13038367 b3525300  ..b.7S4....g.RS.
 0320 b3525300 b3525300 b3525300 b3525300  .RS..RS..RS..RS.
 0330 23205400 13044400 b7426587 93821232  # T...D..Be....2
 0340 13034000 b3d26240 b3d26240 b3d26240  ..@...b@..b@..b@
 0350 b3d26240 b3d26240 37737777 13037377  ..b@..b@7sww..sw
 0360 b3525340 b3525340 b3525340 b3525340  .RS@.RS@.RS@.RS@
 0370 b3525340 23205400 13044400 b7523412  .RS@# T...D..R4.
 0380 93828267 37c3dcfe 130383a9 b3e26200  ...g7.........b.
 0390 b3e26200 b3e26200 b3e26200 b3e26200  ..b...b...b...b.
 03a0 37034062 13035328 b3625300 b3625300  7.@b..S(.bS..bS.
 03b0 b3625300 b3625300 b3625300 23205400  .bS..bS..bS.# T.
 03c0 13044400 b7523412 93828267 1303f0ff  ..D..R4....g....
 03d0 b3f26200 b3f26200 b3f26200 b3f26200  ..b...b...b...b.
 03e0 b3f26200 37f3f0f0 1303030f b3725300  ..b.7........rS.
 03f0 b3725300 b3725300 b3725300 b3725300  .rS..rS..rS..rS.
 0400 23205400 13044400 17130000 130303a5  # T...D.........
 0410 83220300 1301c1fe 23205100 93020100  ."......# Q.....
 0420 23225100 93024100 23245100 93028100  #"Q...A.#$Q.....
 0430 23265100 9302c100 23285100 93020101  #&Q.....#(Q.....
 0440 83a20200 83a20200 83a20200 83a20200  ................
 0450 83a20200 13014101 0323c1ff 832381ff  ......A..#...#..
 0460 032e41ff 832e01ff 032fc1fe 3303d301  ..A....../..3...
 0470 b383c301 33037340 3303e301 b3826200  ....3.s@3.....b.
 0480 13040401 232854fe 030304ff 831304ff  ....#(T.........
 0490 034e04ff 835e04ff 232a64fe 232c74fe  .N...^..#*d.#,t.
 04a0 232ec4ff 2320d401 13044400 9302f0ff  #...# ....D.....
 04b0 9382f2ff 93825276 93828288 93822243  ......Rv......"C
 04c0 9382c2ab 13031052 930323ce 130eb313  .......R..#.....
 04d0 930e9349 130f1380 930f83a6 b383c301  ...I............
 04e0 b38eee01 b382f201 b383d301 b3827200  ..............r.
 04f0 23205400 13044400 9302f0ff 93a2f2ff  # T...D.........
 0500 93a2823e 93a20283 93a21200 93a27245  ...>..........rE
 0510 130360c6 932343c9 132eb322 932e4383  ..`..#C...."..C.
 0520 132f0300 932f63c6 b383c301 b38eee01  ./.../c.........
 0530 b382f201 b383d301 b3827200 23205400  ..........r.# T.
 0540 13044400 9302e0ff 93b2f2ff 93b2823e  ..D............>
 0550 93b20283 93b212f0 93b21200 37c3aaaa  ............7...
 0560 1303b3bb 933343c9 133eb322 933e4383  .....3C..>.".>C.
 0570 133f0300 933f63c6 b383c301 b38eee01  .?...?c.........
 0580 b382f201 b383d301 b3827200 23205400  ..........r.# T.
 0590 13044400 9302f0ff 93c2b207 93c25297  ..D...........R.
 05a0 93c212cc 93c2127f 93c2324a 13037038  ..........2J..p8
 05b0 934333ee 134e430a 934e636e 134f9389  .C3..NC..Ncn.O..
 05c0 934f934b b383c301 b38eee01 b382f201  .O.K............
 05d0 b383d301 b3827200 23205400 13044400  ......r.# T...D.
 05e0 93021000 93e2c21b 93e2526e 93e2d2ed  ..........Rn....
 05f0 93e2c209 93e22250 13033078 9363d311  ......"P..0x.c..
 0600 136ec3f5 936ea391 136f7376 936f73b4  .n...n...osv.os.
 0610 b383c301 b38eee01 b382f201 b383d301  ................
 0620 b3827200 23205400 13044400 b7f2cdab  ..r.# T...D.....
 0630 938282f9 93f232eb 93f242f4 93f29220  ......2...B.... 
 0640 93f272e8 93f25235 37533412 13038367  ..r...R57S4....g
 0650 9373137f 137ea30d 937e43ec 137ff34a  .s...~...~C....J
 0660 937f93cf b383c301 b38eee01 b382f201  ................
 0670 b383d301 b3827200 23205400 13044400  ......r.# T...D.
 0680 9302a000 93922200 93925200 93927200  ......"...R...r.
 0690 9392a200 93926200 3743b21a 130343cd  ......b.7C....C.
 06a0 9313f300 131e6300 931ec301 131f1301  ......c.........
 06b0 931f7300 b383c301 b38eee01 b382f201  ..s.............
 06c0 b383d301 b3827200 23205400 13044400  ......r.# T...D.
 06d0 b7c2b2a1 9382423d 93d23200 93d24200  ......B=..2...B.
 06e0 93d26200 93d2b200 93d27200 3783bfaa  ..b.......r.7...
 06f0 1303c390 93539301 135e0301 935e2301  .....S...^...^#.
 0700 135fb301 935f1301 b383c301 b38eee01  ._..._..........
 0710 b382f201 b383d301 b3827200 23205400  ..........r.# T.
 0720 13044400 b7c2b2a1 9382423d 93d25240  ..D.......B=..R@
 0730 93d22240 93d28240 93d29240 93d24240  .."@...@...@..B@
 0740 3783bfaa 1303c390 9353d340 135e8340  7........S.@.^.@
 0750 935e9340 135fe340 935f4340 b383c301  .^.@._.@._C@....
 0760 b38eee01 b382f201 b383d301 b3827200  ..............r.
 0770 23205400 13044400 b7f2ffff 17030000  # T...D.........
 0780 13030302 67030300 93e21200 67034300  ....g.......g.C.
 0790 93e24200 67034300 93e20201 67034300  ..B.g.C.....g.C.
 07a0 93e21200 67034300 93e28200 17030000  ....g.C.........
 07b0 13030303 e70303fe 93e20202 670e83fe  ............g...
 07c0 93e20204 e70e03ff 93e20208 670f83ff  ............g...
 07d0 93e20210 e70f0300 93e20220 b383c341  ........... ...A
 07e0 b38eee41 b38f6f40 b383d301 3383f301  ...A..o@....3...
 07f0 b3926200 23205400 13044400 9302f000  ..b.# T...D.....
 0800 1303000f b7130000 938303f0 37fe0000  ............7...
 0810 b75e3412 938e8e67 13044401 232e54fe  .^4....g..D.#.T.
 0820 232c64fe 232a74fe 2328c4ff 2326d4ff  #,d.#*t.#(..#&..
 0830 13044401 032f84fd 832e04ff 232ee4ff  ..D../......#...
 0840 230ce4ff 231ae4ff a309e4ff 2317e4ff  #...#.......#...
 0850 832204ff 0323c4fe b3035300 13044400  ."...#....S...D.
 0860 232e74fe b7f2ffff 37f3ffff 37130000  #.t.....7...7...
 0870 130303ff 638c6202 638a6202 63886202  ....c.b.c.b.c.b.
 0880 63866202 63846202 37f3ffff 37130000  c.b.c.b.7...7...
 0890 1303f3ff 630c5300 630a5300 63085300  ....c.S.c.S.c.S.
 08a0 63065300 63045300 6f008000 93e21200  c.S.c.S.o.......
 08b0 1343f3ff 63846200 93e22200 23205400  .C..c.b...".# T.
 08c0 13044400 b7f2ffff 37130000 130303ff  ..D.....7.......
 08d0 37f3ffff 639c6202 639a6202 63986202  7...c.b.c.b.c.b.
 08e0 63966202 63946202 37130000 1303f3ff  c.b.c.b.7.......
 08f0 37f3ffff 631c5300 631a5300 63185300  7...c.S.c.S.c.S.
 0900 63165300 63145300 6f008000 93e21200  c.S.c.S.o.......
 0910 1343f3ff 63946200 93e22200 23205400  .C..c.b...".# T.
 0920 13044400 b7f2ffff 37130000 130303ff  ..D.....7.......
 0930 1383c2ff 63cc6202 63ca6202 63c86202  ....c.b.c.b.c.b.
 0940 63c66202 63c46202 37130000 1303f3ff  c.b.c.b.7.......
 0950 13834200 634c5300 634a5300 63485300  ..B.cLS.cJS.cHS.
 0960 63465300 63445300 6f008000 93e21200  cFS.cDS.o.......
 0970 37130000 1303f3ff 63c46200 93e22200  7.......c.b...".
 0980 13830200 63c46200 6f008000 93e24200  ....c.b.o.....B.
 0990 37f3ffff 1303e3ee 63c46200 6f008000  7.......c.b.o...
 09a0 93e28200 23205400 13044400 b7f2ffff  ....# T...D.....
 09b0 37f3ffff 13834200 63da6202 63d86202  7.....B.c.b.c.b.
 09c0 63d66202 63d46202 63d26202 3703ffff  c.b.c.b.c.b.7...
 09d0 1383c2ff 635c5300 635a5300 63585300  ....c\S.cZS.cXS.
 09e0 63565300 63545300 6f008000 93e21200  cVS.cTS.o.......
 09f0 37130000 1303f3ff 63d46200 6f008000  7.......c.b.o...
 0a00 93e22200 13830200 63d46200 93e24200  ..".....c.b...B.
 0a10 37f3ffff 1303e3ee 63d46200 93e28200  7.......c.b.....
 0a20 23205400 13044400 b7f2ffff 130300f0  # T...D.........
 0a30 1383c2ff 63ea6202 63e86202 63e66202  ....c.b.c.b.c.b.
 0a40 63e46202 63e26202 1303f0ff 13834200  c.b.c.b.......B.
 0a50 636c5300 636a5300 63685300 63665300  clS.cjS.chS.cfS.
 0a60 63645300 6f008000 93e21200 1303f0ff  cdS.o...........
 0a70 63e46200 93e22200 13830200 63e46200  c.b...".....c.b.
 0a80 6f008000 93e24200 37130000 1303f3ff  o.....B.7.......
 0a90 63e46200 6f008000 93e28200 23205400  c.b.o.......# T.
 0aa0 13044400 b7f2ffff 37f3ffff 13834200  ..D.....7.....B.
 0ab0 63fc6202 63fa6202 63f86202 63f66202  c.b.c.b.c.b.c.b.
 0ac0 63f46202 37130000 1303f3ff 1383c2ff  c.b.7...........
 0ad0 637c5300 637a5300 63785300 63765300  c|S.czS.cxS.cvS.
 0ae0 63745300 6f008000 93e21200 1303f0ff  ctS.o...........
 0af0 63f46200 6f008000 93e22200 13830200  c.b.o.....".....
 0b00 63f46200 93e24200 37130000 1303f3ff  c.b...B.7.......
 0b10 63f46200 93e28200 23205400 13044400  c.b.....# T...D.
 0b20 97020000 17f3ffff 97935713 33037300  ..........W.3.s.
 0b30 b3826200 23205400 13044400 b7020000  ..b.# T...D.....
 0b40 37f3ffff b7935713 33037300 b3826200  7.....W.3.s...b.
 0b50 23205400 13044400 b7f2ffff 6f038000  # T...D.....o...
 0b60 93e21200 97030000 93830300 33836340  ............3.c@
 0b70 b3826200 23205400 13044400 b7020f00  ..b.# T...D.....
 0b80 93828200 73900230 f3130030 731e0030  ....s..0...0s..0
 0b90 3383c301 23206400 13044400 b7120000  3...# d...D.....
 0ba0 938222a3 73904230 f3134030 731e4030  ..".s.B0..@0s.@0
 0bb0 3383c301 23206400 13044400 b7422301  3...# d...D..B#.
 0bc0 93827256 73905230 f3135030 731e5030  ..rVs.R0..P0s.P0
 0bd0 3383c301 23206400 13044400 b7422301  3...# d...D..B#.
 0be0 93827256 73901234 f3131034 731e1034  ..rVs..4...4s..4
 0bf0 3383c301 23206400 13044400 9302a022  3...# d...D...."
 0c00 73904234 f3134034 731e4034 3383c301  s.B4..@4s.@43...
 0c10 23206400 13044400 73d00430 73130030  # d...D.s..0s..0
 0c20 23206400 13044400 73d05730 73135030  # d...D.s.W0s.P0
 0c30 23206400 13044400 73d01734 73131034  # d...D.s..4s..4
 0c40 23206400 13044400 73d04734 73134034  # d...D.s.G4s.@4
 0c50 23206400 13044400 b7020f00 93828200  # d...D.........
 0c60 37030f00 13038300 73900230 f3220330  7.......s..0.".0
 0c70 f3130030 23207400 13044400 b7020f00  ...0# t...D.....
 0c80 93828200 73900230 f3e20430 f3130030  ....s..0...0...0
 0c90 23207400 13044400 b7220f00 93828288  # t...D.."......
 0ca0 37230f00 13030388 73900230 f3320330  7#......s..0.2.0
 0cb0 f3130030 23207400 13044400 b7220f00  ...0# t...D.."..
 0cc0 93828288 73900230 f3f20430 f3130030  ....s..0...0...0
 0cd0 23207400 13044400 03240100 13014100  # t...D..$....A.
 0ce0 67800000 130101fd 23268102 13040103  g.......#&......
 0cf0 232ea4fc 232cb4fc 232ac4fc 232604fe  #...#,..#*..#&..
 0d00 6f00c004 8327c4fe 93972700 0327c4fd  o....'....'..'..
 0d10 b307f700 03a70700 8327c4fe 93972700  .........'....'.
 0d20 832684fd b387f600 83a70700 630af700  .&..........c...
 0d30 0327c4fe b707adde b367f700 6f004002  .'.......g..o.@.
 0d40 8327c4fe 93871700 2326f4fe 0327c4fe  .'......#&...'..
 0d50 832744fd e348f7fa b7d7feca 9387e7af  .'D..H..........
 0d60 13850700 0324c102 13010103 67800000  .....$......g...
Contents of section .rodata:
 0d70 f0ffffff f8ffffff 08000000 01000000  ................
 0d80 01000000 78787878 a2910000 03000000  ....xxxx........
 0d90 fdfefcfe 70503010 cccccccc ccffffff  ....pP0.........
 0da0 ccccffff cc000000 cccc0000 9d0d0000  ................
 0db0 04000000 03000000 a6010000 c60e0000  ................
 0dc0 a8b76824 009fbf5d 382b0100 b71728fa  ..h$...]8+....(.
 0dd0 000000ff 78563412 00f00000 000f0000  ....xV4.........
 0de0 f0000000 0f000000 00007856 00000078  ..........xV...x
 0df0 78560000 78000000 78563412 000078ce  xV..x...xV4...x.
 0e00 00f0ffff 00f0ffff 00f0ffff 00f0ffff  ................
 0e10 00f0ffff 00f0ffff e8a05713 00805713  ..........W...W.
 0e20 04f0ffff 08000e00 220a0000 65452301  ........"...eE#.
 0e30 64452301 2a020000 08000000 0d000000  dE#.*...........
 0e40 0c000000 0a000000 08000e00 08000e00  ................
 0e50 08000000 80180e00 66666666           ........ffff    
Contents of section .comment:
 0000 4743433a 2028474e 55292037 2e312e31  GCC: (GNU) 7.1.1
 0010 20323031 37303530 3900                20170509.      

Disassembly of section .text:

00000000 <__text_start>:
   0:	00000093          	li	ra,0
   4:	00000113          	li	sp,0
   8:	00000193          	li	gp,0
   c:	00000213          	li	tp,0
  10:	00000293          	li	t0,0
  14:	00000313          	li	t1,0
  18:	00000393          	li	t2,0
  1c:	00000413          	li	s0,0
  20:	00000493          	li	s1,0
  24:	00000513          	li	a0,0
  28:	00000593          	li	a1,0
  2c:	00000613          	li	a2,0
  30:	00000693          	li	a3,0
  34:	00000713          	li	a4,0
  38:	00000793          	li	a5,0
  3c:	00000813          	li	a6,0
  40:	00000893          	li	a7,0
  44:	00000913          	li	s2,0
  48:	00000993          	li	s3,0
  4c:	00000a13          	li	s4,0
  50:	00000a93          	li	s5,0
  54:	00000b13          	li	s6,0
  58:	00000b93          	li	s7,0
  5c:	00000c13          	li	s8,0
  60:	00000c93          	li	s9,0
  64:	00000d13          	li	s10,0
  68:	00000d93          	li	s11,0
  6c:	00000e13          	li	t3,0
  70:	00000e93          	li	t4,0
  74:	00000f13          	li	t5,0
  78:	00000f93          	li	t6,0
  7c:	00011197          	auipc	gp,0x11
  80:	78418193          	addi	gp,gp,1924 # 11800 <_gp>

00000084 <init_bss>:
  84:	00011517          	auipc	a0,0x11
  88:	f7c50513          	addi	a0,a0,-132 # 11000 <__data_paddr_start>
  8c:	00011597          	auipc	a1,0x11
  90:	f7058593          	addi	a1,a1,-144 # 10ffc <_dmem_start+0xffc>
  94:	00000613          	li	a2,0
  98:	094000ef          	jal	ra,12c <fill_block>

0000009c <init_sbss>:
  9c:	00011517          	auipc	a0,0x11
  a0:	f6450513          	addi	a0,a0,-156 # 11000 <__data_paddr_start>
  a4:	00011597          	auipc	a1,0x11
  a8:	f5858593          	addi	a1,a1,-168 # 10ffc <_dmem_start+0xffc>
  ac:	00000613          	li	a2,0
  b0:	07c000ef          	jal	ra,12c <fill_block>

000000b4 <write_stack_pattern>:
  b4:	00011517          	auipc	a0,0x11
  b8:	f4c50513          	addi	a0,a0,-180 # 11000 <__data_paddr_start>
  bc:	00012597          	auipc	a1,0x12
  c0:	f4058593          	addi	a1,a1,-192 # 11ffc <_gp+0x7fc>
  c4:	00000613          	li	a2,0
  c8:	064000ef          	jal	ra,12c <fill_block>

000000cc <init_stack>:
  cc:	00012117          	auipc	sp,0x12
  d0:	f3410113          	addi	sp,sp,-204 # 12000 <__stack>

000000d4 <write_test_pattern>:
  d4:	00010517          	auipc	a0,0x10
  d8:	f2c50513          	addi	a0,a0,-212 # 10000 <_dmem_start>
  dc:	00011597          	auipc	a1,0x11
  e0:	f2058593          	addi	a1,a1,-224 # 10ffc <_dmem_start+0xffc>
  e4:	00000613          	li	a2,0
  e8:	044000ef          	jal	ra,12c <fill_block>

000000ec <SystemInit>:
  ec:	054000ef          	jal	ra,140 <main>
  f0:	00010517          	auipc	a0,0x10
  f4:	f1050513          	addi	a0,a0,-240 # 10000 <_dmem_start>
  f8:	00001597          	auipc	a1,0x1
  fc:	c7858593          	addi	a1,a1,-904 # d70 <__text_end>
 100:	00001617          	auipc	a2,0x1
 104:	d5860613          	addi	a2,a2,-680 # e58 <_golden_end>
 108:	40b60633          	sub	a2,a2,a1
 10c:	00265613          	srli	a2,a2,0x2
 110:	3d5000ef          	jal	ra,ce4 <verif>

00000114 <SystemExit>:
 114:	00011297          	auipc	t0,0x11
 118:	ee828293          	addi	t0,t0,-280 # 10ffc <_dmem_start+0xffc>
 11c:	00100313          	li	t1,1
 120:	fea2ae23          	sw	a0,-4(t0)
 124:	0062a023          	sw	t1,0(t0)

00000128 <dead_loop>:
 128:	0000006f          	j	128 <dead_loop>

0000012c <fill_block>:
 12c:	00a5e863          	bltu	a1,a0,13c <fb_end>
 130:	00c52023          	sw	a2,0(a0)
 134:	00450513          	addi	a0,a0,4
 138:	ff5ff06f          	j	12c <fill_block>

0000013c <fb_end>:
 13c:	00008067          	ret

00000140 <main>:
 140:	ffc10113          	addi	sp,sp,-4
 144:	00812023          	sw	s0,0(sp)
 148:	00010417          	auipc	s0,0x10
 14c:	eb840413          	addi	s0,s0,-328 # 10000 <_dmem_start>
 150:	00200313          	li	t1,2
 154:	000012b7          	lui	t0,0x1
 158:	80028293          	addi	t0,t0,-2048 # 800 <store+0x4>
 15c:	30429073          	csrw	mie,t0
 160:	00000297          	auipc	t0,0x0
 164:	02028293          	addi	t0,t0,32 # 180 <add>
 168:	30529073          	csrw	mtvec,t0
 16c:	00800293          	li	t0,8
 170:	30029073          	csrw	mstatus,t0
 174:	10500073          	wfi
 178:	fc9ff06f          	j	140 <main>
 17c:	34431073          	csrw	mip,t1

00000180 <add>:
 180:	fff00293          	li	t0,-1
 184:	fff00313          	li	t1,-1
 188:	006282b3          	add	t0,t0,t1
 18c:	006282b3          	add	t0,t0,t1
 190:	006282b3          	add	t0,t0,t1
 194:	006282b3          	add	t0,t0,t1
 198:	006282b3          	add	t0,t0,t1
 19c:	ffe00313          	li	t1,-2
 1a0:	005302b3          	add	t0,t1,t0
 1a4:	005302b3          	add	t0,t1,t0
 1a8:	005302b3          	add	t0,t1,t0
 1ac:	005302b3          	add	t0,t1,t0
 1b0:	005302b3          	add	t0,t1,t0
 1b4:	00542023          	sw	t0,0(s0)
 1b8:	00440413          	addi	s0,s0,4

000001bc <sub>:
 1bc:	00000293          	li	t0,0
 1c0:	fff00313          	li	t1,-1
 1c4:	406282b3          	sub	t0,t0,t1
 1c8:	406282b3          	sub	t0,t0,t1
 1cc:	406282b3          	sub	t0,t0,t1
 1d0:	406282b3          	sub	t0,t0,t1
 1d4:	406282b3          	sub	t0,t0,t1
 1d8:	ffd00313          	li	t1,-3
 1dc:	405302b3          	sub	t0,t1,t0
 1e0:	405302b3          	sub	t0,t1,t0
 1e4:	405302b3          	sub	t0,t1,t0
 1e8:	405302b3          	sub	t0,t1,t0
 1ec:	405302b3          	sub	t0,t1,t0
 1f0:	00542023          	sw	t0,0(s0)
 1f4:	00440413          	addi	s0,s0,4

000001f8 <sll>:
 1f8:	00100293          	li	t0,1
 1fc:	00100313          	li	t1,1
 200:	006292b3          	sll	t0,t0,t1
 204:	006292b3          	sll	t0,t0,t1
 208:	006292b3          	sll	t0,t0,t1
 20c:	006292b3          	sll	t0,t0,t1
 210:	006292b3          	sll	t0,t0,t1
 214:	00200313          	li	t1,2
 218:	005312b3          	sll	t0,t1,t0
 21c:	005312b3          	sll	t0,t1,t0
 220:	005312b3          	sll	t0,t1,t0
 224:	005312b3          	sll	t0,t1,t0
 228:	005312b3          	sll	t0,t1,t0
 22c:	00542023          	sw	t0,0(s0)
 230:	00440413          	addi	s0,s0,4

00000234 <slt>:
 234:	fff00293          	li	t0,-1
 238:	00100313          	li	t1,1
 23c:	0062a2b3          	slt	t0,t0,t1
 240:	0062a2b3          	slt	t0,t0,t1
 244:	0062a2b3          	slt	t0,t0,t1
 248:	0062a2b3          	slt	t0,t0,t1
 24c:	0062a2b3          	slt	t0,t0,t1
 250:	fff00313          	li	t1,-1
 254:	005322b3          	slt	t0,t1,t0
 258:	005322b3          	slt	t0,t1,t0
 25c:	005322b3          	slt	t0,t1,t0
 260:	005322b3          	slt	t0,t1,t0
 264:	005322b3          	slt	t0,t1,t0
 268:	00542023          	sw	t0,0(s0)
 26c:	00440413          	addi	s0,s0,4

00000270 <sltu>:
 270:	fff00293          	li	t0,-1
 274:	00100313          	li	t1,1
 278:	0062b2b3          	sltu	t0,t0,t1
 27c:	0062b2b3          	sltu	t0,t0,t1
 280:	0062b2b3          	sltu	t0,t0,t1
 284:	0062b2b3          	sltu	t0,t0,t1
 288:	0062b2b3          	sltu	t0,t0,t1
 28c:	0062b2b3          	sltu	t0,t0,t1
 290:	00000313          	li	t1,0
 294:	005332b3          	sltu	t0,t1,t0
 298:	005332b3          	sltu	t0,t1,t0
 29c:	005332b3          	sltu	t0,t1,t0
 2a0:	005332b3          	sltu	t0,t1,t0
 2a4:	005332b3          	sltu	t0,t1,t0
 2a8:	00542023          	sw	t0,0(s0)
 2ac:	00440413          	addi	s0,s0,4

000002b0 <xor>:
 2b0:	fff00293          	li	t0,-1
 2b4:	f0f0f337          	lui	t1,0xf0f0f
 2b8:	0f030313          	addi	t1,t1,240 # f0f0f0f0 <__stack+0xf0efd0f0>
 2bc:	0062c2b3          	xor	t0,t0,t1
 2c0:	0062c2b3          	xor	t0,t0,t1
 2c4:	0062c2b3          	xor	t0,t0,t1
 2c8:	0062c2b3          	xor	t0,t0,t1
 2cc:	0062c2b3          	xor	t0,t0,t1
 2d0:	77777337          	lui	t1,0x77777
 2d4:	77730313          	addi	t1,t1,1911 # 77777777 <__stack+0x77765777>
 2d8:	005342b3          	xor	t0,t1,t0
 2dc:	005342b3          	xor	t0,t1,t0
 2e0:	005342b3          	xor	t0,t1,t0
 2e4:	005342b3          	xor	t0,t1,t0
 2e8:	005342b3          	xor	t0,t1,t0
 2ec:	00542023          	sw	t0,0(s0)
 2f0:	00440413          	addi	s0,s0,4

000002f4 <srl>:
 2f4:	fff00293          	li	t0,-1
 2f8:	75ecb337          	lui	t1,0x75ecb
 2fc:	86430313          	addi	t1,t1,-1948 # 75eca864 <__stack+0x75eb8864>
 300:	0062d2b3          	srl	t0,t0,t1
 304:	0062d2b3          	srl	t0,t0,t1
 308:	0062d2b3          	srl	t0,t0,t1
 30c:	0062d2b3          	srl	t0,t0,t1
 310:	0062d2b3          	srl	t0,t0,t1
 314:	12345337          	lui	t1,0x12345
 318:	67830313          	addi	t1,t1,1656 # 12345678 <__stack+0x12333678>
 31c:	005352b3          	srl	t0,t1,t0
 320:	005352b3          	srl	t0,t1,t0
 324:	005352b3          	srl	t0,t1,t0
 328:	005352b3          	srl	t0,t1,t0
 32c:	005352b3          	srl	t0,t1,t0
 330:	00542023          	sw	t0,0(s0)
 334:	00440413          	addi	s0,s0,4

00000338 <sra>:
 338:	876542b7          	lui	t0,0x87654
 33c:	32128293          	addi	t0,t0,801 # 87654321 <__stack+0x87642321>
 340:	00400313          	li	t1,4
 344:	4062d2b3          	sra	t0,t0,t1
 348:	4062d2b3          	sra	t0,t0,t1
 34c:	4062d2b3          	sra	t0,t0,t1
 350:	4062d2b3          	sra	t0,t0,t1
 354:	4062d2b3          	sra	t0,t0,t1
 358:	77777337          	lui	t1,0x77777
 35c:	77730313          	addi	t1,t1,1911 # 77777777 <__stack+0x77765777>
 360:	405352b3          	sra	t0,t1,t0
 364:	405352b3          	sra	t0,t1,t0
 368:	405352b3          	sra	t0,t1,t0
 36c:	405352b3          	sra	t0,t1,t0
 370:	405352b3          	sra	t0,t1,t0
 374:	00542023          	sw	t0,0(s0)
 378:	00440413          	addi	s0,s0,4

0000037c <or>:
 37c:	123452b7          	lui	t0,0x12345
 380:	67828293          	addi	t0,t0,1656 # 12345678 <__stack+0x12333678>
 384:	fedcc337          	lui	t1,0xfedcc
 388:	a9830313          	addi	t1,t1,-1384 # fedcba98 <__stack+0xfedb9a98>
 38c:	0062e2b3          	or	t0,t0,t1
 390:	0062e2b3          	or	t0,t0,t1
 394:	0062e2b3          	or	t0,t0,t1
 398:	0062e2b3          	or	t0,t0,t1
 39c:	0062e2b3          	or	t0,t0,t1
 3a0:	62400337          	lui	t1,0x62400
 3a4:	28530313          	addi	t1,t1,645 # 62400285 <__stack+0x623ee285>
 3a8:	005362b3          	or	t0,t1,t0
 3ac:	005362b3          	or	t0,t1,t0
 3b0:	005362b3          	or	t0,t1,t0
 3b4:	005362b3          	or	t0,t1,t0
 3b8:	005362b3          	or	t0,t1,t0
 3bc:	00542023          	sw	t0,0(s0)
 3c0:	00440413          	addi	s0,s0,4

000003c4 <and>:
 3c4:	123452b7          	lui	t0,0x12345
 3c8:	67828293          	addi	t0,t0,1656 # 12345678 <__stack+0x12333678>
 3cc:	fff00313          	li	t1,-1
 3d0:	0062f2b3          	and	t0,t0,t1
 3d4:	0062f2b3          	and	t0,t0,t1
 3d8:	0062f2b3          	and	t0,t0,t1
 3dc:	0062f2b3          	and	t0,t0,t1
 3e0:	0062f2b3          	and	t0,t0,t1
 3e4:	f0f0f337          	lui	t1,0xf0f0f
 3e8:	0f030313          	addi	t1,t1,240 # f0f0f0f0 <__stack+0xf0efd0f0>
 3ec:	005372b3          	and	t0,t1,t0
 3f0:	005372b3          	and	t0,t1,t0
 3f4:	005372b3          	and	t0,t1,t0
 3f8:	005372b3          	and	t0,t1,t0
 3fc:	005372b3          	and	t0,t1,t0
 400:	00542023          	sw	t0,0(s0)
 404:	00440413          	addi	s0,s0,4

00000408 <load>:
 408:	00001317          	auipc	t1,0x1
 40c:	a5030313          	addi	t1,t1,-1456 # e58 <_golden_end>
 410:	00032283          	lw	t0,0(t1)
 414:	fec10113          	addi	sp,sp,-20
 418:	00512023          	sw	t0,0(sp)
 41c:	00010293          	mv	t0,sp
 420:	00512223          	sw	t0,4(sp)
 424:	00410293          	addi	t0,sp,4
 428:	00512423          	sw	t0,8(sp)
 42c:	00810293          	addi	t0,sp,8
 430:	00512623          	sw	t0,12(sp)
 434:	00c10293          	addi	t0,sp,12
 438:	00512823          	sw	t0,16(sp)
 43c:	01010293          	addi	t0,sp,16
 440:	0002a283          	lw	t0,0(t0)
 444:	0002a283          	lw	t0,0(t0)
 448:	0002a283          	lw	t0,0(t0)
 44c:	0002a283          	lw	t0,0(t0)
 450:	0002a283          	lw	t0,0(t0)
 454:	01410113          	addi	sp,sp,20
 458:	ffc12303          	lw	t1,-4(sp)
 45c:	ff812383          	lw	t2,-8(sp)
 460:	ff412e03          	lw	t3,-12(sp)
 464:	ff012e83          	lw	t4,-16(sp)
 468:	fec12f03          	lw	t5,-20(sp)
 46c:	01d30333          	add	t1,t1,t4
 470:	01c383b3          	add	t2,t2,t3
 474:	40730333          	sub	t1,t1,t2
 478:	01e30333          	add	t1,t1,t5
 47c:	006282b3          	add	t0,t0,t1
 480:	01040413          	addi	s0,s0,16
 484:	fe542823          	sw	t0,-16(s0)
 488:	ff040303          	lb	t1,-16(s0)
 48c:	ff041383          	lh	t2,-16(s0)
 490:	ff044e03          	lbu	t3,-16(s0)
 494:	ff045e83          	lhu	t4,-16(s0)
 498:	fe642a23          	sw	t1,-12(s0)
 49c:	fe742c23          	sw	t2,-8(s0)
 4a0:	ffc42e23          	sw	t3,-4(s0)
 4a4:	01d42023          	sw	t4,0(s0)
 4a8:	00440413          	addi	s0,s0,4

000004ac <addi>:
 4ac:	fff00293          	li	t0,-1
 4b0:	fff28293          	addi	t0,t0,-1
 4b4:	76528293          	addi	t0,t0,1893
 4b8:	88828293          	addi	t0,t0,-1912
 4bc:	43228293          	addi	t0,t0,1074
 4c0:	abc28293          	addi	t0,t0,-1348
 4c4:	52100313          	li	t1,1313
 4c8:	ce230393          	addi	t2,t1,-798
 4cc:	13b30e13          	addi	t3,t1,315
 4d0:	49930e93          	addi	t4,t1,1177
 4d4:	80130f13          	addi	t5,t1,-2047
 4d8:	a6830f93          	addi	t6,t1,-1432
 4dc:	01c383b3          	add	t2,t2,t3
 4e0:	01ee8eb3          	add	t4,t4,t5
 4e4:	01f282b3          	add	t0,t0,t6
 4e8:	01d383b3          	add	t2,t2,t4
 4ec:	007282b3          	add	t0,t0,t2
 4f0:	00542023          	sw	t0,0(s0)
 4f4:	00440413          	addi	s0,s0,4

000004f8 <slti>:
 4f8:	fff00293          	li	t0,-1
 4fc:	fff2a293          	slti	t0,t0,-1
 500:	3e82a293          	slti	t0,t0,1000
 504:	8302a293          	slti	t0,t0,-2000
 508:	0012a293          	slti	t0,t0,1
 50c:	4572a293          	slti	t0,t0,1111
 510:	c6600313          	li	t1,-922
 514:	c9432393          	slti	t2,t1,-876
 518:	22b32e13          	slti	t3,t1,555
 51c:	83432e93          	slti	t4,t1,-1996
 520:	00032f13          	slti	t5,t1,0
 524:	c6632f93          	slti	t6,t1,-922
 528:	01c383b3          	add	t2,t2,t3
 52c:	01ee8eb3          	add	t4,t4,t5
 530:	01f282b3          	add	t0,t0,t6
 534:	01d383b3          	add	t2,t2,t4
 538:	007282b3          	add	t0,t0,t2
 53c:	00542023          	sw	t0,0(s0)
 540:	00440413          	addi	s0,s0,4

00000544 <sltiu>:
 544:	ffe00293          	li	t0,-2
 548:	fff2b293          	sltiu	t0,t0,-1
 54c:	3e82b293          	sltiu	t0,t0,1000
 550:	8302b293          	sltiu	t0,t0,-2000
 554:	f012b293          	sltiu	t0,t0,-255
 558:	0012b293          	seqz	t0,t0
 55c:	aaaac337          	lui	t1,0xaaaac
 560:	bbb30313          	addi	t1,t1,-1093 # aaaabbbb <__stack+0xaaa99bbb>
 564:	c9433393          	sltiu	t2,t1,-876
 568:	22b33e13          	sltiu	t3,t1,555
 56c:	83433e93          	sltiu	t4,t1,-1996
 570:	00033f13          	sltiu	t5,t1,0
 574:	c6633f93          	sltiu	t6,t1,-922
 578:	01c383b3          	add	t2,t2,t3
 57c:	01ee8eb3          	add	t4,t4,t5
 580:	01f282b3          	add	t0,t0,t6
 584:	01d383b3          	add	t2,t2,t4
 588:	007282b3          	add	t0,t0,t2
 58c:	00542023          	sw	t0,0(s0)
 590:	00440413          	addi	s0,s0,4

00000594 <xori>:
 594:	fff00293          	li	t0,-1
 598:	07b2c293          	xori	t0,t0,123
 59c:	9752c293          	xori	t0,t0,-1675
 5a0:	cc12c293          	xori	t0,t0,-831
 5a4:	7f12c293          	xori	t0,t0,2033
 5a8:	4a32c293          	xori	t0,t0,1187
 5ac:	38700313          	li	t1,903
 5b0:	ee334393          	xori	t2,t1,-285
 5b4:	0a434e13          	xori	t3,t1,164
 5b8:	6e634e93          	xori	t4,t1,1766
 5bc:	89934f13          	xori	t5,t1,-1895
 5c0:	4b934f93          	xori	t6,t1,1209
 5c4:	01c383b3          	add	t2,t2,t3
 5c8:	01ee8eb3          	add	t4,t4,t5
 5cc:	01f282b3          	add	t0,t0,t6
 5d0:	01d383b3          	add	t2,t2,t4
 5d4:	007282b3          	add	t0,t0,t2
 5d8:	00542023          	sw	t0,0(s0)
 5dc:	00440413          	addi	s0,s0,4

000005e0 <ori>:
 5e0:	00100293          	li	t0,1
 5e4:	1bc2e293          	ori	t0,t0,444
 5e8:	6e52e293          	ori	t0,t0,1765
 5ec:	edd2e293          	ori	t0,t0,-291
 5f0:	09c2e293          	ori	t0,t0,156
 5f4:	5022e293          	ori	t0,t0,1282
 5f8:	78300313          	li	t1,1923
 5fc:	11d36393          	ori	t2,t1,285
 600:	f5c36e13          	ori	t3,t1,-164
 604:	91a36e93          	ori	t4,t1,-1766
 608:	76736f13          	ori	t5,t1,1895
 60c:	b4736f93          	ori	t6,t1,-1209
 610:	01c383b3          	add	t2,t2,t3
 614:	01ee8eb3          	add	t4,t4,t5
 618:	01f282b3          	add	t0,t0,t6
 61c:	01d383b3          	add	t2,t2,t4
 620:	007282b3          	add	t0,t0,t2
 624:	00542023          	sw	t0,0(s0)
 628:	00440413          	addi	s0,s0,4

0000062c <andi>:
 62c:	abcdf2b7          	lui	t0,0xabcdf
 630:	f9828293          	addi	t0,t0,-104 # abcdef98 <__stack+0xabcccf98>
 634:	eb32f293          	andi	t0,t0,-333
 638:	f442f293          	andi	t0,t0,-188
 63c:	2092f293          	andi	t0,t0,521
 640:	e872f293          	andi	t0,t0,-377
 644:	3552f293          	andi	t0,t0,853
 648:	12345337          	lui	t1,0x12345
 64c:	67830313          	addi	t1,t1,1656 # 12345678 <__stack+0x12333678>
 650:	7f137393          	andi	t2,t1,2033
 654:	0da37e13          	andi	t3,t1,218
 658:	ec437e93          	andi	t4,t1,-316
 65c:	4af37f13          	andi	t5,t1,1199
 660:	cf937f93          	andi	t6,t1,-775
 664:	01c383b3          	add	t2,t2,t3
 668:	01ee8eb3          	add	t4,t4,t5
 66c:	01f282b3          	add	t0,t0,t6
 670:	01d383b3          	add	t2,t2,t4
 674:	007282b3          	add	t0,t0,t2
 678:	00542023          	sw	t0,0(s0)
 67c:	00440413          	addi	s0,s0,4

00000680 <slli>:
 680:	00a00293          	li	t0,10
 684:	00229293          	slli	t0,t0,0x2
 688:	00529293          	slli	t0,t0,0x5
 68c:	00729293          	slli	t0,t0,0x7
 690:	00a29293          	slli	t0,t0,0xa
 694:	00629293          	slli	t0,t0,0x6
 698:	1ab24337          	lui	t1,0x1ab24
 69c:	cd430313          	addi	t1,t1,-812 # 1ab23cd4 <__stack+0x1ab11cd4>
 6a0:	00f31393          	slli	t2,t1,0xf
 6a4:	00631e13          	slli	t3,t1,0x6
 6a8:	01c31e93          	slli	t4,t1,0x1c
 6ac:	01131f13          	slli	t5,t1,0x11
 6b0:	00731f93          	slli	t6,t1,0x7
 6b4:	01c383b3          	add	t2,t2,t3
 6b8:	01ee8eb3          	add	t4,t4,t5
 6bc:	01f282b3          	add	t0,t0,t6
 6c0:	01d383b3          	add	t2,t2,t4
 6c4:	007282b3          	add	t0,t0,t2
 6c8:	00542023          	sw	t0,0(s0)
 6cc:	00440413          	addi	s0,s0,4

000006d0 <srli>:
 6d0:	a1b2c2b7          	lui	t0,0xa1b2c
 6d4:	3d428293          	addi	t0,t0,980 # a1b2c3d4 <__stack+0xa1b1a3d4>
 6d8:	0032d293          	srli	t0,t0,0x3
 6dc:	0042d293          	srli	t0,t0,0x4
 6e0:	0062d293          	srli	t0,t0,0x6
 6e4:	00b2d293          	srli	t0,t0,0xb
 6e8:	0072d293          	srli	t0,t0,0x7
 6ec:	aabf8337          	lui	t1,0xaabf8
 6f0:	90c30313          	addi	t1,t1,-1780 # aabf790c <__stack+0xaabe590c>
 6f4:	01935393          	srli	t2,t1,0x19
 6f8:	01035e13          	srli	t3,t1,0x10
 6fc:	01235e93          	srli	t4,t1,0x12
 700:	01b35f13          	srli	t5,t1,0x1b
 704:	01135f93          	srli	t6,t1,0x11
 708:	01c383b3          	add	t2,t2,t3
 70c:	01ee8eb3          	add	t4,t4,t5
 710:	01f282b3          	add	t0,t0,t6
 714:	01d383b3          	add	t2,t2,t4
 718:	007282b3          	add	t0,t0,t2
 71c:	00542023          	sw	t0,0(s0)
 720:	00440413          	addi	s0,s0,4

00000724 <srai>:
 724:	a1b2c2b7          	lui	t0,0xa1b2c
 728:	3d428293          	addi	t0,t0,980 # a1b2c3d4 <__stack+0xa1b1a3d4>
 72c:	4052d293          	srai	t0,t0,0x5
 730:	4022d293          	srai	t0,t0,0x2
 734:	4082d293          	srai	t0,t0,0x8
 738:	4092d293          	srai	t0,t0,0x9
 73c:	4042d293          	srai	t0,t0,0x4
 740:	aabf8337          	lui	t1,0xaabf8
 744:	90c30313          	addi	t1,t1,-1780 # aabf790c <__stack+0xaabe590c>
 748:	40d35393          	srai	t2,t1,0xd
 74c:	40835e13          	srai	t3,t1,0x8
 750:	40935e93          	srai	t4,t1,0x9
 754:	40e35f13          	srai	t5,t1,0xe
 758:	40435f93          	srai	t6,t1,0x4
 75c:	01c383b3          	add	t2,t2,t3
 760:	01ee8eb3          	add	t4,t4,t5
 764:	01f282b3          	add	t0,t0,t6
 768:	01d383b3          	add	t2,t2,t4
 76c:	007282b3          	add	t0,t0,t2
 770:	00542023          	sw	t0,0(s0)
 774:	00440413          	addi	s0,s0,4

00000778 <jalr>:
 778:	fffff2b7          	lui	t0,0xfffff
 77c:	00000317          	auipc	t1,0x0
 780:	02030313          	addi	t1,t1,32 # 79c <jalr+0x24>
 784:	00030367          	jalr	t1,t1
 788:	0012e293          	ori	t0,t0,1
 78c:	00430367          	jalr	t1,4(t1)
 790:	0042e293          	ori	t0,t0,4
 794:	00430367          	jalr	t1,4(t1)
 798:	0102e293          	ori	t0,t0,16
 79c:	00430367          	jalr	t1,4(t1)
 7a0:	0012e293          	ori	t0,t0,1
 7a4:	00430367          	jalr	t1,4(t1)
 7a8:	0082e293          	ori	t0,t0,8
 7ac:	00000317          	auipc	t1,0x0
 7b0:	03030313          	addi	t1,t1,48 # 7dc <jalr+0x64>
 7b4:	fe0303e7          	jalr	t2,-32(t1)
 7b8:	0202e293          	ori	t0,t0,32
 7bc:	fe830e67          	jalr	t3,-24(t1)
 7c0:	0402e293          	ori	t0,t0,64
 7c4:	ff030ee7          	jalr	t4,-16(t1)
 7c8:	0802e293          	ori	t0,t0,128
 7cc:	ff830f67          	jalr	t5,-8(t1)
 7d0:	1002e293          	ori	t0,t0,256
 7d4:	00030fe7          	jalr	t6,t1
 7d8:	2002e293          	ori	t0,t0,512
 7dc:	41c383b3          	sub	t2,t2,t3
 7e0:	41ee8eb3          	sub	t4,t4,t5
 7e4:	406f8fb3          	sub	t6,t6,t1
 7e8:	01d383b3          	add	t2,t2,t4
 7ec:	01f38333          	add	t1,t2,t6
 7f0:	006292b3          	sll	t0,t0,t1
 7f4:	00542023          	sw	t0,0(s0)
 7f8:	00440413          	addi	s0,s0,4

000007fc <store>:
 7fc:	00f00293          	li	t0,15
 800:	0f000313          	li	t1,240
 804:	000013b7          	lui	t2,0x1
 808:	f0038393          	addi	t2,t2,-256 # f00 <__rodata_end+0xa4>
 80c:	0000fe37          	lui	t3,0xf
 810:	12345eb7          	lui	t4,0x12345
 814:	678e8e93          	addi	t4,t4,1656 # 12345678 <__stack+0x12333678>
 818:	01440413          	addi	s0,s0,20
 81c:	fe542e23          	sw	t0,-4(s0)
 820:	fe642c23          	sw	t1,-8(s0)
 824:	fe742a23          	sw	t2,-12(s0)
 828:	ffc42823          	sw	t3,-16(s0)
 82c:	ffd42623          	sw	t4,-20(s0)
 830:	01440413          	addi	s0,s0,20
 834:	fd842f03          	lw	t5,-40(s0)
 838:	ff042e83          	lw	t4,-16(s0)
 83c:	ffe42e23          	sw	t5,-4(s0)
 840:	ffe40c23          	sb	t5,-8(s0)
 844:	ffe41a23          	sh	t5,-12(s0)
 848:	ffe409a3          	sb	t5,-13(s0)
 84c:	ffe41723          	sh	t5,-18(s0)
 850:	ff042283          	lw	t0,-16(s0)
 854:	fec42303          	lw	t1,-20(s0)
 858:	005303b3          	add	t2,t1,t0
 85c:	00440413          	addi	s0,s0,4
 860:	fe742e23          	sw	t2,-4(s0)

00000864 <beq>:
 864:	fffff2b7          	lui	t0,0xfffff
 868:	fffff337          	lui	t1,0xfffff
 86c:	00001337          	lui	t1,0x1
 870:	ff030313          	addi	t1,t1,-16 # ff0 <__rodata_end+0x194>
 874:	02628c63          	beq	t0,t1,8ac <beq+0x48>
 878:	02628a63          	beq	t0,t1,8ac <beq+0x48>
 87c:	02628863          	beq	t0,t1,8ac <beq+0x48>
 880:	02628663          	beq	t0,t1,8ac <beq+0x48>
 884:	02628463          	beq	t0,t1,8ac <beq+0x48>
 888:	fffff337          	lui	t1,0xfffff
 88c:	00001337          	lui	t1,0x1
 890:	fff30313          	addi	t1,t1,-1 # fff <__rodata_end+0x1a3>
 894:	00530c63          	beq	t1,t0,8ac <beq+0x48>
 898:	00530a63          	beq	t1,t0,8ac <beq+0x48>
 89c:	00530863          	beq	t1,t0,8ac <beq+0x48>
 8a0:	00530663          	beq	t1,t0,8ac <beq+0x48>
 8a4:	00530463          	beq	t1,t0,8ac <beq+0x48>
 8a8:	0080006f          	j	8b0 <beq+0x4c>
 8ac:	0012e293          	ori	t0,t0,1
 8b0:	fff34313          	not	t1,t1
 8b4:	00628463          	beq	t0,t1,8bc <beq+0x58>
 8b8:	0022e293          	ori	t0,t0,2
 8bc:	00542023          	sw	t0,0(s0)
 8c0:	00440413          	addi	s0,s0,4

000008c4 <bne>:
 8c4:	fffff2b7          	lui	t0,0xfffff
 8c8:	00001337          	lui	t1,0x1
 8cc:	ff030313          	addi	t1,t1,-16 # ff0 <__rodata_end+0x194>
 8d0:	fffff337          	lui	t1,0xfffff
 8d4:	02629c63          	bne	t0,t1,90c <bne+0x48>
 8d8:	02629a63          	bne	t0,t1,90c <bne+0x48>
 8dc:	02629863          	bne	t0,t1,90c <bne+0x48>
 8e0:	02629663          	bne	t0,t1,90c <bne+0x48>
 8e4:	02629463          	bne	t0,t1,90c <bne+0x48>
 8e8:	00001337          	lui	t1,0x1
 8ec:	fff30313          	addi	t1,t1,-1 # fff <__rodata_end+0x1a3>
 8f0:	fffff337          	lui	t1,0xfffff
 8f4:	00531c63          	bne	t1,t0,90c <bne+0x48>
 8f8:	00531a63          	bne	t1,t0,90c <bne+0x48>
 8fc:	00531863          	bne	t1,t0,90c <bne+0x48>
 900:	00531663          	bne	t1,t0,90c <bne+0x48>
 904:	00531463          	bne	t1,t0,90c <bne+0x48>
 908:	0080006f          	j	910 <bne+0x4c>
 90c:	0012e293          	ori	t0,t0,1
 910:	fff34313          	not	t1,t1
 914:	00629463          	bne	t0,t1,91c <bne+0x58>
 918:	0022e293          	ori	t0,t0,2
 91c:	00542023          	sw	t0,0(s0)
 920:	00440413          	addi	s0,s0,4

00000924 <blt>:
 924:	fffff2b7          	lui	t0,0xfffff
 928:	00001337          	lui	t1,0x1
 92c:	ff030313          	addi	t1,t1,-16 # ff0 <__rodata_end+0x194>
 930:	ffc28313          	addi	t1,t0,-4 # ffffeffc <__stack+0xfffecffc>
 934:	0262cc63          	blt	t0,t1,96c <blt+0x48>
 938:	0262ca63          	blt	t0,t1,96c <blt+0x48>
 93c:	0262c863          	blt	t0,t1,96c <blt+0x48>
 940:	0262c663          	blt	t0,t1,96c <blt+0x48>
 944:	0262c463          	blt	t0,t1,96c <blt+0x48>
 948:	00001337          	lui	t1,0x1
 94c:	fff30313          	addi	t1,t1,-1 # fff <__rodata_end+0x1a3>
 950:	00428313          	addi	t1,t0,4
 954:	00534c63          	blt	t1,t0,96c <blt+0x48>
 958:	00534a63          	blt	t1,t0,96c <blt+0x48>
 95c:	00534863          	blt	t1,t0,96c <blt+0x48>
 960:	00534663          	blt	t1,t0,96c <blt+0x48>
 964:	00534463          	blt	t1,t0,96c <blt+0x48>
 968:	0080006f          	j	970 <blt+0x4c>
 96c:	0012e293          	ori	t0,t0,1
 970:	00001337          	lui	t1,0x1
 974:	fff30313          	addi	t1,t1,-1 # fff <__rodata_end+0x1a3>
 978:	0062c463          	blt	t0,t1,980 <blt+0x5c>
 97c:	0022e293          	ori	t0,t0,2
 980:	00028313          	mv	t1,t0
 984:	0062c463          	blt	t0,t1,98c <blt+0x68>
 988:	0080006f          	j	990 <blt+0x6c>
 98c:	0042e293          	ori	t0,t0,4
 990:	fffff337          	lui	t1,0xfffff
 994:	eee30313          	addi	t1,t1,-274 # ffffeeee <__stack+0xfffeceee>
 998:	0062c463          	blt	t0,t1,9a0 <blt+0x7c>
 99c:	0080006f          	j	9a4 <blt+0x80>
 9a0:	0082e293          	ori	t0,t0,8
 9a4:	00542023          	sw	t0,0(s0)
 9a8:	00440413          	addi	s0,s0,4

000009ac <bge>:
 9ac:	fffff2b7          	lui	t0,0xfffff
 9b0:	fffff337          	lui	t1,0xfffff
 9b4:	00428313          	addi	t1,t0,4 # fffff004 <__stack+0xfffed004>
 9b8:	0262da63          	ble	t1,t0,9ec <bge+0x40>
 9bc:	0262d863          	ble	t1,t0,9ec <bge+0x40>
 9c0:	0262d663          	ble	t1,t0,9ec <bge+0x40>
 9c4:	0262d463          	ble	t1,t0,9ec <bge+0x40>
 9c8:	0262d263          	ble	t1,t0,9ec <bge+0x40>
 9cc:	ffff0337          	lui	t1,0xffff0
 9d0:	ffc28313          	addi	t1,t0,-4
 9d4:	00535c63          	ble	t0,t1,9ec <bge+0x40>
 9d8:	00535a63          	ble	t0,t1,9ec <bge+0x40>
 9dc:	00535863          	ble	t0,t1,9ec <bge+0x40>
 9e0:	00535663          	ble	t0,t1,9ec <bge+0x40>
 9e4:	00535463          	ble	t0,t1,9ec <bge+0x40>
 9e8:	0080006f          	j	9f0 <bge+0x44>
 9ec:	0012e293          	ori	t0,t0,1
 9f0:	00001337          	lui	t1,0x1
 9f4:	fff30313          	addi	t1,t1,-1 # fff <__rodata_end+0x1a3>
 9f8:	0062d463          	ble	t1,t0,a00 <bge+0x54>
 9fc:	0080006f          	j	a04 <bge+0x58>
 a00:	0022e293          	ori	t0,t0,2
 a04:	00028313          	mv	t1,t0
 a08:	0062d463          	ble	t1,t0,a10 <bge+0x64>
 a0c:	0042e293          	ori	t0,t0,4
 a10:	fffff337          	lui	t1,0xfffff
 a14:	eee30313          	addi	t1,t1,-274 # ffffeeee <__stack+0xfffeceee>
 a18:	0062d463          	ble	t1,t0,a20 <bge+0x74>
 a1c:	0082e293          	ori	t0,t0,8
 a20:	00542023          	sw	t0,0(s0)
 a24:	00440413          	addi	s0,s0,4

00000a28 <bltu>:
 a28:	fffff2b7          	lui	t0,0xfffff
 a2c:	f0000313          	li	t1,-256
 a30:	ffc28313          	addi	t1,t0,-4 # ffffeffc <__stack+0xfffecffc>
 a34:	0262ea63          	bltu	t0,t1,a68 <bltu+0x40>
 a38:	0262e863          	bltu	t0,t1,a68 <bltu+0x40>
 a3c:	0262e663          	bltu	t0,t1,a68 <bltu+0x40>
 a40:	0262e463          	bltu	t0,t1,a68 <bltu+0x40>
 a44:	0262e263          	bltu	t0,t1,a68 <bltu+0x40>
 a48:	fff00313          	li	t1,-1
 a4c:	00428313          	addi	t1,t0,4
 a50:	00536c63          	bltu	t1,t0,a68 <bltu+0x40>
 a54:	00536a63          	bltu	t1,t0,a68 <bltu+0x40>
 a58:	00536863          	bltu	t1,t0,a68 <bltu+0x40>
 a5c:	00536663          	bltu	t1,t0,a68 <bltu+0x40>
 a60:	00536463          	bltu	t1,t0,a68 <bltu+0x40>
 a64:	0080006f          	j	a6c <bltu+0x44>
 a68:	0012e293          	ori	t0,t0,1
 a6c:	fff00313          	li	t1,-1
 a70:	0062e463          	bltu	t0,t1,a78 <bltu+0x50>
 a74:	0022e293          	ori	t0,t0,2
 a78:	00028313          	mv	t1,t0
 a7c:	0062e463          	bltu	t0,t1,a84 <bltu+0x5c>
 a80:	0080006f          	j	a88 <bltu+0x60>
 a84:	0042e293          	ori	t0,t0,4
 a88:	00001337          	lui	t1,0x1
 a8c:	fff30313          	addi	t1,t1,-1 # fff <__rodata_end+0x1a3>
 a90:	0062e463          	bltu	t0,t1,a98 <bltu+0x70>
 a94:	0080006f          	j	a9c <bltu+0x74>
 a98:	0082e293          	ori	t0,t0,8
 a9c:	00542023          	sw	t0,0(s0)
 aa0:	00440413          	addi	s0,s0,4

00000aa4 <bgeu>:
 aa4:	fffff2b7          	lui	t0,0xfffff
 aa8:	fffff337          	lui	t1,0xfffff
 aac:	00428313          	addi	t1,t0,4 # fffff004 <__stack+0xfffed004>
 ab0:	0262fc63          	bleu	t1,t0,ae8 <bgeu+0x44>
 ab4:	0262fa63          	bleu	t1,t0,ae8 <bgeu+0x44>
 ab8:	0262f863          	bleu	t1,t0,ae8 <bgeu+0x44>
 abc:	0262f663          	bleu	t1,t0,ae8 <bgeu+0x44>
 ac0:	0262f463          	bleu	t1,t0,ae8 <bgeu+0x44>
 ac4:	00001337          	lui	t1,0x1
 ac8:	fff30313          	addi	t1,t1,-1 # fff <__rodata_end+0x1a3>
 acc:	ffc28313          	addi	t1,t0,-4
 ad0:	00537c63          	bleu	t0,t1,ae8 <bgeu+0x44>
 ad4:	00537a63          	bleu	t0,t1,ae8 <bgeu+0x44>
 ad8:	00537863          	bleu	t0,t1,ae8 <bgeu+0x44>
 adc:	00537663          	bleu	t0,t1,ae8 <bgeu+0x44>
 ae0:	00537463          	bleu	t0,t1,ae8 <bgeu+0x44>
 ae4:	0080006f          	j	aec <bgeu+0x48>
 ae8:	0012e293          	ori	t0,t0,1
 aec:	fff00313          	li	t1,-1
 af0:	0062f463          	bleu	t1,t0,af8 <bgeu+0x54>
 af4:	0080006f          	j	afc <bgeu+0x58>
 af8:	0022e293          	ori	t0,t0,2
 afc:	00028313          	mv	t1,t0
 b00:	0062f463          	bleu	t1,t0,b08 <bgeu+0x64>
 b04:	0042e293          	ori	t0,t0,4
 b08:	00001337          	lui	t1,0x1
 b0c:	fff30313          	addi	t1,t1,-1 # fff <__rodata_end+0x1a3>
 b10:	0062f463          	bleu	t1,t0,b18 <bgeu+0x74>
 b14:	0082e293          	ori	t0,t0,8
 b18:	00542023          	sw	t0,0(s0)
 b1c:	00440413          	addi	s0,s0,4

00000b20 <auipc>:
 b20:	00000297          	auipc	t0,0x0
 b24:	fffff317          	auipc	t1,0xfffff
 b28:	13579397          	auipc	t2,0x13579
 b2c:	00730333          	add	t1,t1,t2
 b30:	006282b3          	add	t0,t0,t1
 b34:	00542023          	sw	t0,0(s0)
 b38:	00440413          	addi	s0,s0,4

00000b3c <lui>:
 b3c:	000002b7          	lui	t0,0x0
 b40:	fffff337          	lui	t1,0xfffff
 b44:	135793b7          	lui	t2,0x13579
 b48:	00730333          	add	t1,t1,t2
 b4c:	006282b3          	add	t0,t0,t1
 b50:	00542023          	sw	t0,0(s0)
 b54:	00440413          	addi	s0,s0,4

00000b58 <jal>:
 b58:	fffff2b7          	lui	t0,0xfffff
 b5c:	0080036f          	jal	t1,b64 <jal+0xc>
 b60:	0012e293          	ori	t0,t0,1
 b64:	00000397          	auipc	t2,0x0
 b68:	00038393          	mv	t2,t2
 b6c:	40638333          	sub	t1,t2,t1
 b70:	006282b3          	add	t0,t0,t1
 b74:	00542023          	sw	t0,0(s0)
 b78:	00440413          	addi	s0,s0,4

00000b7c <csrrw>:
 b7c:	000f02b7          	lui	t0,0xf0
 b80:	00828293          	addi	t0,t0,8 # f0008 <__stack+0xde008>
 b84:	30029073          	csrw	mstatus,t0
 b88:	300013f3          	csrrw	t2,mstatus,zero
 b8c:	30001e73          	csrrw	t3,mstatus,zero
 b90:	01c38333          	add	t1,t2,t3
 b94:	00642023          	sw	t1,0(s0)
 b98:	00440413          	addi	s0,s0,4
 b9c:	000012b7          	lui	t0,0x1
 ba0:	a3228293          	addi	t0,t0,-1486 # a32 <bltu+0xa>
 ba4:	30429073          	csrw	mie,t0
 ba8:	304013f3          	csrrw	t2,mie,zero
 bac:	30401e73          	csrrw	t3,mie,zero
 bb0:	01c38333          	add	t1,t2,t3
 bb4:	00642023          	sw	t1,0(s0)
 bb8:	00440413          	addi	s0,s0,4
 bbc:	012342b7          	lui	t0,0x1234
 bc0:	56728293          	addi	t0,t0,1383 # 1234567 <__stack+0x1222567>
 bc4:	30529073          	csrw	mtvec,t0
 bc8:	305013f3          	csrrw	t2,mtvec,zero
 bcc:	30501e73          	csrrw	t3,mtvec,zero
 bd0:	01c38333          	add	t1,t2,t3
 bd4:	00642023          	sw	t1,0(s0)
 bd8:	00440413          	addi	s0,s0,4
 bdc:	012342b7          	lui	t0,0x1234
 be0:	56728293          	addi	t0,t0,1383 # 1234567 <__stack+0x1222567>
 be4:	34129073          	csrw	mepc,t0
 be8:	341013f3          	csrrw	t2,mepc,zero
 bec:	34101e73          	csrrw	t3,mepc,zero
 bf0:	01c38333          	add	t1,t2,t3
 bf4:	00642023          	sw	t1,0(s0)
 bf8:	00440413          	addi	s0,s0,4
 bfc:	22a00293          	li	t0,554
 c00:	34429073          	csrw	mip,t0
 c04:	344013f3          	csrrw	t2,mip,zero
 c08:	34401e73          	csrrw	t3,mip,zero
 c0c:	01c38333          	add	t1,t2,t3
 c10:	00642023          	sw	t1,0(s0)
 c14:	00440413          	addi	s0,s0,4

00000c18 <csrrwi>:
 c18:	3004d073          	csrwi	mstatus,9
 c1c:	30001373          	csrrw	t1,mstatus,zero
 c20:	00642023          	sw	t1,0(s0)
 c24:	00440413          	addi	s0,s0,4
 c28:	3057d073          	csrwi	mtvec,15
 c2c:	30501373          	csrrw	t1,mtvec,zero
 c30:	00642023          	sw	t1,0(s0)
 c34:	00440413          	addi	s0,s0,4
 c38:	3417d073          	csrwi	mepc,15
 c3c:	34101373          	csrrw	t1,mepc,zero
 c40:	00642023          	sw	t1,0(s0)
 c44:	00440413          	addi	s0,s0,4
 c48:	3447d073          	csrwi	mip,15
 c4c:	34401373          	csrrw	t1,mip,zero
 c50:	00642023          	sw	t1,0(s0)
 c54:	00440413          	addi	s0,s0,4

00000c58 <csrrs>:
 c58:	000f02b7          	lui	t0,0xf0
 c5c:	00828293          	addi	t0,t0,8 # f0008 <__stack+0xde008>
 c60:	000f0337          	lui	t1,0xf0
 c64:	00830313          	addi	t1,t1,8 # f0008 <__stack+0xde008>
 c68:	30029073          	csrw	mstatus,t0
 c6c:	300322f3          	csrrs	t0,mstatus,t1
 c70:	300013f3          	csrrw	t2,mstatus,zero
 c74:	00742023          	sw	t2,0(s0)
 c78:	00440413          	addi	s0,s0,4

00000c7c <csrrsi>:
 c7c:	000f02b7          	lui	t0,0xf0
 c80:	00828293          	addi	t0,t0,8 # f0008 <__stack+0xde008>
 c84:	30029073          	csrw	mstatus,t0
 c88:	3004e2f3          	csrrsi	t0,mstatus,9
 c8c:	300013f3          	csrrw	t2,mstatus,zero
 c90:	00742023          	sw	t2,0(s0)
 c94:	00440413          	addi	s0,s0,4

00000c98 <csrrc>:
 c98:	000f22b7          	lui	t0,0xf2
 c9c:	88828293          	addi	t0,t0,-1912 # f1888 <__stack+0xdf888>
 ca0:	000f2337          	lui	t1,0xf2
 ca4:	88030313          	addi	t1,t1,-1920 # f1880 <__stack+0xdf880>
 ca8:	30029073          	csrw	mstatus,t0
 cac:	300332f3          	csrrc	t0,mstatus,t1
 cb0:	300013f3          	csrrw	t2,mstatus,zero
 cb4:	00742023          	sw	t2,0(s0)
 cb8:	00440413          	addi	s0,s0,4

00000cbc <csrrci>:
 cbc:	000f22b7          	lui	t0,0xf2
 cc0:	88828293          	addi	t0,t0,-1912 # f1888 <__stack+0xdf888>
 cc4:	30029073          	csrw	mstatus,t0
 cc8:	3004f2f3          	csrrci	t0,mstatus,9
 ccc:	300013f3          	csrrw	t2,mstatus,zero
 cd0:	00742023          	sw	t2,0(s0)
 cd4:	00440413          	addi	s0,s0,4

00000cd8 <main_exit>:
 cd8:	00012403          	lw	s0,0(sp)
 cdc:	00410113          	addi	sp,sp,4
 ce0:	00008067          	ret

00000ce4 <verif>:
 ce4:	fd010113          	addi	sp,sp,-48
 ce8:	02812623          	sw	s0,44(sp)
 cec:	03010413          	addi	s0,sp,48
 cf0:	fca42e23          	sw	a0,-36(s0)
 cf4:	fcb42c23          	sw	a1,-40(s0)
 cf8:	fcc42a23          	sw	a2,-44(s0)
 cfc:	fe042623          	sw	zero,-20(s0)
 d00:	04c0006f          	j	d4c <verif+0x68>
 d04:	fec42783          	lw	a5,-20(s0)
 d08:	00279793          	slli	a5,a5,0x2
 d0c:	fdc42703          	lw	a4,-36(s0)
 d10:	00f707b3          	add	a5,a4,a5
 d14:	0007a703          	lw	a4,0(a5)
 d18:	fec42783          	lw	a5,-20(s0)
 d1c:	00279793          	slli	a5,a5,0x2
 d20:	fd842683          	lw	a3,-40(s0)
 d24:	00f687b3          	add	a5,a3,a5
 d28:	0007a783          	lw	a5,0(a5)
 d2c:	00f70a63          	beq	a4,a5,d40 <verif+0x5c>
 d30:	fec42703          	lw	a4,-20(s0)
 d34:	dead07b7          	lui	a5,0xdead0
 d38:	00f767b3          	or	a5,a4,a5
 d3c:	0240006f          	j	d60 <verif+0x7c>
 d40:	fec42783          	lw	a5,-20(s0)
 d44:	00178793          	addi	a5,a5,1 # dead0001 <__stack+0xdeabe001>
 d48:	fef42623          	sw	a5,-20(s0)
 d4c:	fec42703          	lw	a4,-20(s0)
 d50:	fd442783          	lw	a5,-44(s0)
 d54:	faf748e3          	blt	a4,a5,d04 <verif+0x20>
 d58:	cafed7b7          	lui	a5,0xcafed
 d5c:	afe78793          	addi	a5,a5,-1282 # cafecafe <__stack+0xcafdaafe>
 d60:	00078513          	mv	a0,a5
 d64:	02c12403          	lw	s0,44(sp)
 d68:	03010113          	addi	sp,sp,48
 d6c:	00008067          	ret
