#-----------------------------------------------------------
# Vivado v2018.3 (64-bit)
# SW Build 2405991 on Thu Dec  6 23:36:41 MST 2018
# IP Build 2404404 on Fri Dec  7 01:43:56 MST 2018
# Start of session at: Fri Mar 31 21:29:32 2023
# Process ID: 2394
# Current directory: /home/yutong/RISC-V_SoC/vivado
# Command line: vivado
# Log file: /home/yutong/RISC-V_SoC/vivado/vivado.log
# Journal file: /home/yutong/RISC-V_SoC/vivado/vivado.jou
#-----------------------------------------------------------
start_gui
open_project /home/yutong/RISC-V_SoC/vivado/soc/soc.xpr
Scanning sources...
Finished scanning sources
INFO: [IP_Flow 19-234] Refreshing IP repositories
INFO: [IP_Flow 19-1700] Loaded user IP repository '/home/yutong/RISC-V_SoC'.
WARNING: [IP_Flow 19-3656] If you move the project, the path for repository '/home/yutong/RISC-V_SoC' may become invalid. A better location for the repository would be in a path adjacent to the project. (Current project location is '/home/yutong/RISC-V_SoC/vivado/soc'.)
INFO: [IP_Flow 19-2313] Loaded Vivado IP repository '/tools/Xilinx/Vivado/2018.3/data/ip'.
WARNING: [IP_Flow 19-3664] IP 'soc_cpu_wrap_0_0' generated file not found '/home/yutong/RISC-V_SoC/vivado/soc/soc.srcs/sources_1/bd/soc/ip/soc_cpu_wrap_0_0/soc_cpu_wrap_0_0.dcp'. Please regenerate to continue.
WARNING: [IP_Flow 19-3664] IP 'soc_cpu_wrap_0_0' generated file not found '/home/yutong/RISC-V_SoC/vivado/soc/soc.srcs/sources_1/bd/soc/ip/soc_cpu_wrap_0_0/soc_cpu_wrap_0_0_stub.v'. Please regenerate to continue.
WARNING: [IP_Flow 19-3664] IP 'soc_cpu_wrap_0_0' generated file not found '/home/yutong/RISC-V_SoC/vivado/soc/soc.srcs/sources_1/bd/soc/ip/soc_cpu_wrap_0_0/soc_cpu_wrap_0_0_stub.vhdl'. Please regenerate to continue.
WARNING: [IP_Flow 19-3664] IP 'soc_cpu_wrap_0_0' generated file not found '/home/yutong/RISC-V_SoC/vivado/soc/soc.srcs/sources_1/bd/soc/ip/soc_cpu_wrap_0_0/soc_cpu_wrap_0_0_sim_netlist.v'. Please regenerate to continue.
WARNING: [IP_Flow 19-3664] IP 'soc_cpu_wrap_0_0' generated file not found '/home/yutong/RISC-V_SoC/vivado/soc/soc.srcs/sources_1/bd/soc/ip/soc_cpu_wrap_0_0/soc_cpu_wrap_0_0_sim_netlist.vhdl'. Please regenerate to continue.
open_project: Time (s): cpu = 00:00:12 ; elapsed = 00:00:21 . Memory (MB): peak = 6423.359 ; gain = 210.398 ; free physical = 3238 ; free virtual = 8686
update_compile_order -fileset sources_1
update_ip_catalog -rebuild -scan_changes
INFO: [IP_Flow 19-234] Refreshing IP repositories
INFO: [IP_Flow 19-1700] Loaded user IP repository '/home/yutong/RISC-V_SoC'.
WARNING: [IP_Flow 19-3656] If you move the project, the path for repository '/home/yutong/RISC-V_SoC' may become invalid. A better location for the repository would be in a path adjacent to the project. (Current project location is '/home/yutong/RISC-V_SoC/vivado/soc'.)
report_ip_status -name ip_status
upgrade_ip -vlnv user.org:user:cpu_wrap:1.0 [get_ips  soc_cpu_wrap_0_0] -log ip_upgrade.log
Adding cell -- xilinx.com:ip:processing_system7:5.5 - processing_system7_0
Adding cell -- xilinx.com:ip:axi_interconnect:2.1 - axi_interconnect_0
Adding cell -- xilinx.com:ip:axi_protocol_converter:2.1 - auto_pc
Adding cell -- xilinx.com:ip:axi_dwidth_converter:2.1 - auto_us
Adding cell -- xilinx.com:ip:smartconnect:1.0 - smartconnect_0
Adding cell -- xilinx.com:ip:axi_apb_bridge:3.0 - axi_apb_bridge_0
Adding cell -- xilinx.com:ip:proc_sys_reset:5.0 - rst_ps7_0_50M
Adding cell -- user.org:user:cpu_wrap:1.0 - cpu_wrap_0
WARNING: [BD 41-1731] Type mismatch between connected pins: /processing_system7_0/FCLK_CLK1(clk) and /cpu_wrap_0/clk_32k(undef)
Successfully read diagram <soc> from BD file </home/yutong/RISC-V_SoC/vivado/soc/soc.srcs/sources_1/bd/soc/soc.bd>
Upgrading '/home/yutong/RISC-V_SoC/vivado/soc/soc.srcs/sources_1/bd/soc/soc.bd'
WARNING: [Vivado 12-1017] Problems encountered:
1. Attempt to kill process failed

INFO: [IP_Flow 19-3422] Upgraded soc_cpu_wrap_0_0 (cpu_wrap_v1_0 1.0) from revision 3 to revision 4
WARNING: [BD 41-1731] Type mismatch between connected pins: /processing_system7_0/FCLK_CLK1(clk) and /cpu_wrap_0_upgraded_ipi/clk_32k(undef)
Wrote  : </home/yutong/RISC-V_SoC/vivado/soc/soc.srcs/sources_1/bd/soc/soc.bd> 
Wrote  : </home/yutong/RISC-V_SoC/vivado/soc/soc.srcs/sources_1/bd/soc/ui/bd_e0923ae7.ui> 
INFO: [Coretcl 2-1525] Wrote upgrade log to '/home/yutong/RISC-V_SoC/vivado/soc/ip_upgrade.log'.
upgrade_ip: Time (s): cpu = 00:00:07 ; elapsed = 00:00:06 . Memory (MB): peak = 6552.422 ; gain = 0.000 ; free physical = 3036 ; free virtual = 8505
export_ip_user_files -of_objects [get_ips soc_cpu_wrap_0_0] -no_script -sync -force -quiet
WARNING: [IP_Flow 19-474] Invalid Parameter 'Component_Name'
WARNING: [IP_Flow 19-474] Invalid Parameter 'Component_Name'
startgroup
set_property -dict [list CONFIG.PCW_FPGA0_PERIPHERAL_FREQMHZ {45}] [get_bd_cells processing_system7_0]
endgroup
WARNING: [IP_Flow 19-474] Invalid Parameter 'Component_Name'
startgroup
set_property -dict [list CONFIG.PCW_FPGA0_PERIPHERAL_FREQMHZ {45.5}] [get_bd_cells processing_system7_0]
endgroup
save_bd_design
Wrote  : </home/yutong/RISC-V_SoC/vivado/soc/soc.srcs/sources_1/bd/soc/soc.bd> 
reset_run synth_1
launch_runs impl_1 -to_step write_bitstream -jobs 2
WARNING: [SMARTCONNECT-2] Port M01_AXI of /smartconnect_0 is connected to an infrastructure IP (/axi_apb_bridge_0).  It is recommended to attach AXI SmartConnect directly to endpoint IPs to avoid mismatches or other issues during validation.  If mismatches occur, manually assign values for AXI Interface properties of /axi_apb_bridge_0.
WARNING: [BD 41-927] Following properties on pin /cpu_wrap_0/clk have been updated from connected ip. They may not be synchronized with cell properties. You can set property on pin directly to confirm the value and resolve the warning.
	CLK_DOMAIN=soc_processing_system7_0_0_FCLK_CLK0 
Wrote  : </home/yutong/RISC-V_SoC/vivado/soc/soc.srcs/sources_1/bd/soc/soc.bd> 
WARNING: [BD 41-235] Width mismatch when connecting pin: '/axi_interconnect_0/s00_couplers/auto_pc/s_axi_awlock'(1) to net 's00_couplers_to_auto_pc_AWLOCK'(2) - Only lower order bits will be connected.
WARNING: [BD 41-235] Width mismatch when connecting pin: '/axi_interconnect_0/s00_couplers/auto_pc/s_axi_arlock'(1) to net 's00_couplers_to_auto_pc_ARLOCK'(2) - Only lower order bits will be connected.
WARNING: [BD 41-235] Width mismatch when connecting pin: '/cpu_wrap_0/ext_s_awlock'(2) to net 'smartconnect_0_M00_AXI_AWLOCK'(1) - Only lower order bits will be connected.
WARNING: [BD 41-235] Width mismatch when connecting pin: '/cpu_wrap_0/ext_s_arlock'(2) to net 'smartconnect_0_M00_AXI_ARLOCK'(1) - Only lower order bits will be connected.
VHDL Output written to : /home/yutong/RISC-V_SoC/vivado/soc/soc.srcs/sources_1/bd/soc/synth/soc.v
WARNING: [BD 41-235] Width mismatch when connecting pin: '/axi_interconnect_0/s00_couplers/auto_pc/s_axi_awlock'(1) to net 's00_couplers_to_auto_pc_AWLOCK'(2) - Only lower order bits will be connected.
WARNING: [BD 41-235] Width mismatch when connecting pin: '/axi_interconnect_0/s00_couplers/auto_pc/s_axi_arlock'(1) to net 's00_couplers_to_auto_pc_ARLOCK'(2) - Only lower order bits will be connected.
WARNING: [BD 41-235] Width mismatch when connecting pin: '/cpu_wrap_0/ext_s_awlock'(2) to net 'smartconnect_0_M00_AXI_AWLOCK'(1) - Only lower order bits will be connected.
WARNING: [BD 41-235] Width mismatch when connecting pin: '/cpu_wrap_0/ext_s_arlock'(2) to net 'smartconnect_0_M00_AXI_ARLOCK'(1) - Only lower order bits will be connected.
VHDL Output written to : /home/yutong/RISC-V_SoC/vivado/soc/soc.srcs/sources_1/bd/soc/sim/soc.v
VHDL Output written to : /home/yutong/RISC-V_SoC/vivado/soc/soc.srcs/sources_1/bd/soc/hdl/soc_wrapper.v
INFO: [BD 41-1029] Generation completed for the IP Integrator block processing_system7_0 .
Exporting to file /home/yutong/RISC-V_SoC/vivado/soc/soc.srcs/sources_1/bd/soc/ip/soc_smartconnect_0_0/bd_0/hw_handoff/soc_smartconnect_0_0.hwh
Generated Block Design Tcl file /home/yutong/RISC-V_SoC/vivado/soc/soc.srcs/sources_1/bd/soc/ip/soc_smartconnect_0_0/bd_0/hw_handoff/soc_smartconnect_0_0_bd.tcl
Generated Hardware Definition File /home/yutong/RISC-V_SoC/vivado/soc/soc.srcs/sources_1/bd/soc/ip/soc_smartconnect_0_0/bd_0/synth/soc_smartconnect_0_0.hwdef
INFO: [BD 41-1029] Generation completed for the IP Integrator block smartconnect_0 .
INFO: [BD 41-1029] Generation completed for the IP Integrator block axi_apb_bridge_0 .
INFO: [BD 41-1029] Generation completed for the IP Integrator block cpu_wrap_0 .
INFO: [BD 41-1029] Generation completed for the IP Integrator block rst_ps7_0_50M .
WARNING: [IP_Flow 19-4994] Overwriting existing constraint file '/home/yutong/RISC-V_SoC/vivado/soc/soc.srcs/sources_1/bd/soc/ip/soc_auto_pc_0/soc_auto_pc_0_ooc.xdc'
INFO: [BD 41-1029] Generation completed for the IP Integrator block axi_interconnect_0/s00_couplers/auto_pc .
WARNING: [IP_Flow 19-4994] Overwriting existing constraint file '/home/yutong/RISC-V_SoC/vivado/soc/soc.srcs/sources_1/bd/soc/ip/soc_auto_us_0/soc_auto_us_0_ooc.xdc'
INFO: [BD 41-1029] Generation completed for the IP Integrator block axi_interconnect_0/s00_couplers/auto_us .
Exporting to file /home/yutong/RISC-V_SoC/vivado/soc/soc.srcs/sources_1/bd/soc/hw_handoff/soc.hwh
Generated Block Design Tcl file /home/yutong/RISC-V_SoC/vivado/soc/soc.srcs/sources_1/bd/soc/hw_handoff/soc_bd.tcl
Generated Hardware Definition File /home/yutong/RISC-V_SoC/vivado/soc/soc.srcs/sources_1/bd/soc/synth/soc.hwdef
INFO: [IP_Flow 19-4993] Using cached IP synthesis design for IP soc_auto_pc_0, cache-ID = 0c40fe8138cf3762; cache size = 87.163 MB.
INFO: [IP_Flow 19-4993] Using cached IP synthesis design for IP soc_auto_us_0, cache-ID = 99876c5926526efb; cache size = 87.163 MB.
[Fri Mar 31 21:34:42 2023] Launched soc_cpu_wrap_0_0_synth_1, soc_processing_system7_0_0_synth_1, synth_1...
Run output will be captured here:
soc_cpu_wrap_0_0_synth_1: /home/yutong/RISC-V_SoC/vivado/soc/soc.runs/soc_cpu_wrap_0_0_synth_1/runme.log
soc_processing_system7_0_0_synth_1: /home/yutong/RISC-V_SoC/vivado/soc/soc.runs/soc_processing_system7_0_0_synth_1/runme.log
synth_1: /home/yutong/RISC-V_SoC/vivado/soc/soc.runs/synth_1/runme.log
[Fri Mar 31 21:34:42 2023] Launched impl_1...
Run output will be captured here: /home/yutong/RISC-V_SoC/vivado/soc/soc.runs/impl_1/runme.log
launch_runs: Time (s): cpu = 00:00:30 ; elapsed = 00:00:34 . Memory (MB): peak = 6957.008 ; gain = 297.344 ; free physical = 1771 ; free virtual = 8043
open_run impl_1
INFO: [Netlist 29-17] Analyzing 5040 Unisim elements for replacement
INFO: [Netlist 29-28] Unisim Transformation completed in 0 CPU seconds
INFO: [Project 1-479] Netlist was created with Vivado 2018.3
INFO: [Device 21-403] Loading part xc7z020clg400-1
INFO: [Project 1-570] Preparing netlist for logic optimization
INFO: [Timing 38-478] Restoring timing data from binary archive.
INFO: [Timing 38-479] Binary timing data restore complete.
INFO: [Project 1-856] Restoring constraints from binary archive.
INFO: [Project 1-853] Binary constraint restore complete.
Reading XDEF placement.
Reading placer database...
Reading XDEF routing.
Read XDEF File: Time (s): cpu = 00:00:05 ; elapsed = 00:00:05 . Memory (MB): peak = 7904.902 ; gain = 78.961 ; free physical = 2225 ; free virtual = 6978
Restored from archive | CPU: 4.820000 secs | Memory: 80.104698 MB |
Finished XDEF File Restore: Time (s): cpu = 00:00:05 ; elapsed = 00:00:05 . Memory (MB): peak = 7904.902 ; gain = 78.961 ; free physical = 2225 ; free virtual = 6978
Netlist sorting complete. Time (s): cpu = 00:00:00.01 ; elapsed = 00:00:00.01 . Memory (MB): peak = 7904.902 ; gain = 0.000 ; free physical = 2229 ; free virtual = 6982
INFO: [Project 1-111] Unisim Transformation Summary:
  A total of 130 instances were transformed.
  RAM32M => RAM32M (RAMD32, RAMD32, RAMD32, RAMD32, RAMD32, RAMD32, RAMS32, RAMS32): 118 instances
  RAM32X1D => RAM32X1D (RAMD32, RAMD32): 1 instances
  RAM64M => RAM64M (RAMD64E, RAMD64E, RAMD64E, RAMD64E): 11 instances

WARNING: [Designutils 20-3303] unexpected site type 'IOPAD' in HDPYFinalizeIO
WARNING: [Designutils 20-3303] unexpected site type 'IOPAD' in HDPYFinalizeIO
WARNING: [Designutils 20-3303] unexpected site type 'IOPAD' in HDPYFinalizeIO
WARNING: [Designutils 20-3303] unexpected site type 'IOPAD' in HDPYFinalizeIO
WARNING: [Designutils 20-3303] unexpected site type 'IOPAD' in HDPYFinalizeIO
WARNING: [Designutils 20-3303] unexpected site type 'IOPAD' in HDPYFinalizeIO
WARNING: [Designutils 20-3303] unexpected site type 'IOPAD' in HDPYFinalizeIO
WARNING: [Designutils 20-3303] unexpected site type 'IOPAD' in HDPYFinalizeIO
WARNING: [Designutils 20-3303] unexpected site type 'IOPAD' in HDPYFinalizeIO
WARNING: [Designutils 20-3303] unexpected site type 'IOPAD' in HDPYFinalizeIO
WARNING: [Designutils 20-3303] unexpected site type 'IOPAD' in HDPYFinalizeIO
WARNING: [Designutils 20-3303] unexpected site type 'IOPAD' in HDPYFinalizeIO
WARNING: [Designutils 20-3303] unexpected site type 'IOPAD' in HDPYFinalizeIO
WARNING: [Designutils 20-3303] unexpected site type 'IOPAD' in HDPYFinalizeIO
WARNING: [Designutils 20-3303] unexpected site type 'IOPAD' in HDPYFinalizeIO
WARNING: [Designutils 20-3303] unexpected site type 'IOPAD' in HDPYFinalizeIO
WARNING: [Designutils 20-3303] unexpected site type 'IOPAD' in HDPYFinalizeIO
WARNING: [Designutils 20-3303] unexpected site type 'IOPAD' in HDPYFinalizeIO
WARNING: [Designutils 20-3303] unexpected site type 'IOPAD' in HDPYFinalizeIO
WARNING: [Designutils 20-3303] unexpected site type 'IOPAD' in HDPYFinalizeIO
WARNING: [Designutils 20-3303] unexpected site type 'IOPAD' in HDPYFinalizeIO
WARNING: [Designutils 20-3303] unexpected site type 'IOPAD' in HDPYFinalizeIO
WARNING: [Designutils 20-3303] unexpected site type 'IOPAD' in HDPYFinalizeIO
WARNING: [Designutils 20-3303] unexpected site type 'IOPAD' in HDPYFinalizeIO
WARNING: [Designutils 20-3303] unexpected site type 'IOPAD' in HDPYFinalizeIO
WARNING: [Designutils 20-3303] unexpected site type 'IOPAD' in HDPYFinalizeIO
WARNING: [Designutils 20-3303] unexpected site type 'IOPAD' in HDPYFinalizeIO
WARNING: [Designutils 20-3303] unexpected site type 'IOPAD' in HDPYFinalizeIO
WARNING: [Designutils 20-3303] unexpected site type 'IOPAD' in HDPYFinalizeIO
WARNING: [Designutils 20-3303] unexpected site type 'IOPAD' in HDPYFinalizeIO
WARNING: [Designutils 20-3303] unexpected site type 'IOPAD' in HDPYFinalizeIO
WARNING: [Designutils 20-3303] unexpected site type 'IOPAD' in HDPYFinalizeIO
WARNING: [Designutils 20-3303] unexpected site type 'IOPAD' in HDPYFinalizeIO
WARNING: [Designutils 20-3303] unexpected site type 'IOPAD' in HDPYFinalizeIO
WARNING: [Designutils 20-3303] unexpected site type 'IOPAD' in HDPYFinalizeIO
WARNING: [Designutils 20-3303] unexpected site type 'IOPAD' in HDPYFinalizeIO
WARNING: [Designutils 20-3303] unexpected site type 'IOPAD' in HDPYFinalizeIO
WARNING: [Designutils 20-3303] unexpected site type 'IOPAD' in HDPYFinalizeIO
WARNING: [Designutils 20-3303] unexpected site type 'IOPAD' in HDPYFinalizeIO
WARNING: [Designutils 20-3303] unexpected site type 'IOPAD' in HDPYFinalizeIO
WARNING: [Designutils 20-3303] unexpected site type 'IOPAD' in HDPYFinalizeIO
WARNING: [Designutils 20-3303] unexpected site type 'IOPAD' in HDPYFinalizeIO
WARNING: [Designutils 20-3303] unexpected site type 'IOPAD' in HDPYFinalizeIO
WARNING: [Designutils 20-3303] unexpected site type 'IOPAD' in HDPYFinalizeIO
WARNING: [Designutils 20-3303] unexpected site type 'IOPAD' in HDPYFinalizeIO
WARNING: [Designutils 20-3303] unexpected site type 'IOPAD' in HDPYFinalizeIO
WARNING: [Designutils 20-3303] unexpected site type 'IOPAD' in HDPYFinalizeIO
WARNING: [Designutils 20-3303] unexpected site type 'IOPAD' in HDPYFinalizeIO
WARNING: [Designutils 20-3303] unexpected site type 'IOPAD' in HDPYFinalizeIO
WARNING: [Designutils 20-3303] unexpected site type 'IOPAD' in HDPYFinalizeIO
WARNING: [Designutils 20-3303] unexpected site type 'IOPAD' in HDPYFinalizeIO
WARNING: [Designutils 20-3303] unexpected site type 'IOPAD' in HDPYFinalizeIO
open_run: Time (s): cpu = 00:00:37 ; elapsed = 00:00:42 . Memory (MB): peak = 8063.633 ; gain = 1106.625 ; free physical = 2108 ; free virtual = 6883
WARNING: [Designutils 20-3303] unexpected site type 'IOPAD' in HDPYFinalizeIO
WARNING: [Designutils 20-3303] unexpected site type 'IOPAD' in HDPYFinalizeIO
WARNING: [Designutils 20-3303] unexpected site type 'IOPAD' in HDPYFinalizeIO
WARNING: [Designutils 20-3303] unexpected site type 'IOPAD' in HDPYFinalizeIO
WARNING: [Designutils 20-3303] unexpected site type 'IOPAD' in HDPYFinalizeIO
WARNING: [Designutils 20-3303] unexpected site type 'IOPAD' in HDPYFinalizeIO
WARNING: [Designutils 20-3303] unexpected site type 'IOPAD' in HDPYFinalizeIO
WARNING: [Designutils 20-3303] unexpected site type 'IOPAD' in HDPYFinalizeIO
WARNING: [Designutils 20-3303] unexpected site type 'IOPAD' in HDPYFinalizeIO
WARNING: [Designutils 20-3303] unexpected site type 'IOPAD' in HDPYFinalizeIO
WARNING: [Designutils 20-3303] unexpected site type 'IOPAD' in HDPYFinalizeIO
WARNING: [Designutils 20-3303] unexpected site type 'IOPAD' in HDPYFinalizeIO
WARNING: [Designutils 20-3303] unexpected site type 'IOPAD' in HDPYFinalizeIO
WARNING: [Designutils 20-3303] unexpected site type 'IOPAD' in HDPYFinalizeIO
WARNING: [Designutils 20-3303] unexpected site type 'IOPAD' in HDPYFinalizeIO
WARNING: [Designutils 20-3303] unexpected site type 'IOPAD' in HDPYFinalizeIO
WARNING: [Designutils 20-3303] unexpected site type 'IOPAD' in HDPYFinalizeIO
WARNING: [Designutils 20-3303] unexpected site type 'IOPAD' in HDPYFinalizeIO
WARNING: [Designutils 20-3303] unexpected site type 'IOPAD' in HDPYFinalizeIO
WARNING: [Designutils 20-3303] unexpected site type 'IOPAD' in HDPYFinalizeIO
WARNING: [Designutils 20-3303] unexpected site type 'IOPAD' in HDPYFinalizeIO
WARNING: [Designutils 20-3303] unexpected site type 'IOPAD' in HDPYFinalizeIO
WARNING: [Designutils 20-3303] unexpected site type 'IOPAD' in HDPYFinalizeIO
WARNING: [Designutils 20-3303] unexpected site type 'IOPAD' in HDPYFinalizeIO
WARNING: [Designutils 20-3303] unexpected site type 'IOPAD' in HDPYFinalizeIO
WARNING: [Designutils 20-3303] unexpected site type 'IOPAD' in HDPYFinalizeIO
WARNING: [Designutils 20-3303] unexpected site type 'IOPAD' in HDPYFinalizeIO
WARNING: [Designutils 20-3303] unexpected site type 'IOPAD' in HDPYFinalizeIO
WARNING: [Designutils 20-3303] unexpected site type 'IOPAD' in HDPYFinalizeIO
WARNING: [Designutils 20-3303] unexpected site type 'IOPAD' in HDPYFinalizeIO
WARNING: [Designutils 20-3303] unexpected site type 'IOPAD' in HDPYFinalizeIO
WARNING: [Designutils 20-3303] unexpected site type 'IOPAD' in HDPYFinalizeIO
WARNING: [Designutils 20-3303] unexpected site type 'IOPAD' in HDPYFinalizeIO
WARNING: [Designutils 20-3303] unexpected site type 'IOPAD' in HDPYFinalizeIO
WARNING: [Designutils 20-3303] unexpected site type 'IOPAD' in HDPYFinalizeIO
WARNING: [Designutils 20-3303] unexpected site type 'IOPAD' in HDPYFinalizeIO
WARNING: [Designutils 20-3303] unexpected site type 'IOPAD' in HDPYFinalizeIO
WARNING: [Designutils 20-3303] unexpected site type 'IOPAD' in HDPYFinalizeIO
WARNING: [Designutils 20-3303] unexpected site type 'IOPAD' in HDPYFinalizeIO
WARNING: [Designutils 20-3303] unexpected site type 'IOPAD' in HDPYFinalizeIO
WARNING: [Designutils 20-3303] unexpected site type 'IOPAD' in HDPYFinalizeIO
WARNING: [Designutils 20-3303] unexpected site type 'IOPAD' in HDPYFinalizeIO
WARNING: [Designutils 20-3303] unexpected site type 'IOPAD' in HDPYFinalizeIO
WARNING: [Designutils 20-3303] unexpected site type 'IOPAD' in HDPYFinalizeIO
WARNING: [Designutils 20-3303] unexpected site type 'IOPAD' in HDPYFinalizeIO
WARNING: [Designutils 20-3303] unexpected site type 'IOPAD' in HDPYFinalizeIO
WARNING: [Designutils 20-3303] unexpected site type 'IOPAD' in HDPYFinalizeIO
WARNING: [Designutils 20-3303] unexpected site type 'IOPAD' in HDPYFinalizeIO
INFO: [Common 17-14] Message 'Designutils 20-3303' appears 100 times and further instances of the messages will be disabled. Use the Tcl command set_msg_config to change the current settings.
open_report: Time (s): cpu = 00:00:13 ; elapsed = 00:00:08 . Memory (MB): peak = 8206.348 ; gain = 68.379 ; free physical = 1839 ; free virtual = 6618
CRITICAL WARNING: [Timing 38-282] The design failed to meet the timing requirements. Please see the timing summary report for details on the timing violations.
WARNING: [IP_Flow 19-3899] Cannot get the environment domain name variable for the component vendor name. Setting the vendor name to 'user.org'.
set_property AUTO_INCREMENTAL_CHECKPOINT 1 [get_runs impl_1]
create_run impl_2 -parent_run synth_1 -flow {Vivado Implementation 2018} -strategy {Vivado Implementation Defaults} -report_strategy {Vivado Implementation Default Reports}
Run is defaulting to parent run srcset: sources_1
Run is defaulting to parent run constrset: constrs_1
Run is defaulting to parent run part: xc7z020clg400-1
current_run [get_runs impl_2]
set_property strategy Performance_ExtraTimingOpt [get_runs impl_2]
WARNING: [IP_Flow 19-3899] Cannot get the environment domain name variable for the component vendor name. Setting the vendor name to 'user.org'.
launch_runs impl_2 -jobs 2
[Sat Apr  1 01:09:05 2023] Launched impl_2...
Run output will be captured here: /home/yutong/RISC-V_SoC/vivado/soc/soc.runs/impl_2/runme.log
open_run impl_2
INFO: [Netlist 29-17] Analyzing 5040 Unisim elements for replacement
INFO: [Netlist 29-28] Unisim Transformation completed in 0 CPU seconds
INFO: [Project 1-479] Netlist was created with Vivado 2018.3
INFO: [Project 1-570] Preparing netlist for logic optimization
INFO: [Timing 38-478] Restoring timing data from binary archive.
INFO: [Timing 38-479] Binary timing data restore complete.
INFO: [Project 1-856] Restoring constraints from binary archive.
INFO: [Project 1-853] Binary constraint restore complete.
Reading XDEF placement.
Reading placer database...
Reading XDEF routing.
Read XDEF File: Time (s): cpu = 00:00:05 ; elapsed = 00:00:07 . Memory (MB): peak = 8704.922 ; gain = 65.961 ; free physical = 2372 ; free virtual = 5394
Restored from archive | CPU: 5.520000 secs | Memory: 80.644890 MB |
Finished XDEF File Restore: Time (s): cpu = 00:00:05 ; elapsed = 00:00:07 . Memory (MB): peak = 8704.922 ; gain = 65.961 ; free physical = 2372 ; free virtual = 5394
Netlist sorting complete. Time (s): cpu = 00:00:00.01 ; elapsed = 00:00:00.01 . Memory (MB): peak = 8704.922 ; gain = 0.000 ; free physical = 2375 ; free virtual = 5397
INFO: [Project 1-111] Unisim Transformation Summary:
  A total of 130 instances were transformed.
  RAM32M => RAM32M (RAMD32, RAMD32, RAMD32, RAMD32, RAMD32, RAMD32, RAMS32, RAMS32): 118 instances
  RAM32X1D => RAM32X1D (RAMD32, RAMD32): 1 instances
  RAM64M => RAM64M (RAMD64E, RAMD64E, RAMD64E, RAMD64E): 11 instances

open_run: Time (s): cpu = 00:00:23 ; elapsed = 00:00:31 . Memory (MB): peak = 8821.285 ; gain = 574.855 ; free physical = 2292 ; free virtual = 5334
open_report: Time (s): cpu = 00:00:13 ; elapsed = 00:00:07 . Memory (MB): peak = 8967.480 ; gain = 62.234 ; free physical = 2082 ; free virtual = 5133
launch_runs impl_2 -to_step write_bitstream -jobs 2
[Sat Apr  1 01:52:58 2023] Launched impl_2...
Run output will be captured here: /home/yutong/RISC-V_SoC/vivado/soc/soc.runs/impl_2/runme.log
file copy -force /home/yutong/RISC-V_SoC/vivado/soc/soc.runs/impl_2/soc_wrapper.bit /home/yutong/RISC-V_SoC/vivado/bitfile/20230401/riscv.bit
file copy -force /home/yutong/RISC-V_SoC/vivado/soc/soc.runs/impl_2/soc_wrapper.bit /home/yutong/RISC-V_SoC/vivado/bitfile/20230401/riscv.bit
open_bd_design {/home/yutong/RISC-V_SoC/vivado/soc/soc.srcs/sources_1/bd/soc/soc.bd}
write_bd_tcl -force /home/yutong/RISC-V_SoC/vivado/bitfile/20230401/riscv.tcl
INFO: [BD 5-148] Tcl file written out </home/yutong/RISC-V_SoC/vivado/bitfile/20230401/riscv.tcl>.

update_ip_catalog -rebuild -scan_changes
INFO: [IP_Flow 19-234] Refreshing IP repositories
INFO: [IP_Flow 19-1700] Loaded user IP repository '/home/yutong/RISC-V_SoC'.
WARNING: [IP_Flow 19-3656] If you move the project, the path for repository '/home/yutong/RISC-V_SoC' may become invalid. A better location for the repository would be in a path adjacent to the project. (Current project location is '/home/yutong/RISC-V_SoC/vivado/soc'.)
WARNING: [IP_Flow 19-3899] Cannot get the environment domain name variable for the component vendor name. Setting the vendor name to 'user.org'.
update_ip_catalog: Time (s): cpu = 00:00:33 ; elapsed = 00:00:39 . Memory (MB): peak = 9061.617 ; gain = 0.000 ; free physical = 127 ; free virtual = 4816
report_ip_status -name ip_status
upgrade_ip -vlnv user.org:user:cpu_wrap:1.0 [get_ips  soc_cpu_wrap_0_0] -log ip_upgrade.log
Upgrading '/home/yutong/RISC-V_SoC/vivado/soc/soc.srcs/sources_1/bd/soc/soc.bd'
reset_runs: Time (s): cpu = 00:00:06 ; elapsed = 00:00:07 . Memory (MB): peak = 9061.617 ; gain = 0.000 ; free physical = 160 ; free virtual = 4830
delete_fileset: Time (s): cpu = 00:00:11 ; elapsed = 00:00:11 . Memory (MB): peak = 9061.617 ; gain = 0.000 ; free physical = 134 ; free virtual = 4804
delete_ip_run: Time (s): cpu = 00:00:19 ; elapsed = 00:00:19 . Memory (MB): peak = 9061.617 ; gain = 0.000 ; free physical = 134 ; free virtual = 4804
INFO: [IP_Flow 19-3422] Upgraded soc_cpu_wrap_0_0 (cpu_wrap_v1_0 1.0) from revision 4 to revision 5
WARNING: [BD 41-1731] Type mismatch between connected pins: /processing_system7_0/FCLK_CLK1(clk) and /cpu_wrap_0_upgraded_ipi/clk_32k(undef)
Wrote  : </home/yutong/RISC-V_SoC/vivado/soc/soc.srcs/sources_1/bd/soc/soc.bd> 
INFO: [Coretcl 2-1525] Wrote upgrade log to '/home/yutong/RISC-V_SoC/vivado/soc/ip_upgrade.log'.
upgrade_ip: Time (s): cpu = 00:00:39 ; elapsed = 00:01:00 . Memory (MB): peak = 9061.617 ; gain = 0.000 ; free physical = 175 ; free virtual = 4793
export_ip_user_files -of_objects [get_ips soc_cpu_wrap_0_0] -no_script -sync -force -quiet
report_ip_status -name ip_status 
reset_run synth_1
INFO: [Project 1-974] Auto Incremental Compile:: New reference dcp wns is less than threshold, current reference dcp will not be replaced
reset_runs: Time (s): cpu = 00:00:07 ; elapsed = 00:00:08 . Memory (MB): peak = 9165.668 ; gain = 0.000 ; free physical = 192 ; free virtual = 4805
launch_runs impl_2 -to_step write_bitstream -jobs 2
delete_bd_objs: Time (s): cpu = 00:00:02 ; elapsed = 00:00:19 . Memory (MB): peak = 9165.668 ; gain = 0.000 ; free physical = 185 ; free virtual = 4805
WARNING: [SMARTCONNECT-2] Port M01_AXI of /smartconnect_0 is connected to an infrastructure IP (/axi_apb_bridge_0).  It is recommended to attach AXI SmartConnect directly to endpoint IPs to avoid mismatches or other issues during validation.  If mismatches occur, manually assign values for AXI Interface properties of /axi_apb_bridge_0.
create_bd_cell: Time (s): cpu = 00:00:00.79 ; elapsed = 00:00:07 . Memory (MB): peak = 9165.668 ; gain = 0.000 ; free physical = 164 ; free virtual = 4813
