#-----------------------------------------------------------
# Vivado v2018.3 (64-bit)
# SW Build 2405991 on Thu Dec  6 23:36:41 MST 2018
# IP Build 2404404 on Fri Dec  7 01:43:56 MST 2018
# Start of session at: Sun May 21 21:44:21 2023
# Process ID: 64579
# Current directory: /home/yutong/RISC-V_SoC/vivado
# Command line: vivado
# Log file: /home/yutong/RISC-V_SoC/vivado/vivado.log
# Journal file: /home/yutong/RISC-V_SoC/vivado/vivado.jou
#-----------------------------------------------------------
start_gui
open_project /home/yutong/RISC-V_SoC/vivado/soc/soc.xpr
Scanning sources...
Finished scanning sources
INFO: [IP_Flow 19-234] Refreshing IP repositories
INFO: [IP_Flow 19-1700] Loaded user IP repository '/home/yutong/RISC-V_SoC'.
WARNING: [IP_Flow 19-3656] If you move the project, the path for repository '/home/yutong/RISC-V_SoC' may become invalid. A better location for the repository would be in a path adjacent to the project. (Current project location is '/home/yutong/RISC-V_SoC/vivado/soc'.)
INFO: [IP_Flow 19-2313] Loaded Vivado IP repository '/tools/Xilinx/Vivado/2018.3/data/ip'.
open_project: Time (s): cpu = 00:00:32 ; elapsed = 00:01:11 . Memory (MB): peak = 6416.133 ; gain = 163.844 ; free physical = 197 ; free virtual = 7883
update_compile_order -fileset sources_1
open_bd_design {/home/yutong/RISC-V_SoC/vivado/soc/soc.srcs/sources_1/bd/soc/soc.bd}
Adding cell -- xilinx.com:ip:processing_system7:5.5 - processing_system7_0
Adding cell -- xilinx.com:ip:axi_interconnect:2.1 - axi_interconnect_0
Adding cell -- xilinx.com:ip:axi_protocol_converter:2.1 - auto_pc
Adding cell -- xilinx.com:ip:axi_dwidth_converter:2.1 - auto_us
Adding cell -- xilinx.com:ip:smartconnect:1.0 - smartconnect_0
Adding cell -- xilinx.com:ip:axi_apb_bridge:3.0 - axi_apb_bridge_0
Adding cell -- xilinx.com:ip:proc_sys_reset:5.0 - rst_ps7_0_50M
Adding cell -- user.org:user:cpu_wrap:1.0 - cpu_wrap_0
WARNING: [BD 41-1731] Type mismatch between connected pins: /processing_system7_0/FCLK_CLK1(clk) and /cpu_wrap_0/clk_32k(undef)
Successfully read diagram <soc> from BD file </home/yutong/RISC-V_SoC/vivado/soc/soc.srcs/sources_1/bd/soc/soc.bd>
open_bd_design: Time (s): cpu = 00:00:07 ; elapsed = 00:00:07 . Memory (MB): peak = 6557.359 ; gain = 0.000 ; free physical = 230 ; free virtual = 7682
update_ip_catalog -rebuild -scan_changes
INFO: [IP_Flow 19-234] Refreshing IP repositories
INFO: [IP_Flow 19-1700] Loaded user IP repository '/home/yutong/RISC-V_SoC'.
WARNING: [IP_Flow 19-3656] If you move the project, the path for repository '/home/yutong/RISC-V_SoC' may become invalid. A better location for the repository would be in a path adjacent to the project. (Current project location is '/home/yutong/RISC-V_SoC/vivado/soc'.)
update_ip_catalog: Time (s): cpu = 00:00:06 ; elapsed = 00:00:06 . Memory (MB): peak = 6557.359 ; gain = 0.000 ; free physical = 211 ; free virtual = 7571
report_ip_status -name ip_status
upgrade_ip -vlnv user.org:user:cpu_wrap:1.0 [get_ips  soc_cpu_wrap_0_0] -log ip_upgrade.log
Upgrading '/home/yutong/RISC-V_SoC/vivado/soc/soc.srcs/sources_1/bd/soc/soc.bd'
INFO: [IP_Flow 19-3422] Upgraded soc_cpu_wrap_0_0 (cpu_wrap_v1_0 1.0) from revision 26 to revision 27
WARNING: [BD 41-1731] Type mismatch between connected pins: /processing_system7_0/FCLK_CLK1(clk) and /cpu_wrap_0_upgraded_ipi/clk_32k(undef)
Wrote  : </home/yutong/RISC-V_SoC/vivado/soc/soc.srcs/sources_1/bd/soc/soc.bd> 
Wrote  : </home/yutong/RISC-V_SoC/vivado/soc/soc.srcs/sources_1/bd/soc/ui/bd_e0923ae7.ui> 
INFO: [Coretcl 2-1525] Wrote upgrade log to '/home/yutong/RISC-V_SoC/vivado/soc/ip_upgrade.log'.
export_ip_user_files -of_objects [get_ips soc_cpu_wrap_0_0] -no_script -sync -force -quiet
report_ip_status -name ip_status 
reset_run synth_1
INFO: [Project 1-973] Auto Incremental Compile:: New reference dcp wns is greater than threshold, current reference dcp will be replaced
INFO: [filemgmt 20-762] Replacing file '/home/yutong/RISC-V_SoC/vivado/soc/soc.srcs/utils_1/imports/impl_2/soc_wrapper_routed.dcp' with file '/home/yutong/RISC-V_SoC/vivado/soc/soc.runs/impl_2/soc_wrapper_routed.dcp'.
INFO: [filemgmt 20-1080] Importing file from '/home/yutong/RISC-V_SoC/vivado/soc/soc.runs/impl_2/soc_wrapper_routed.dcp' to '/home/yutong/RISC-V_SoC/vivado/soc/soc.srcs/utils_1/imports/impl_2/soc_wrapper_routed.dcp'.
launch_runs impl_2 -to_step write_bitstream -jobs 2
WARNING: [SMARTCONNECT-2] Port M01_AXI of /smartconnect_0 is connected to an infrastructure IP (/axi_apb_bridge_0).  It is recommended to attach AXI SmartConnect directly to endpoint IPs to avoid mismatches or other issues during validation.  If mismatches occur, manually assign values for AXI Interface properties of /axi_apb_bridge_0.
WARNING: [BD 41-927] Following properties on pin /cpu_wrap_0/clk have been updated from connected ip. They may not be synchronized with cell properties. You can set property on pin directly to confirm the value and resolve the warning.
	CLK_DOMAIN=soc_processing_system7_0_0_FCLK_CLK0 
Wrote  : </home/yutong/RISC-V_SoC/vivado/soc/soc.srcs/sources_1/bd/soc/soc.bd> 
WARNING: [BD 41-235] Width mismatch when connecting pin: '/axi_interconnect_0/s00_couplers/auto_pc/s_axi_awlock'(1) to net 's00_couplers_to_auto_pc_AWLOCK'(2) - Only lower order bits will be connected.
WARNING: [BD 41-235] Width mismatch when connecting pin: '/axi_interconnect_0/s00_couplers/auto_pc/s_axi_arlock'(1) to net 's00_couplers_to_auto_pc_ARLOCK'(2) - Only lower order bits will be connected.
WARNING: [BD 41-235] Width mismatch when connecting pin: '/cpu_wrap_0/ext_s_awlock'(2) to net 'smartconnect_0_M00_AXI_AWLOCK'(1) - Only lower order bits will be connected.
WARNING: [BD 41-235] Width mismatch when connecting pin: '/cpu_wrap_0/ext_s_arlock'(2) to net 'smartconnect_0_M00_AXI_ARLOCK'(1) - Only lower order bits will be connected.
VHDL Output written to : /home/yutong/RISC-V_SoC/vivado/soc/soc.srcs/sources_1/bd/soc/synth/soc.v
WARNING: [BD 41-235] Width mismatch when connecting pin: '/axi_interconnect_0/s00_couplers/auto_pc/s_axi_awlock'(1) to net 's00_couplers_to_auto_pc_AWLOCK'(2) - Only lower order bits will be connected.
WARNING: [BD 41-235] Width mismatch when connecting pin: '/axi_interconnect_0/s00_couplers/auto_pc/s_axi_arlock'(1) to net 's00_couplers_to_auto_pc_ARLOCK'(2) - Only lower order bits will be connected.
WARNING: [BD 41-235] Width mismatch when connecting pin: '/cpu_wrap_0/ext_s_awlock'(2) to net 'smartconnect_0_M00_AXI_AWLOCK'(1) - Only lower order bits will be connected.
WARNING: [BD 41-235] Width mismatch when connecting pin: '/cpu_wrap_0/ext_s_arlock'(2) to net 'smartconnect_0_M00_AXI_ARLOCK'(1) - Only lower order bits will be connected.
VHDL Output written to : /home/yutong/RISC-V_SoC/vivado/soc/soc.srcs/sources_1/bd/soc/sim/soc.v
VHDL Output written to : /home/yutong/RISC-V_SoC/vivado/soc/soc.srcs/sources_1/bd/soc/hdl/soc_wrapper.v
INFO: [BD 41-1029] Generation completed for the IP Integrator block processing_system7_0 .
Exporting to file /home/yutong/RISC-V_SoC/vivado/soc/soc.srcs/sources_1/bd/soc/ip/soc_smartconnect_0_0/bd_0/hw_handoff/soc_smartconnect_0_0.hwh
Generated Block Design Tcl file /home/yutong/RISC-V_SoC/vivado/soc/soc.srcs/sources_1/bd/soc/ip/soc_smartconnect_0_0/bd_0/hw_handoff/soc_smartconnect_0_0_bd.tcl
Generated Hardware Definition File /home/yutong/RISC-V_SoC/vivado/soc/soc.srcs/sources_1/bd/soc/ip/soc_smartconnect_0_0/bd_0/synth/soc_smartconnect_0_0.hwdef
INFO: [BD 41-1029] Generation completed for the IP Integrator block smartconnect_0 .
INFO: [BD 41-1029] Generation completed for the IP Integrator block axi_apb_bridge_0 .
INFO: [BD 41-1029] Generation completed for the IP Integrator block cpu_wrap_0 .
INFO: [BD 41-1029] Generation completed for the IP Integrator block rst_ps7_0_50M .
WARNING: [IP_Flow 19-4994] Overwriting existing constraint file '/home/yutong/RISC-V_SoC/vivado/soc/soc.srcs/sources_1/bd/soc/ip/soc_auto_pc_0/soc_auto_pc_0_ooc.xdc'
INFO: [BD 41-1029] Generation completed for the IP Integrator block axi_interconnect_0/s00_couplers/auto_pc .
WARNING: [IP_Flow 19-4994] Overwriting existing constraint file '/home/yutong/RISC-V_SoC/vivado/soc/soc.srcs/sources_1/bd/soc/ip/soc_auto_us_0/soc_auto_us_0_ooc.xdc'
INFO: [BD 41-1029] Generation completed for the IP Integrator block axi_interconnect_0/s00_couplers/auto_us .
Exporting to file /home/yutong/RISC-V_SoC/vivado/soc/soc.srcs/sources_1/bd/soc/hw_handoff/soc.hwh
Generated Block Design Tcl file /home/yutong/RISC-V_SoC/vivado/soc/soc.srcs/sources_1/bd/soc/hw_handoff/soc_bd.tcl
Generated Hardware Definition File /home/yutong/RISC-V_SoC/vivado/soc/soc.srcs/sources_1/bd/soc/synth/soc.hwdef
INFO: [IP_Flow 19-4993] Using cached IP synthesis design for IP soc_auto_pc_0, cache-ID = 0c40fe8138cf3762; cache size = 1003.859 MB.
INFO: [IP_Flow 19-4993] Using cached IP synthesis design for IP soc_auto_us_0, cache-ID = 99876c5926526efb; cache size = 1003.859 MB.
[Sun May 21 21:54:54 2023] Launched soc_cpu_wrap_0_0_synth_1, synth_1...
Run output will be captured here:
soc_cpu_wrap_0_0_synth_1: /home/yutong/RISC-V_SoC/vivado/soc/soc.runs/soc_cpu_wrap_0_0_synth_1/runme.log
synth_1: /home/yutong/RISC-V_SoC/vivado/soc/soc.runs/synth_1/runme.log
[Sun May 21 21:54:55 2023] Launched impl_2...
Run output will be captured here: /home/yutong/RISC-V_SoC/vivado/soc/soc.runs/impl_2/runme.log
launch_runs: Time (s): cpu = 00:00:34 ; elapsed = 00:00:35 . Memory (MB): peak = 6736.426 ; gain = 179.066 ; free physical = 272 ; free virtual = 7382
report_ip_status -name ip_status 
reset_run impl_2
reset_runs: Time (s): cpu = 00:00:08 ; elapsed = 00:00:14 . Memory (MB): peak = 6776.109 ; gain = 10.000 ; free physical = 2887 ; free virtual = 7707
open_run synth_1 -name synth_1
Design is defaulting to impl run constrset: constrs_1
Design is defaulting to synth run part: xc7z020clg400-1
INFO: [Project 1-454] Reading design checkpoint '/home/yutong/RISC-V_SoC/vivado/soc/soc.srcs/sources_1/bd/soc/ip/soc_axi_apb_bridge_0_0/soc_axi_apb_bridge_0_0.dcp' for cell 'soc_i/axi_apb_bridge_0'
INFO: [Project 1-454] Reading design checkpoint '/home/yutong/RISC-V_SoC/vivado/soc/soc.srcs/sources_1/bd/soc/ip/soc_cpu_wrap_0_0/soc_cpu_wrap_0_0.dcp' for cell 'soc_i/cpu_wrap_0'
INFO: [Project 1-454] Reading design checkpoint '/home/yutong/RISC-V_SoC/vivado/soc/soc.srcs/sources_1/bd/soc/ip/soc_processing_system7_0_0/soc_processing_system7_0_0.dcp' for cell 'soc_i/processing_system7_0'
INFO: [Project 1-454] Reading design checkpoint '/home/yutong/RISC-V_SoC/vivado/soc/soc.srcs/sources_1/bd/soc/ip/soc_rst_ps7_0_50M_0/soc_rst_ps7_0_50M_0.dcp' for cell 'soc_i/rst_ps7_0_50M'
INFO: [Project 1-454] Reading design checkpoint '/home/yutong/RISC-V_SoC/vivado/soc/soc.srcs/sources_1/bd/soc/ip/soc_smartconnect_0_0/soc_smartconnect_0_0.dcp' for cell 'soc_i/smartconnect_0'
INFO: [Project 1-454] Reading design checkpoint '/home/yutong/RISC-V_SoC/vivado/soc/soc.srcs/sources_1/bd/soc/ip/soc_auto_pc_0/soc_auto_pc_0.dcp' for cell 'soc_i/axi_interconnect_0/s00_couplers/auto_pc'
INFO: [Project 1-454] Reading design checkpoint '/home/yutong/RISC-V_SoC/vivado/soc/soc.srcs/sources_1/bd/soc/ip/soc_auto_us_0/soc_auto_us_0.dcp' for cell 'soc_i/axi_interconnect_0/s00_couplers/auto_us'
INFO: [Netlist 29-17] Analyzing 5256 Unisim elements for replacement
INFO: [Netlist 29-28] Unisim Transformation completed in 2 CPU seconds
INFO: [Project 1-479] Netlist was created with Vivado 2018.3
INFO: [Device 21-403] Loading part xc7z020clg400-1
INFO: [Project 1-570] Preparing netlist for logic optimization
Parsing XDC File [/home/yutong/RISC-V_SoC/vivado/soc/soc.srcs/sources_1/bd/soc/ip/soc_processing_system7_0_0/soc_processing_system7_0_0.xdc] for cell 'soc_i/processing_system7_0/inst'
Finished Parsing XDC File [/home/yutong/RISC-V_SoC/vivado/soc/soc.srcs/sources_1/bd/soc/ip/soc_processing_system7_0_0/soc_processing_system7_0_0.xdc] for cell 'soc_i/processing_system7_0/inst'
Parsing XDC File [/home/yutong/RISC-V_SoC/vivado/soc/soc.srcs/sources_1/bd/soc/ip/soc_smartconnect_0_0/bd_0/ip/ip_1/bd_9a87_psr_aclk_0_board.xdc] for cell 'soc_i/smartconnect_0/inst/clk_map/psr_aclk/U0'
Finished Parsing XDC File [/home/yutong/RISC-V_SoC/vivado/soc/soc.srcs/sources_1/bd/soc/ip/soc_smartconnect_0_0/bd_0/ip/ip_1/bd_9a87_psr_aclk_0_board.xdc] for cell 'soc_i/smartconnect_0/inst/clk_map/psr_aclk/U0'
Parsing XDC File [/home/yutong/RISC-V_SoC/vivado/soc/soc.srcs/sources_1/bd/soc/ip/soc_smartconnect_0_0/bd_0/ip/ip_1/bd_9a87_psr_aclk_0.xdc] for cell 'soc_i/smartconnect_0/inst/clk_map/psr_aclk/U0'
Finished Parsing XDC File [/home/yutong/RISC-V_SoC/vivado/soc/soc.srcs/sources_1/bd/soc/ip/soc_smartconnect_0_0/bd_0/ip/ip_1/bd_9a87_psr_aclk_0.xdc] for cell 'soc_i/smartconnect_0/inst/clk_map/psr_aclk/U0'
Parsing XDC File [/home/yutong/RISC-V_SoC/vivado/soc/soc.srcs/sources_1/bd/soc/ip/soc_rst_ps7_0_50M_0/soc_rst_ps7_0_50M_0_board.xdc] for cell 'soc_i/rst_ps7_0_50M/U0'
Finished Parsing XDC File [/home/yutong/RISC-V_SoC/vivado/soc/soc.srcs/sources_1/bd/soc/ip/soc_rst_ps7_0_50M_0/soc_rst_ps7_0_50M_0_board.xdc] for cell 'soc_i/rst_ps7_0_50M/U0'
Parsing XDC File [/home/yutong/RISC-V_SoC/vivado/soc/soc.srcs/sources_1/bd/soc/ip/soc_rst_ps7_0_50M_0/soc_rst_ps7_0_50M_0.xdc] for cell 'soc_i/rst_ps7_0_50M/U0'
Finished Parsing XDC File [/home/yutong/RISC-V_SoC/vivado/soc/soc.srcs/sources_1/bd/soc/ip/soc_rst_ps7_0_50M_0/soc_rst_ps7_0_50M_0.xdc] for cell 'soc_i/rst_ps7_0_50M/U0'
Parsing XDC File [/home/yutong/RISC-V_SoC/src/pynq-z2_v1.0.xdc]
WARNING: [Vivado 12-507] No nets matched 'riscv_jtag_tck_IBUF_BUFG'. [/home/yutong/RISC-V_SoC/src/pynq-z2_v1.0.xdc:84]
CRITICAL WARNING: [Common 17-55] 'set_property' expects at least one object. [/home/yutong/RISC-V_SoC/src/pynq-z2_v1.0.xdc:84]
Resolution: If [get_<value>] was used to populate the object, check to make sure this command returns at least one valid object.
Finished Parsing XDC File [/home/yutong/RISC-V_SoC/src/pynq-z2_v1.0.xdc]
Parsing XDC File [/home/yutong/RISC-V_SoC/src/soc.sdc]
Finished Parsing XDC File [/home/yutong/RISC-V_SoC/src/soc.sdc]
Parsing XDC File [/home/yutong/RISC-V_SoC/vivado/soc/soc.srcs/sources_1/bd/soc/ip/soc_auto_us_0/soc_auto_us_0_clocks.xdc] for cell 'soc_i/axi_interconnect_0/s00_couplers/auto_us/inst'
Finished Parsing XDC File [/home/yutong/RISC-V_SoC/vivado/soc/soc.srcs/sources_1/bd/soc/ip/soc_auto_us_0/soc_auto_us_0_clocks.xdc] for cell 'soc_i/axi_interconnect_0/s00_couplers/auto_us/inst'
Sourcing Tcl File [/tools/Xilinx/Vivado/2018.3/data/ip/xpm/xpm_cdc/tcl/xpm_cdc_async_rst.tcl] for cell 'soc_i/axi_interconnect_0/s00_couplers/auto_pc/inst/gen_axi4_axi3.axi3_conv_inst/USE_READ.USE_SPLIT_R.read_addr_inst/USE_R_CHANNEL.cmd_queue/inst/fifo_gen_inst/inst_fifo_gen/gconvfifo.rf/grf.rf/rstblk/ngwrdrst.grst.g7serrst.gnsckt_wrst.rst_wr_reg2_inst'
INFO: [Common 17-41] Interrupt caught. Command should exit soon. [/tools/Xilinx/Vivado/2018.3/data/ip/xpm/xpm_cdc/tcl/xpm_cdc_async_rst.tcl:2]
INFO: [Timing 38-35] Done setting XDC timing constraints. [/tools/Xilinx/Vivado/2018.3/data/ip/xpm/xpm_cdc/tcl/xpm_cdc_async_rst.tcl:2]
all_registers: Time (s): cpu = 00:00:21 ; elapsed = 00:01:20 . Memory (MB): peak = 7712.242 ; gain = 554.562 ; free physical = 2033 ; free virtual = 6869
INFO: [Common 17-344] 'all_registers' was cancelled [/tools/Xilinx/Vivado/2018.3/data/ip/xpm/xpm_cdc/tcl/xpm_cdc_async_rst.tcl:2]
Finished Sourcing Tcl File [/tools/Xilinx/Vivado/2018.3/data/ip/xpm/xpm_cdc/tcl/xpm_cdc_async_rst.tcl] for cell 'soc_i/axi_interconnect_0/s00_couplers/auto_pc/inst/gen_axi4_axi3.axi3_conv_inst/USE_READ.USE_SPLIT_R.read_addr_inst/USE_R_CHANNEL.cmd_queue/inst/fifo_gen_inst/inst_fifo_gen/gconvfifo.rf/grf.rf/rstblk/ngwrdrst.grst.g7serrst.gnsckt_wrst.rst_wr_reg2_inst'
Sourcing Tcl File [/tools/Xilinx/Vivado/2018.3/data/ip/xpm/xpm_cdc/tcl/xpm_cdc_async_rst.tcl] for cell 'soc_i/axi_interconnect_0/s00_couplers/auto_pc/inst/gen_axi4_axi3.axi3_conv_inst/USE_WRITE.write_addr_inst/USE_BURSTS.cmd_queue/inst/fifo_gen_inst/inst_fifo_gen/gconvfifo.rf/grf.rf/rstblk/ngwrdrst.grst.g7serrst.gnsckt_wrst.rst_wr_reg2_inst'
Finished Sourcing Tcl File [/tools/Xilinx/Vivado/2018.3/data/ip/xpm/xpm_cdc/tcl/xpm_cdc_async_rst.tcl] for cell 'soc_i/axi_interconnect_0/s00_couplers/auto_pc/inst/gen_axi4_axi3.axi3_conv_inst/USE_WRITE.write_addr_inst/USE_BURSTS.cmd_queue/inst/fifo_gen_inst/inst_fifo_gen/gconvfifo.rf/grf.rf/rstblk/ngwrdrst.grst.g7serrst.gnsckt_wrst.rst_wr_reg2_inst'
Sourcing Tcl File [/tools/Xilinx/Vivado/2018.3/data/ip/xpm/xpm_cdc/tcl/xpm_cdc_async_rst.tcl] for cell 'soc_i/axi_interconnect_0/s00_couplers/auto_pc/inst/gen_axi4_axi3.axi3_conv_inst/USE_WRITE.write_addr_inst/USE_B_CHANNEL.cmd_b_queue/inst/fifo_gen_inst/inst_fifo_gen/gconvfifo.rf/grf.rf/rstblk/ngwrdrst.grst.g7serrst.gnsckt_wrst.rst_wr_reg2_inst'
Finished Sourcing Tcl File [/tools/Xilinx/Vivado/2018.3/data/ip/xpm/xpm_cdc/tcl/xpm_cdc_async_rst.tcl] for cell 'soc_i/axi_interconnect_0/s00_couplers/auto_pc/inst/gen_axi4_axi3.axi3_conv_inst/USE_WRITE.write_addr_inst/USE_B_CHANNEL.cmd_b_queue/inst/fifo_gen_inst/inst_fifo_gen/gconvfifo.rf/grf.rf/rstblk/ngwrdrst.grst.g7serrst.gnsckt_wrst.rst_wr_reg2_inst'
Sourcing Tcl File [/tools/Xilinx/Vivado/2018.3/data/ip/xpm/xpm_memory/tcl/xpm_memory_xdc.tcl] for cell 'soc_i/smartconnect_0/inst/m00_nodes/m00_ar_node/inst/inst_mi_handler/gen_normal_area.gen_node_prog_full.inst_node_prog_full/gen_xpm_memory_fifo.inst_fifo/gen_mem_rep[0].inst_xpm_memory'
Finished Sourcing Tcl File [/tools/Xilinx/Vivado/2018.3/data/ip/xpm/xpm_memory/tcl/xpm_memory_xdc.tcl] for cell 'soc_i/smartconnect_0/inst/m00_nodes/m00_ar_node/inst/inst_mi_handler/gen_normal_area.gen_node_prog_full.inst_node_prog_full/gen_xpm_memory_fifo.inst_fifo/gen_mem_rep[0].inst_xpm_memory'
Sourcing Tcl File [/tools/Xilinx/Vivado/2018.3/data/ip/xpm/xpm_memory/tcl/xpm_memory_xdc.tcl] for cell 'soc_i/smartconnect_0/inst/m01_nodes/m01_w_node/inst/inst_mi_handler/gen_normal_area.gen_node_prog_full.inst_node_prog_full/gen_xpm_memory_fifo.inst_fifo/gen_mem_rep[0].inst_xpm_memory'
Finished Sourcing Tcl File [/tools/Xilinx/Vivado/2018.3/data/ip/xpm/xpm_memory/tcl/xpm_memory_xdc.tcl] for cell 'soc_i/smartconnect_0/inst/m01_nodes/m01_w_node/inst/inst_mi_handler/gen_normal_area.gen_node_prog_full.inst_node_prog_full/gen_xpm_memory_fifo.inst_fifo/gen_mem_rep[0].inst_xpm_memory'
Sourcing Tcl File [/tools/Xilinx/Vivado/2018.3/data/ip/xpm/xpm_memory/tcl/xpm_memory_xdc.tcl] for cell 'soc_i/smartconnect_0/inst/m01_nodes/m01_aw_node/inst/inst_mi_handler/gen_normal_area.gen_node_prog_full.inst_node_prog_full/gen_xpm_memory_fifo.inst_fifo/gen_mem_rep[0].inst_xpm_memory'
Finished Sourcing Tcl File [/tools/Xilinx/Vivado/2018.3/data/ip/xpm/xpm_memory/tcl/xpm_memory_xdc.tcl] for cell 'soc_i/smartconnect_0/inst/m01_nodes/m01_aw_node/inst/inst_mi_handler/gen_normal_area.gen_node_prog_full.inst_node_prog_full/gen_xpm_memory_fifo.inst_fifo/gen_mem_rep[0].inst_xpm_memory'
Sourcing Tcl File [/tools/Xilinx/Vivado/2018.3/data/ip/xpm/xpm_memory/tcl/xpm_memory_xdc.tcl] for cell 'soc_i/smartconnect_0/inst/m01_nodes/m01_ar_node/inst/inst_mi_handler/gen_normal_area.gen_node_prog_full.inst_node_prog_full/gen_xpm_memory_fifo.inst_fifo/gen_mem_rep[0].inst_xpm_memory'
Finished Sourcing Tcl File [/tools/Xilinx/Vivado/2018.3/data/ip/xpm/xpm_memory/tcl/xpm_memory_xdc.tcl] for cell 'soc_i/smartconnect_0/inst/m01_nodes/m01_ar_node/inst/inst_mi_handler/gen_normal_area.gen_node_prog_full.inst_node_prog_full/gen_xpm_memory_fifo.inst_fifo/gen_mem_rep[0].inst_xpm_memory'
Sourcing Tcl File [/tools/Xilinx/Vivado/2018.3/data/ip/xpm/xpm_memory/tcl/xpm_memory_xdc.tcl] for cell 'soc_i/smartconnect_0/inst/m00_nodes/m00_w_node/inst/inst_mi_handler/gen_normal_area.gen_node_prog_full.inst_node_prog_full/gen_xpm_memory_fifo.inst_fifo/gen_mem_rep[0].inst_xpm_memory'
Finished Sourcing Tcl File [/tools/Xilinx/Vivado/2018.3/data/ip/xpm/xpm_memory/tcl/xpm_memory_xdc.tcl] for cell 'soc_i/smartconnect_0/inst/m00_nodes/m00_w_node/inst/inst_mi_handler/gen_normal_area.gen_node_prog_full.inst_node_prog_full/gen_xpm_memory_fifo.inst_fifo/gen_mem_rep[0].inst_xpm_memory'
Sourcing Tcl File [/tools/Xilinx/Vivado/2018.3/data/ip/xpm/xpm_memory/tcl/xpm_memory_xdc.tcl] for cell 'soc_i/smartconnect_0/inst/m00_nodes/m00_aw_node/inst/inst_mi_handler/gen_normal_area.gen_node_prog_full.inst_node_prog_full/gen_xpm_memory_fifo.inst_fifo/gen_mem_rep[0].inst_xpm_memory'
Finished Sourcing Tcl File [/tools/Xilinx/Vivado/2018.3/data/ip/xpm/xpm_memory/tcl/xpm_memory_xdc.tcl] for cell 'soc_i/smartconnect_0/inst/m00_nodes/m00_aw_node/inst/inst_mi_handler/gen_normal_area.gen_node_prog_full.inst_node_prog_full/gen_xpm_memory_fifo.inst_fifo/gen_mem_rep[0].inst_xpm_memory'
Sourcing Tcl File [/tools/Xilinx/Vivado/2018.3/data/ip/xpm/xpm_memory/tcl/xpm_memory_xdc.tcl] for cell 'soc_i/smartconnect_0/inst/s00_nodes/s00_r_node/inst/inst_mi_handler/gen_normal_area.gen_node_prog_full.inst_node_prog_full/gen_xpm_memory_fifo.inst_fifo/gen_mem_rep[0].inst_xpm_memory'
Finished Sourcing Tcl File [/tools/Xilinx/Vivado/2018.3/data/ip/xpm/xpm_memory/tcl/xpm_memory_xdc.tcl] for cell 'soc_i/smartconnect_0/inst/s00_nodes/s00_r_node/inst/inst_mi_handler/gen_normal_area.gen_node_prog_full.inst_node_prog_full/gen_xpm_memory_fifo.inst_fifo/gen_mem_rep[0].inst_xpm_memory'
Sourcing Tcl File [/tools/Xilinx/Vivado/2018.3/data/ip/xpm/xpm_memory/tcl/xpm_memory_xdc.tcl] for cell 'soc_i/smartconnect_0/inst/s00_nodes/s00_b_node/inst/inst_mi_handler/gen_normal_area.gen_node_prog_full.inst_node_prog_full/gen_xpm_memory_fifo.inst_fifo/gen_mem_rep[0].inst_xpm_memory'
Finished Sourcing Tcl File [/tools/Xilinx/Vivado/2018.3/data/ip/xpm/xpm_memory/tcl/xpm_memory_xdc.tcl] for cell 'soc_i/smartconnect_0/inst/s00_nodes/s00_b_node/inst/inst_mi_handler/gen_normal_area.gen_node_prog_full.inst_node_prog_full/gen_xpm_memory_fifo.inst_fifo/gen_mem_rep[0].inst_xpm_memory'
Sourcing Tcl File [/tools/Xilinx/Vivado/2018.3/data/ip/xpm/xpm_memory/tcl/xpm_memory_xdc.tcl] for cell 'soc_i/smartconnect_0/inst/m00_nodes/m00_ar_node/inst/inst_mi_handler/gen_normal_area.inst_fifo_node_payld/gen_xpm_memory_fifo.inst_fifo/gen_mem_rep[0].inst_xpm_memory'
Finished Sourcing Tcl File [/tools/Xilinx/Vivado/2018.3/data/ip/xpm/xpm_memory/tcl/xpm_memory_xdc.tcl] for cell 'soc_i/smartconnect_0/inst/m00_nodes/m00_ar_node/inst/inst_mi_handler/gen_normal_area.inst_fifo_node_payld/gen_xpm_memory_fifo.inst_fifo/gen_mem_rep[0].inst_xpm_memory'
Sourcing Tcl File [/tools/Xilinx/Vivado/2018.3/data/ip/xpm/xpm_memory/tcl/xpm_memory_xdc.tcl] for cell 'soc_i/smartconnect_0/inst/m01_nodes/m01_aw_node/inst/inst_mi_handler/gen_normal_area.inst_fifo_node_payld/gen_xpm_memory_fifo.inst_fifo/gen_mem_rep[0].inst_xpm_memory'
Finished Sourcing Tcl File [/tools/Xilinx/Vivado/2018.3/data/ip/xpm/xpm_memory/tcl/xpm_memory_xdc.tcl] for cell 'soc_i/smartconnect_0/inst/m01_nodes/m01_aw_node/inst/inst_mi_handler/gen_normal_area.inst_fifo_node_payld/gen_xpm_memory_fifo.inst_fifo/gen_mem_rep[0].inst_xpm_memory'
Sourcing Tcl File [/tools/Xilinx/Vivado/2018.3/data/ip/xpm/xpm_memory/tcl/xpm_memory_xdc.tcl] for cell 'soc_i/smartconnect_0/inst/m01_nodes/m01_ar_node/inst/inst_mi_handler/gen_normal_area.inst_fifo_node_payld/gen_xpm_memory_fifo.inst_fifo/gen_mem_rep[0].inst_xpm_memory'
Finished Sourcing Tcl File [/tools/Xilinx/Vivado/2018.3/data/ip/xpm/xpm_memory/tcl/xpm_memory_xdc.tcl] for cell 'soc_i/smartconnect_0/inst/m01_nodes/m01_ar_node/inst/inst_mi_handler/gen_normal_area.inst_fifo_node_payld/gen_xpm_memory_fifo.inst_fifo/gen_mem_rep[0].inst_xpm_memory'
Sourcing Tcl File [/tools/Xilinx/Vivado/2018.3/data/ip/xpm/xpm_memory/tcl/xpm_memory_xdc.tcl] for cell 'soc_i/smartconnect_0/inst/m00_nodes/m00_aw_node/inst/inst_mi_handler/gen_normal_area.inst_fifo_node_payld/gen_xpm_memory_fifo.inst_fifo/gen_mem_rep[0].inst_xpm_memory'
Finished Sourcing Tcl File [/tools/Xilinx/Vivado/2018.3/data/ip/xpm/xpm_memory/tcl/xpm_memory_xdc.tcl] for cell 'soc_i/smartconnect_0/inst/m00_nodes/m00_aw_node/inst/inst_mi_handler/gen_normal_area.inst_fifo_node_payld/gen_xpm_memory_fifo.inst_fifo/gen_mem_rep[0].inst_xpm_memory'
Sourcing Tcl File [/tools/Xilinx/Vivado/2018.3/data/ip/xpm/xpm_memory/tcl/xpm_memory_xdc.tcl] for cell 'soc_i/smartconnect_0/inst/m00_nodes/m00_b_node/inst/inst_mi_handler/gen_normal_area.gen_fifo_req.inst_fifo_req/gen_xpm_memory_fifo.inst_fifo/gen_mem_rep[0].inst_xpm_memory'
Finished Sourcing Tcl File [/tools/Xilinx/Vivado/2018.3/data/ip/xpm/xpm_memory/tcl/xpm_memory_xdc.tcl] for cell 'soc_i/smartconnect_0/inst/m00_nodes/m00_b_node/inst/inst_mi_handler/gen_normal_area.gen_fifo_req.inst_fifo_req/gen_xpm_memory_fifo.inst_fifo/gen_mem_rep[0].inst_xpm_memory'
Sourcing Tcl File [/tools/Xilinx/Vivado/2018.3/data/ip/xpm/xpm_memory/tcl/xpm_memory_xdc.tcl] for cell 'soc_i/smartconnect_0/inst/m01_nodes/m01_r_node/inst/inst_mi_handler/gen_normal_area.gen_fifo_req.inst_fifo_req/gen_xpm_memory_fifo.inst_fifo/gen_mem_rep[0].inst_xpm_memory'
Finished Sourcing Tcl File [/tools/Xilinx/Vivado/2018.3/data/ip/xpm/xpm_memory/tcl/xpm_memory_xdc.tcl] for cell 'soc_i/smartconnect_0/inst/m01_nodes/m01_r_node/inst/inst_mi_handler/gen_normal_area.gen_fifo_req.inst_fifo_req/gen_xpm_memory_fifo.inst_fifo/gen_mem_rep[0].inst_xpm_memory'
Sourcing Tcl File [/tools/Xilinx/Vivado/2018.3/data/ip/xpm/xpm_memory/tcl/xpm_memory_xdc.tcl] for cell 'soc_i/smartconnect_0/inst/m01_nodes/m01_b_node/inst/inst_mi_handler/gen_normal_area.gen_fifo_req.inst_fifo_req/gen_xpm_memory_fifo.inst_fifo/gen_mem_rep[0].inst_xpm_memory'
Finished Sourcing Tcl File [/tools/Xilinx/Vivado/2018.3/data/ip/xpm/xpm_memory/tcl/xpm_memory_xdc.tcl] for cell 'soc_i/smartconnect_0/inst/m01_nodes/m01_b_node/inst/inst_mi_handler/gen_normal_area.gen_fifo_req.inst_fifo_req/gen_xpm_memory_fifo.inst_fifo/gen_mem_rep[0].inst_xpm_memory'
Sourcing Tcl File [/tools/Xilinx/Vivado/2018.3/data/ip/xpm/xpm_memory/tcl/xpm_memory_xdc.tcl] for cell 'soc_i/smartconnect_0/inst/m00_nodes/m00_r_node/inst/inst_mi_handler/gen_normal_area.gen_fifo_req.inst_fifo_req/gen_xpm_memory_fifo.inst_fifo/gen_mem_rep[0].inst_xpm_memory'
Finished Sourcing Tcl File [/tools/Xilinx/Vivado/2018.3/data/ip/xpm/xpm_memory/tcl/xpm_memory_xdc.tcl] for cell 'soc_i/smartconnect_0/inst/m00_nodes/m00_r_node/inst/inst_mi_handler/gen_normal_area.gen_fifo_req.inst_fifo_req/gen_xpm_memory_fifo.inst_fifo/gen_mem_rep[0].inst_xpm_memory'
Sourcing Tcl File [/tools/Xilinx/Vivado/2018.3/data/ip/xpm/xpm_memory/tcl/xpm_memory_xdc.tcl] for cell 'soc_i/smartconnect_0/inst/m00_nodes/m00_b_node/inst/inst_mi_handler/gen_normal_area.inst_fifo_node_payld/gen_xpm_memory_fifo.inst_fifo/gen_mem_rep[0].inst_xpm_memory'
Finished Sourcing Tcl File [/tools/Xilinx/Vivado/2018.3/data/ip/xpm/xpm_memory/tcl/xpm_memory_xdc.tcl] for cell 'soc_i/smartconnect_0/inst/m00_nodes/m00_b_node/inst/inst_mi_handler/gen_normal_area.inst_fifo_node_payld/gen_xpm_memory_fifo.inst_fifo/gen_mem_rep[0].inst_xpm_memory'
Sourcing Tcl File [/tools/Xilinx/Vivado/2018.3/data/ip/xpm/xpm_memory/tcl/xpm_memory_xdc.tcl] for cell 'soc_i/smartconnect_0/inst/m01_nodes/m01_b_node/inst/inst_mi_handler/gen_normal_area.inst_fifo_node_payld/gen_xpm_memory_fifo.inst_fifo/gen_mem_rep[0].inst_xpm_memory'
Finished Sourcing Tcl File [/tools/Xilinx/Vivado/2018.3/data/ip/xpm/xpm_memory/tcl/xpm_memory_xdc.tcl] for cell 'soc_i/smartconnect_0/inst/m01_nodes/m01_b_node/inst/inst_mi_handler/gen_normal_area.inst_fifo_node_payld/gen_xpm_memory_fifo.inst_fifo/gen_mem_rep[0].inst_xpm_memory'
Sourcing Tcl File [/tools/Xilinx/Vivado/2018.3/data/ip/xpm/xpm_memory/tcl/xpm_memory_xdc.tcl] for cell 'soc_i/smartconnect_0/inst/m00_nodes/m00_r_node/inst/inst_mi_handler/gen_normal_area.inst_fifo_node_payld/gen_xpm_memory_fifo.inst_fifo/gen_mem_rep[0].inst_xpm_memory'
Finished Sourcing Tcl File [/tools/Xilinx/Vivado/2018.3/data/ip/xpm/xpm_memory/tcl/xpm_memory_xdc.tcl] for cell 'soc_i/smartconnect_0/inst/m00_nodes/m00_r_node/inst/inst_mi_handler/gen_normal_area.inst_fifo_node_payld/gen_xpm_memory_fifo.inst_fifo/gen_mem_rep[0].inst_xpm_memory'
Sourcing Tcl File [/tools/Xilinx/Vivado/2018.3/data/ip/xpm/xpm_memory/tcl/xpm_memory_xdc.tcl] for cell 'soc_i/smartconnect_0/inst/s00_nodes/s00_w_node/inst/inst_mi_handler/gen_normal_area.inst_fifo_node_payld/gen_xpm_memory_fifo.inst_fifo/gen_mem_rep[0].inst_xpm_memory'
Finished Sourcing Tcl File [/tools/Xilinx/Vivado/2018.3/data/ip/xpm/xpm_memory/tcl/xpm_memory_xdc.tcl] for cell 'soc_i/smartconnect_0/inst/s00_nodes/s00_w_node/inst/inst_mi_handler/gen_normal_area.inst_fifo_node_payld/gen_xpm_memory_fifo.inst_fifo/gen_mem_rep[0].inst_xpm_memory'
Sourcing Tcl File [/tools/Xilinx/Vivado/2018.3/data/ip/xpm/xpm_memory/tcl/xpm_memory_xdc.tcl] for cell 'soc_i/smartconnect_0/inst/m01_nodes/m01_r_node/inst/inst_mi_handler/gen_normal_area.inst_fifo_node_payld/gen_xpm_memory_fifo.inst_fifo/gen_mem_rep[0].inst_xpm_memory'
Finished Sourcing Tcl File [/tools/Xilinx/Vivado/2018.3/data/ip/xpm/xpm_memory/tcl/xpm_memory_xdc.tcl] for cell 'soc_i/smartconnect_0/inst/m01_nodes/m01_r_node/inst/inst_mi_handler/gen_normal_area.inst_fifo_node_payld/gen_xpm_memory_fifo.inst_fifo/gen_mem_rep[0].inst_xpm_memory'
Sourcing Tcl File [/tools/Xilinx/Vivado/2018.3/data/ip/xpm/xpm_memory/tcl/xpm_memory_xdc.tcl] for cell 'soc_i/smartconnect_0/inst/m00_nodes/m00_w_node/inst/inst_mi_handler/gen_normal_area.inst_fifo_node_payld/gen_xpm_memory_fifo.inst_fifo/gen_mem_rep[0].inst_xpm_memory'
Finished Sourcing Tcl File [/tools/Xilinx/Vivado/2018.3/data/ip/xpm/xpm_memory/tcl/xpm_memory_xdc.tcl] for cell 'soc_i/smartconnect_0/inst/m00_nodes/m00_w_node/inst/inst_mi_handler/gen_normal_area.inst_fifo_node_payld/gen_xpm_memory_fifo.inst_fifo/gen_mem_rep[0].inst_xpm_memory'
Sourcing Tcl File [/tools/Xilinx/Vivado/2018.3/data/ip/xpm/xpm_memory/tcl/xpm_memory_xdc.tcl] for cell 'soc_i/smartconnect_0/inst/s00_nodes/s00_r_node/inst/inst_mi_handler/gen_normal_area.inst_fifo_node_payld/gen_xpm_memory_fifo.inst_fifo/gen_mem_rep[0].inst_xpm_memory'
Finished Sourcing Tcl File [/tools/Xilinx/Vivado/2018.3/data/ip/xpm/xpm_memory/tcl/xpm_memory_xdc.tcl] for cell 'soc_i/smartconnect_0/inst/s00_nodes/s00_r_node/inst/inst_mi_handler/gen_normal_area.inst_fifo_node_payld/gen_xpm_memory_fifo.inst_fifo/gen_mem_rep[0].inst_xpm_memory'
Sourcing Tcl File [/tools/Xilinx/Vivado/2018.3/data/ip/xpm/xpm_memory/tcl/xpm_memory_xdc.tcl] for cell 'soc_i/smartconnect_0/inst/m01_nodes/m01_w_node/inst/inst_mi_handler/gen_normal_area.inst_fifo_node_payld/gen_xpm_memory_fifo.inst_fifo/gen_mem_rep[0].inst_xpm_memory'
Finished Sourcing Tcl File [/tools/Xilinx/Vivado/2018.3/data/ip/xpm/xpm_memory/tcl/xpm_memory_xdc.tcl] for cell 'soc_i/smartconnect_0/inst/m01_nodes/m01_w_node/inst/inst_mi_handler/gen_normal_area.inst_fifo_node_payld/gen_xpm_memory_fifo.inst_fifo/gen_mem_rep[0].inst_xpm_memory'
Sourcing Tcl File [/tools/Xilinx/Vivado/2018.3/data/ip/xpm/xpm_memory/tcl/xpm_memory_xdc.tcl] for cell 'soc_i/smartconnect_0/inst/s00_nodes/s00_ar_node/inst/inst_mi_handler/gen_normal_area.gen_fifo_req.inst_fifo_req/gen_xpm_memory_fifo.inst_fifo/gen_mem_rep[0].inst_xpm_memory'
Finished Sourcing Tcl File [/tools/Xilinx/Vivado/2018.3/data/ip/xpm/xpm_memory/tcl/xpm_memory_xdc.tcl] for cell 'soc_i/smartconnect_0/inst/s00_nodes/s00_ar_node/inst/inst_mi_handler/gen_normal_area.gen_fifo_req.inst_fifo_req/gen_xpm_memory_fifo.inst_fifo/gen_mem_rep[0].inst_xpm_memory'
Sourcing Tcl File [/tools/Xilinx/Vivado/2018.3/data/ip/xpm/xpm_memory/tcl/xpm_memory_xdc.tcl] for cell 'soc_i/smartconnect_0/inst/s00_nodes/s00_w_node/inst/inst_mi_handler/gen_normal_area.gen_fifo_req.inst_fifo_req/gen_xpm_memory_fifo.inst_fifo/gen_mem_rep[0].inst_xpm_memory'
Finished Sourcing Tcl File [/tools/Xilinx/Vivado/2018.3/data/ip/xpm/xpm_memory/tcl/xpm_memory_xdc.tcl] for cell 'soc_i/smartconnect_0/inst/s00_nodes/s00_w_node/inst/inst_mi_handler/gen_normal_area.gen_fifo_req.inst_fifo_req/gen_xpm_memory_fifo.inst_fifo/gen_mem_rep[0].inst_xpm_memory'
Sourcing Tcl File [/tools/Xilinx/Vivado/2018.3/data/ip/xpm/xpm_memory/tcl/xpm_memory_xdc.tcl] for cell 'soc_i/smartconnect_0/inst/s00_nodes/s00_aw_node/inst/inst_mi_handler/gen_normal_area.gen_fifo_req.inst_fifo_req/gen_xpm_memory_fifo.inst_fifo/gen_mem_rep[0].inst_xpm_memory'
Finished Sourcing Tcl File [/tools/Xilinx/Vivado/2018.3/data/ip/xpm/xpm_memory/tcl/xpm_memory_xdc.tcl] for cell 'soc_i/smartconnect_0/inst/s00_nodes/s00_aw_node/inst/inst_mi_handler/gen_normal_area.gen_fifo_req.inst_fifo_req/gen_xpm_memory_fifo.inst_fifo/gen_mem_rep[0].inst_xpm_memory'
Sourcing Tcl File [/tools/Xilinx/Vivado/2018.3/data/ip/xpm/xpm_memory/tcl/xpm_memory_xdc.tcl] for cell 'soc_i/smartconnect_0/inst/s00_nodes/s00_ar_node/inst/inst_mi_handler/gen_normal_area.inst_fifo_node_payld/gen_xpm_memory_fifo.inst_fifo/gen_mem_rep[0].inst_xpm_memory'
Finished Sourcing Tcl File [/tools/Xilinx/Vivado/2018.3/data/ip/xpm/xpm_memory/tcl/xpm_memory_xdc.tcl] for cell 'soc_i/smartconnect_0/inst/s00_nodes/s00_ar_node/inst/inst_mi_handler/gen_normal_area.inst_fifo_node_payld/gen_xpm_memory_fifo.inst_fifo/gen_mem_rep[0].inst_xpm_memory'
Sourcing Tcl File [/tools/Xilinx/Vivado/2018.3/data/ip/xpm/xpm_memory/tcl/xpm_memory_xdc.tcl] for cell 'soc_i/smartconnect_0/inst/s00_nodes/s00_aw_node/inst/inst_mi_handler/gen_normal_area.inst_fifo_node_payld/gen_xpm_memory_fifo.inst_fifo/gen_mem_rep[0].inst_xpm_memory'
Finished Sourcing Tcl File [/tools/Xilinx/Vivado/2018.3/data/ip/xpm/xpm_memory/tcl/xpm_memory_xdc.tcl] for cell 'soc_i/smartconnect_0/inst/s00_nodes/s00_aw_node/inst/inst_mi_handler/gen_normal_area.inst_fifo_node_payld/gen_xpm_memory_fifo.inst_fifo/gen_mem_rep[0].inst_xpm_memory'
Sourcing Tcl File [/tools/Xilinx/Vivado/2018.3/data/ip/xpm/xpm_memory/tcl/xpm_memory_xdc.tcl] for cell 'soc_i/smartconnect_0/inst/s00_nodes/s00_b_node/inst/inst_mi_handler/gen_normal_area.inst_fifo_node_payld/gen_xpm_memory_fifo.inst_fifo/gen_mem_rep[0].inst_xpm_memory'
Finished Sourcing Tcl File [/tools/Xilinx/Vivado/2018.3/data/ip/xpm/xpm_memory/tcl/xpm_memory_xdc.tcl] for cell 'soc_i/smartconnect_0/inst/s00_nodes/s00_b_node/inst/inst_mi_handler/gen_normal_area.inst_fifo_node_payld/gen_xpm_memory_fifo.inst_fifo/gen_mem_rep[0].inst_xpm_memory'
INFO: [Opt 31-138] Pushed 0 inverter(s) to 0 load pin(s).
open_run: Time (s): cpu = 00:01:29 ; elapsed = 00:03:55 . Memory (MB): peak = 7712.242 ; gain = 936.133 ; free physical = 2267 ; free virtual = 7104
INFO: [Common 17-344] 'open_run' was cancelled
set_property strategy {Vivado Implementation Defaults} [get_runs impl_2]
launch_runs impl_2 -jobs 2
[Mon May 22 20:31:35 2023] Launched impl_2...
Run output will be captured here: /home/yutong/RISC-V_SoC/vivado/soc/soc.runs/impl_2/runme.log
reset_run impl_2
WARNING: [Vivado 12-1017] Problems encountered:
1. PID not specified

exit
INFO: [Common 17-206] Exiting Vivado at Mon May 22 20:32:17 2023...
