#-----------------------------------------------------------
# Vivado v2018.3 (64-bit)
# SW Build 2405991 on Thu Dec  6 23:36:41 MST 2018
# IP Build 2404404 on Fri Dec  7 01:43:56 MST 2018
# Start of session at: Fri Apr  7 19:08:53 2023
# Process ID: 2246
# Current directory: /home/yutong/RISC-V_SoC/vivado
# Command line: vivado
# Log file: /home/yutong/RISC-V_SoC/vivado/vivado.log
# Journal file: /home/yutong/RISC-V_SoC/vivado/vivado.jou
#-----------------------------------------------------------
start_gui
open_project /home/yutong/RISC-V_SoC/vivado/soc/soc.xpr
Scanning sources...
Finished scanning sources
INFO: [IP_Flow 19-234] Refreshing IP repositories
INFO: [IP_Flow 19-1700] Loaded user IP repository '/home/yutong/RISC-V_SoC'.
WARNING: [IP_Flow 19-3656] If you move the project, the path for repository '/home/yutong/RISC-V_SoC' may become invalid. A better location for the repository would be in a path adjacent to the project. (Current project location is '/home/yutong/RISC-V_SoC/vivado/soc'.)
INFO: [IP_Flow 19-2313] Loaded Vivado IP repository '/tools/Xilinx/Vivado/2018.3/data/ip'.
open_project: Time (s): cpu = 00:00:13 ; elapsed = 00:00:24 . Memory (MB): peak = 6411.418 ; gain = 185.906 ; free physical = 3135 ; free virtual = 8643
update_compile_order -fileset sources_1
open_bd_design {/home/yutong/RISC-V_SoC/vivado/soc/soc.srcs/sources_1/bd/soc/soc.bd}
Adding cell -- xilinx.com:ip:processing_system7:5.5 - processing_system7_0
Adding cell -- xilinx.com:ip:axi_interconnect:2.1 - axi_interconnect_0
Adding cell -- xilinx.com:ip:axi_protocol_converter:2.1 - auto_pc
Adding cell -- xilinx.com:ip:axi_dwidth_converter:2.1 - auto_us
Adding cell -- xilinx.com:ip:smartconnect:1.0 - smartconnect_0
Adding cell -- xilinx.com:ip:axi_apb_bridge:3.0 - axi_apb_bridge_0
Adding cell -- xilinx.com:ip:proc_sys_reset:5.0 - rst_ps7_0_50M
Adding cell -- user.org:user:cpu_wrap:1.0 - cpu_wrap_0
Adding cell -- xilinx.com:ip:clk_wiz:6.0 - clk_wiz_0
WARNING: [BD 41-1731] Type mismatch between connected pins: /processing_system7_0/FCLK_CLK1(clk) and /cpu_wrap_0/clk_32k(undef)
WARNING: [BD 41-1731] Type mismatch between connected pins: /clk_wiz_0/clk_out1(clk) and /cpu_wrap_0/rmii_refclk(undef)
Successfully read diagram <soc> from BD file </home/yutong/RISC-V_SoC/vivado/soc/soc.srcs/sources_1/bd/soc/soc.bd>
startgroup
set_property -dict [list CONFIG.JITTER_SEL {No_Jitter} CONFIG.PRIM_SOURCE {Single_ended_clock_capable_pin} CONFIG.MMCM_DIVCLK_DIVIDE {1} CONFIG.MMCM_BANDWIDTH {OPTIMIZED} CONFIG.CLKOUT1_JITTER {192.113} CONFIG.CLKOUT1_PHASE_ERROR {164.985}] [get_bd_cells clk_wiz_0]
endgroup
